<?xml version="1.0" encoding="utf-8" ?>
<!-- DO NOT EDIT THIS FILE -->

<log version='2.0' source='trc'>
	<msg id='1' display='false' source='trc'>
		<type>PROCESS_START</type>
		<severity>INFO</severity>
		<timestamp>Mon Mar 19 23:41:23 2018</timestamp>
		<arg name='process'>C:\Users\josh\Desktop\Vector_Tutorial_Introduction\Vector_Tutorial_Introduction\x64\Release\Vectorization_Advisor.exe</arg>
		<arg name='pid'>6164</arg>
	</msg>
	<!-- Instrumentation filter's state:
    Patterns applicability:
        Generic loop pattern.....................: enabled
        Generic loop pattern (with dynamic jumps): enabled
        Known trip value loop pattern............: enabled
        Runtime final value loop pattern.........: enabled
        No initial IV loop pattern...............: enabled
        IV step only loop pattern................: enabled
        No entry loop pattern....................: enabled
    Clustered memory model (CMM) applicability:
        Generic loop pattern.....................: enabled
        Generic loop pattern (with dynamic jumps): enabled
        Known trip value loop pattern............: enabled
        Runtime final value loop pattern.........: enabled
        No initial IV loop pattern...............: enabled
        IV step only loop pattern................: enabled
        No entry loop pattern....................: disabled
 -->
	<!-- Callstack mode:
    filter modules.: true
    filter loops...: false
    filter routines: true
    count loops....: false
    count flops....: false
    trace..........: false
    dump raw.......: false
    dump final.....: false
    dump all.......: false
 -->
	<msg id='2' display='false' source='trc'>
		<type>PROCESS_ANALYSIS_MODE</type>
		<severity>INFO</severity>
		<timestamp>Mon Mar 19 23:41:24 2018</timestamp>
		<arg name='mode'>full</arg>
	</msg>
	<msg id='3' display='false' source='trc'>
		<type>LOAD_MODULE</type>
		<severity>INFO</severity>
		<timestamp>Mon Mar 19 23:41:24 2018</timestamp>
		<arg name='module'>C:\Users\josh\Desktop\Vector_Tutorial_Introduction\Vector_Tutorial_Introduction\x64\Release\Vectorization_Advisor.exe</arg>
		<arg name='basement'>0x7ff6b2440000</arg>
		<arg name='ceiling'>0x7ff6b6e24fff</arg>
	</msg>
	<!-- Instrumenting image: id = 1, name = C:\Users\josh\Desktop\Vector_Tutorial_Introduction\Vector_Tutorial_Introduction\x64\Release\Vectorization_Advisor.exe -->
	<!-- Instrumenting loops in routine "main" -->
	<!-- Instrumenting loops in routine "function" -->
	<!-- Instrumenting loops in routine "std::operator<<" -->
	<msg id='4' display='false' source='trc'>
		<type>LOAD_MODULE</type>
		<severity>INFO</severity>
		<timestamp>Mon Mar 19 23:41:24 2018</timestamp>
		<arg name='module'>C:\WINDOWS\System32\KERNELBASE.dll</arg>
		<arg name='basement'>0x7ffb07610000</arg>
		<arg name='ceiling'>0x7ffb07875fff</arg>
	</msg>
	<!-- Instrumentation of C:\WINDOWS\System32\KERNELBASE.dll image skipped because of filter conditions. -->
	<msg id='5' display='false' source='trc'>
		<type>LOAD_MODULE</type>
		<severity>INFO</severity>
		<timestamp>Mon Mar 19 23:41:24 2018</timestamp>
		<arg name='module'>C:\WINDOWS\System32\KERNEL32.DLL</arg>
		<arg name='basement'>0x7ffb0a070000</arg>
		<arg name='ceiling'>0x7ffb0a11dfff</arg>
	</msg>
	<!-- Instrumentation of C:\WINDOWS\System32\KERNEL32.DLL image skipped because of filter conditions. -->
	<msg id='6' display='false' source='trc'>
		<type>LOAD_MODULE</type>
		<severity>INFO</severity>
		<timestamp>Mon Mar 19 23:41:24 2018</timestamp>
		<arg name='module'>C:\WINDOWS\SYSTEM32\ntdll.dll</arg>
		<arg name='basement'>0x7ffb0abb0000</arg>
		<arg name='ceiling'>0x7ffb0ad8ffff</arg>
	</msg>
	<!-- NtDelayExecution was replaced in ntdll.dll -->
	<!-- Instrumentation of C:\WINDOWS\SYSTEM32\ntdll.dll image skipped because of filter conditions. -->
	<msg id='7' display='false' source='trc'>
		<type>LOAD_MODULE</type>
		<severity>INFO</severity>
		<timestamp>Mon Mar 19 23:41:24 2018</timestamp>
		<arg name='module'>C:\WINDOWS\System32\ucrtbase.dll</arg>
		<arg name='basement'>0x7ffb071a0000</arg>
		<arg name='ceiling'>0x7ffb07295fff</arg>
	</msg>
	<!-- Instrumentation of C:\WINDOWS\System32\ucrtbase.dll image skipped because of filter conditions. -->
	<msg id='8' display='false' source='trc'>
		<type>LOAD_MODULE</type>
		<severity>INFO</severity>
		<timestamp>Mon Mar 19 23:41:24 2018</timestamp>
		<arg name='module'>C:\WINDOWS\SYSTEM32\MSVCP140.dll</arg>
		<arg name='basement'>0x7ffaea4d0000</arg>
		<arg name='ceiling'>0x7ffaea576fff</arg>
	</msg>
	<!-- Instrumentation of C:\WINDOWS\SYSTEM32\MSVCP140.dll image skipped because of filter conditions. -->
	<msg id='9' display='false' source='trc'>
		<type>LOAD_MODULE</type>
		<severity>INFO</severity>
		<timestamp>Mon Mar 19 23:41:24 2018</timestamp>
		<arg name='module'>C:\WINDOWS\SYSTEM32\VCRUNTIME140.dll</arg>
		<arg name='basement'>0x7ffaee280000</arg>
		<arg name='ceiling'>0x7ffaee295fff</arg>
	</msg>
	<!-- Instrumentation of C:\WINDOWS\SYSTEM32\VCRUNTIME140.dll image skipped because of filter conditions [cs-mode]. -->
	<msg id='10' display='false' source='trc'>
		<type>LOAD_MODULE</type>
		<severity>INFO</severity>
		<timestamp>Mon Mar 19 23:41:24 2018</timestamp>
		<arg name='module'>C:\Program Files (x86)\IntelSWTools\compilers_and_libraries_2018\windows\redist\intel64\compiler\svml_dispmd.dll</arg>
		<arg name='basement'>0x7ffac8b20000</arg>
		<arg name='ceiling'>0x7ffaca01dfff</arg>
	</msg>
	<!-- Instrumentation of C:\Program Files (x86)\IntelSWTools\compilers_and_libraries_2018\windows\redist\intel64\compiler\svml_dispmd.dll image skipped because of filter conditions [cs-mode]. -->
	<msg id='11' display='false' source='trc'>
		<type>LOAD_MODULE</type>
		<severity>INFO</severity>
		<timestamp>Mon Mar 19 23:41:24 2018</timestamp>
		<arg name='module'>C:\Program Files (x86)\IntelSWTools\compilers_and_libraries_2018\windows\redist\intel64\compiler\libiomp5md.dll</arg>
		<arg name='basement'>0x7ffac8960000</arg>
		<arg name='ceiling'>0x7ffac8b15fff</arg>
	</msg>
	<!-- Instrumentation of C:\Program Files (x86)\IntelSWTools\compilers_and_libraries_2018\windows\redist\intel64\compiler\libiomp5md.dll image skipped because of filter conditions [cs-mode]. -->
	<msg id='12' display='false' source='trc'>
		<type>LOAD_MODULE</type>
		<severity>INFO</severity>
		<timestamp>Mon Mar 19 23:41:25 2018</timestamp>
		<arg name='module'>C:\WINDOWS\System32\kernel.appcore.dll</arg>
		<arg name='basement'>0x7ffb06f70000</arg>
		<arg name='ceiling'>0x7ffb06f80fff</arg>
	</msg>
	<!-- Instrumentation of C:\WINDOWS\System32\kernel.appcore.dll image skipped because of filter conditions [cs-mode]. -->
	<msg id='13' display='false' source='trc'>
		<type>LOAD_MODULE</type>
		<severity>INFO</severity>
		<timestamp>Mon Mar 19 23:41:25 2018</timestamp>
		<arg name='module'>C:\WINDOWS\System32\msvcrt.dll</arg>
		<arg name='basement'>0x7ffb0a9a0000</arg>
		<arg name='ceiling'>0x7ffb0aa3cfff</arg>
	</msg>
	<!-- Instrumentation of C:\WINDOWS\System32\msvcrt.dll image skipped because of filter conditions [cs-mode]. -->
	<msg id='14' display='false' source='trc'>
		<type>LOAD_MODULE</type>
		<severity>INFO</severity>
		<timestamp>Mon Mar 19 23:41:25 2018</timestamp>
		<arg name='module'>C:\WINDOWS\System32\RPCRT4.dll</arg>
		<arg name='basement'>0x7ffb09cd0000</arg>
		<arg name='ceiling'>0x7ffb09deefff</arg>
	</msg>
	<!-- Instrumentation of C:\WINDOWS\System32\RPCRT4.dll image skipped because of filter conditions [cs-mode]. -->
	<msg id='15' display='false' source='trc'>
		<type>UNLOAD_MODULE</type>
		<severity>INFO</severity>
		<timestamp>Mon Mar 19 23:41:25 2018</timestamp>
		<arg name='module'>C:\Users\josh\Desktop\Vector_Tutorial_Introduction\Vector_Tutorial_Introduction\x64\Release\Vectorization_Advisor.exe</arg>
	</msg>
	<msg id='16' display='false' source='trc'>
		<type>UNLOAD_MODULE</type>
		<severity>INFO</severity>
		<timestamp>Mon Mar 19 23:41:25 2018</timestamp>
		<arg name='module'>C:\WINDOWS\System32\KERNELBASE.dll</arg>
	</msg>
	<msg id='17' display='false' source='trc'>
		<type>UNLOAD_MODULE</type>
		<severity>INFO</severity>
		<timestamp>Mon Mar 19 23:41:25 2018</timestamp>
		<arg name='module'>C:\WINDOWS\System32\KERNEL32.DLL</arg>
	</msg>
	<msg id='18' display='false' source='trc'>
		<type>UNLOAD_MODULE</type>
		<severity>INFO</severity>
		<timestamp>Mon Mar 19 23:41:25 2018</timestamp>
		<arg name='module'>C:\WINDOWS\SYSTEM32\ntdll.dll</arg>
	</msg>
	<msg id='19' display='false' source='trc'>
		<type>UNLOAD_MODULE</type>
		<severity>INFO</severity>
		<timestamp>Mon Mar 19 23:41:25 2018</timestamp>
		<arg name='module'>C:\WINDOWS\System32\ucrtbase.dll</arg>
	</msg>
	<msg id='20' display='false' source='trc'>
		<type>UNLOAD_MODULE</type>
		<severity>INFO</severity>
		<timestamp>Mon Mar 19 23:41:25 2018</timestamp>
		<arg name='module'>C:\WINDOWS\SYSTEM32\MSVCP140.dll</arg>
	</msg>
	<msg id='21' display='false' source='trc'>
		<type>UNLOAD_MODULE</type>
		<severity>INFO</severity>
		<timestamp>Mon Mar 19 23:41:25 2018</timestamp>
		<arg name='module'>C:\WINDOWS\SYSTEM32\VCRUNTIME140.dll</arg>
	</msg>
	<msg id='22' display='false' source='trc'>
		<type>UNLOAD_MODULE</type>
		<severity>INFO</severity>
		<timestamp>Mon Mar 19 23:41:25 2018</timestamp>
		<arg name='module'>C:\Program Files (x86)\IntelSWTools\compilers_and_libraries_2018\windows\redist\intel64\compiler\svml_dispmd.dll</arg>
	</msg>
	<msg id='23' display='false' source='trc'>
		<type>UNLOAD_MODULE</type>
		<severity>INFO</severity>
		<timestamp>Mon Mar 19 23:41:25 2018</timestamp>
		<arg name='module'>C:\Program Files (x86)\IntelSWTools\compilers_and_libraries_2018\windows\redist\intel64\compiler\libiomp5md.dll</arg>
	</msg>
	<msg id='24' display='false' source='trc'>
		<type>UNLOAD_MODULE</type>
		<severity>INFO</severity>
		<timestamp>Mon Mar 19 23:41:25 2018</timestamp>
		<arg name='module'>C:\WINDOWS\System32\kernel.appcore.dll</arg>
	</msg>
	<msg id='25' display='false' source='trc'>
		<type>UNLOAD_MODULE</type>
		<severity>INFO</severity>
		<timestamp>Mon Mar 19 23:41:25 2018</timestamp>
		<arg name='module'>C:\WINDOWS\System32\msvcrt.dll</arg>
	</msg>
	<msg id='26' display='false' source='trc'>
		<type>UNLOAD_MODULE</type>
		<severity>INFO</severity>
		<timestamp>Mon Mar 19 23:41:25 2018</timestamp>
		<arg name='module'>C:\WINDOWS\System32\RPCRT4.dll</arg>
	</msg>
	<msg id='27' display='false' source='trc'>
		<type>PROCESS_FINISH</type>
		<severity>INFO</severity>
		<timestamp>Mon Mar 19 23:41:25 2018</timestamp>
		<arg name='process'>C:\Users\josh\Desktop\Vector_Tutorial_Introduction\Vector_Tutorial_Introduction\x64\Release\Vectorization_Advisor.exe</arg>
		<arg name='pid'>6164</arg>
		<arg name='exitcode'>0x0</arg>
	</msg>
	<!-- Application exited with code 0 -->
</log>