<?xml version="1.0" encoding="utf-8" ?>
<!-- DO NOT EDIT THIS FILE -->

<log version='2.0' source='trc'>
	<msg id='1' display='false' source='trc'>
		<type>PROCESS_START</type>
		<severity>INFO</severity>
		<timestamp>Thu Mar 22 08:25:03 2018</timestamp>
		<arg name='process'>C:\Users\josh\Desktop\git_temp\Parallel_Vision_Research\Windows\Vector\Release\Vectorization_Advisor.exe</arg>
		<arg name='pid'>3128</arg>
	</msg>
	<!-- Instrumentation filter's state:
    Patterns applicability:
        Generic loop pattern.....................: enabled
        Generic loop pattern (with dynamic jumps): enabled
        Known trip value loop pattern............: enabled
        Runtime final value loop pattern.........: enabled
        No initial IV loop pattern...............: enabled
        IV step only loop pattern................: enabled
        No entry loop pattern....................: enabled
    Clustered memory model (CMM) applicability:
        Generic loop pattern.....................: enabled
        Generic loop pattern (with dynamic jumps): enabled
        Known trip value loop pattern............: enabled
        Runtime final value loop pattern.........: enabled
        No initial IV loop pattern...............: enabled
        IV step only loop pattern................: enabled
        No entry loop pattern....................: disabled
 -->
	<!-- Callstack mode:
    filter modules.: true
    filter loops...: false
    filter routines: true
    count loops....: false
    count flops....: false
    trace..........: false
    dump raw.......: false
    dump final.....: false
    dump all.......: false
 -->
	<msg id='2' display='false' source='trc'>
		<type>PROCESS_ANALYSIS_MODE</type>
		<severity>INFO</severity>
		<timestamp>Thu Mar 22 08:25:04 2018</timestamp>
		<arg name='mode'>full</arg>
	</msg>
	<msg id='3' display='false' source='trc'>
		<type>LOAD_MODULE</type>
		<severity>INFO</severity>
		<timestamp>Thu Mar 22 08:25:04 2018</timestamp>
		<arg name='module'>C:\Users\josh\Desktop\git_temp\Parallel_Vision_Research\Windows\Vector\Release\Vectorization_Advisor.exe</arg>
		<arg name='basement'>0xfb0000</arg>
		<arg name='ceiling'>0xfc0fff</arg>
	</msg>
	<!-- Instrumenting image: id = 1, name = C:\Users\josh\Desktop\git_temp\Parallel_Vision_Research\Windows\Vector\Release\Vectorization_Advisor.exe -->
	<!-- Instrumenting loops in routine "main" -->
	<msg id='4' display='false' source='trc'>
		<type>LOAD_MODULE</type>
		<severity>INFO</severity>
		<timestamp>Thu Mar 22 08:25:04 2018</timestamp>
		<arg name='module'>C:\Windows\SysWOW64\kernel32.dll</arg>
		<arg name='basement'>0x74bf0000</arg>
		<arg name='ceiling'>0x74cbffff</arg>
	</msg>
	<!-- Instrumentation of C:\Windows\SysWOW64\kernel32.dll image skipped because of filter conditions. -->
	<msg id='5' display='false' source='trc'>
		<type>LOAD_MODULE</type>
		<severity>INFO</severity>
		<timestamp>Thu Mar 22 08:25:04 2018</timestamp>
		<arg name='module'>C:\Windows\SysWOW64\KernelBase.dll</arg>
		<arg name='basement'>0x74cc0000</arg>
		<arg name='ceiling'>0x74e96fff</arg>
	</msg>
	<!-- Instrumentation of C:\Windows\SysWOW64\KernelBase.dll image skipped because of filter conditions [cs-mode]. -->
	<msg id='6' display='false' source='trc'>
		<type>LOAD_MODULE</type>
		<severity>INFO</severity>
		<timestamp>Thu Mar 22 08:25:04 2018</timestamp>
		<arg name='module'>C:\Windows\SysWOW64\ntdll.dll</arg>
		<arg name='basement'>0x779d0000</arg>
		<arg name='ceiling'>0x77b5cfff</arg>
	</msg>
	<!-- NtDelayExecution was replaced in ntdll.dll -->
	<!-- Instrumentation of C:\Windows\SysWOW64\ntdll.dll image skipped because of filter conditions. -->
	<msg id='7' display='false' source='trc'>
		<type>LOAD_MODULE</type>
		<severity>INFO</severity>
		<timestamp>Thu Mar 22 08:25:04 2018</timestamp>
		<arg name='module'>C:\Windows\SysWOW64\ucrtbase.dll</arg>
		<arg name='basement'>0x76ad0000</arg>
		<arg name='ceiling'>0x76be6fff</arg>
	</msg>
	<!-- Instrumentation of C:\Windows\SysWOW64\ucrtbase.dll image skipped because of filter conditions [cs-mode]. -->
	<msg id='8' display='false' source='trc'>
		<type>LOAD_MODULE</type>
		<severity>INFO</severity>
		<timestamp>Thu Mar 22 08:25:04 2018</timestamp>
		<arg name='module'>C:\Windows\SysWOW64\vcruntime140.dll</arg>
		<arg name='basement'>0x73630000</arg>
		<arg name='ceiling'>0x73644fff</arg>
	</msg>
	<!-- Instrumentation of C:\Windows\SysWOW64\vcruntime140.dll image skipped because of filter conditions [cs-mode]. -->
	<msg id='9' display='false' source='trc'>
		<type>LOAD_MODULE</type>
		<severity>INFO</severity>
		<timestamp>Thu Mar 22 08:25:04 2018</timestamp>
		<arg name='module'>C:\Windows\SysWOW64\msvcp140.dll</arg>
		<arg name='basement'>0xfd80000</arg>
		<arg name='ceiling'>0xfdf0fff</arg>
	</msg>
	<!-- Instrumentation of C:\Windows\SysWOW64\msvcp140.dll image skipped because of filter conditions [cs-mode]. -->
	<msg id='10' display='false' source='trc'>
		<type>LOAD_MODULE</type>
		<severity>INFO</severity>
		<timestamp>Thu Mar 22 08:25:06 2018</timestamp>
		<arg name='module'>C:\Windows\SysWOW64\kernel.appcore.dll</arg>
		<arg name='basement'>0x76690000</arg>
		<arg name='ceiling'>0x7669dfff</arg>
	</msg>
	<!-- Instrumentation of C:\Windows\SysWOW64\kernel.appcore.dll image skipped because of filter conditions [cs-mode]. -->
	<msg id='11' display='false' source='trc'>
		<type>LOAD_MODULE</type>
		<severity>INFO</severity>
		<timestamp>Thu Mar 22 08:25:06 2018</timestamp>
		<arg name='module'>C:\Windows\SysWOW64\msvcrt.dll</arg>
		<arg name='basement'>0x74aa0000</arg>
		<arg name='ceiling'>0x74b5cfff</arg>
	</msg>
	<!-- Instrumentation of C:\Windows\SysWOW64\msvcrt.dll image skipped because of filter conditions [cs-mode]. -->
	<msg id='12' display='false' source='trc'>
		<type>LOAD_MODULE</type>
		<severity>INFO</severity>
		<timestamp>Thu Mar 22 08:25:06 2018</timestamp>
		<arg name='module'>C:\Windows\SysWOW64\rpcrt4.dll</arg>
		<arg name='basement'>0x763c0000</arg>
		<arg name='ceiling'>0x7647dfff</arg>
	</msg>
	<!-- Instrumentation of C:\Windows\SysWOW64\rpcrt4.dll image skipped because of filter conditions [cs-mode]. -->
	<msg id='13' display='false' source='trc'>
		<type>LOAD_MODULE</type>
		<severity>INFO</severity>
		<timestamp>Thu Mar 22 08:25:06 2018</timestamp>
		<arg name='module'>C:\Windows\SysWOW64\sspicli.dll</arg>
		<arg name='basement'>0x743f0000</arg>
		<arg name='ceiling'>0x7440ffff</arg>
	</msg>
	<!-- Instrumentation of C:\Windows\SysWOW64\sspicli.dll image skipped because of filter conditions [cs-mode]. -->
	<msg id='14' display='false' source='trc'>
		<type>LOAD_MODULE</type>
		<severity>INFO</severity>
		<timestamp>Thu Mar 22 08:25:06 2018</timestamp>
		<arg name='module'>C:\Windows\SysWOW64\cryptbase.dll</arg>
		<arg name='basement'>0x743e0000</arg>
		<arg name='ceiling'>0x743e9fff</arg>
	</msg>
	<!-- Instrumentation of C:\Windows\SysWOW64\cryptbase.dll image skipped because of filter conditions [cs-mode]. -->
	<msg id='15' display='false' source='trc'>
		<type>LOAD_MODULE</type>
		<severity>INFO</severity>
		<timestamp>Thu Mar 22 08:25:06 2018</timestamp>
		<arg name='module'>C:\Windows\SysWOW64\bcryptprimitives.dll</arg>
		<arg name='basement'>0x770e0000</arg>
		<arg name='ceiling'>0x77136fff</arg>
	</msg>
	<!-- Instrumentation of C:\Windows\SysWOW64\bcryptprimitives.dll image skipped because of filter conditions [cs-mode]. -->
	<msg id='16' display='false' source='trc'>
		<type>LOAD_MODULE</type>
		<severity>INFO</severity>
		<timestamp>Thu Mar 22 08:25:06 2018</timestamp>
		<arg name='module'>C:\Windows\SysWOW64\sechost.dll</arg>
		<arg name='basement'>0x74410000</arg>
		<arg name='ceiling'>0x74452fff</arg>
	</msg>
	<!-- Instrumentation of C:\Windows\SysWOW64\sechost.dll image skipped because of filter conditions [cs-mode]. -->
	<msg id='17' display='false' source='trc'>
		<type>UNLOAD_MODULE</type>
		<severity>INFO</severity>
		<timestamp>Thu Mar 22 08:25:06 2018</timestamp>
		<arg name='module'>C:\Users\josh\Desktop\git_temp\Parallel_Vision_Research\Windows\Vector\Release\Vectorization_Advisor.exe</arg>
	</msg>
	<msg id='18' display='false' source='trc'>
		<type>UNLOAD_MODULE</type>
		<severity>INFO</severity>
		<timestamp>Thu Mar 22 08:25:06 2018</timestamp>
		<arg name='module'>C:\Windows\SysWOW64\kernel32.dll</arg>
	</msg>
	<msg id='19' display='false' source='trc'>
		<type>UNLOAD_MODULE</type>
		<severity>INFO</severity>
		<timestamp>Thu Mar 22 08:25:06 2018</timestamp>
		<arg name='module'>C:\Windows\SysWOW64\KernelBase.dll</arg>
	</msg>
	<msg id='20' display='false' source='trc'>
		<type>UNLOAD_MODULE</type>
		<severity>INFO</severity>
		<timestamp>Thu Mar 22 08:25:06 2018</timestamp>
		<arg name='module'>C:\Windows\SysWOW64\ntdll.dll</arg>
	</msg>
	<msg id='21' display='false' source='trc'>
		<type>UNLOAD_MODULE</type>
		<severity>INFO</severity>
		<timestamp>Thu Mar 22 08:25:06 2018</timestamp>
		<arg name='module'>C:\Windows\SysWOW64\ucrtbase.dll</arg>
	</msg>
	<msg id='22' display='false' source='trc'>
		<type>UNLOAD_MODULE</type>
		<severity>INFO</severity>
		<timestamp>Thu Mar 22 08:25:06 2018</timestamp>
		<arg name='module'>C:\Windows\SysWOW64\vcruntime140.dll</arg>
	</msg>
	<msg id='23' display='false' source='trc'>
		<type>UNLOAD_MODULE</type>
		<severity>INFO</severity>
		<timestamp>Thu Mar 22 08:25:06 2018</timestamp>
		<arg name='module'>C:\Windows\SysWOW64\msvcp140.dll</arg>
	</msg>
	<msg id='24' display='false' source='trc'>
		<type>UNLOAD_MODULE</type>
		<severity>INFO</severity>
		<timestamp>Thu Mar 22 08:25:06 2018</timestamp>
		<arg name='module'>C:\Windows\SysWOW64\kernel.appcore.dll</arg>
	</msg>
	<msg id='25' display='false' source='trc'>
		<type>UNLOAD_MODULE</type>
		<severity>INFO</severity>
		<timestamp>Thu Mar 22 08:25:06 2018</timestamp>
		<arg name='module'>C:\Windows\SysWOW64\msvcrt.dll</arg>
	</msg>
	<msg id='26' display='false' source='trc'>
		<type>UNLOAD_MODULE</type>
		<severity>INFO</severity>
		<timestamp>Thu Mar 22 08:25:06 2018</timestamp>
		<arg name='module'>C:\Windows\SysWOW64\rpcrt4.dll</arg>
	</msg>
	<msg id='27' display='false' source='trc'>
		<type>UNLOAD_MODULE</type>
		<severity>INFO</severity>
		<timestamp>Thu Mar 22 08:25:06 2018</timestamp>
		<arg name='module'>C:\Windows\SysWOW64\sspicli.dll</arg>
	</msg>
	<msg id='28' display='false' source='trc'>
		<type>UNLOAD_MODULE</type>
		<severity>INFO</severity>
		<timestamp>Thu Mar 22 08:25:06 2018</timestamp>
		<arg name='module'>C:\Windows\SysWOW64\cryptbase.dll</arg>
	</msg>
	<msg id='29' display='false' source='trc'>
		<type>UNLOAD_MODULE</type>
		<severity>INFO</severity>
		<timestamp>Thu Mar 22 08:25:06 2018</timestamp>
		<arg name='module'>C:\Windows\SysWOW64\bcryptprimitives.dll</arg>
	</msg>
	<msg id='30' display='false' source='trc'>
		<type>UNLOAD_MODULE</type>
		<severity>INFO</severity>
		<timestamp>Thu Mar 22 08:25:06 2018</timestamp>
		<arg name='module'>C:\Windows\SysWOW64\sechost.dll</arg>
	</msg>
	<msg id='31' display='false' source='trc'>
		<type>PROCESS_FINISH</type>
		<severity>INFO</severity>
		<timestamp>Thu Mar 22 08:25:06 2018</timestamp>
		<arg name='process'>C:\Users\josh\Desktop\git_temp\Parallel_Vision_Research\Windows\Vector\Release\Vectorization_Advisor.exe</arg>
		<arg name='pid'>3128</arg>
		<arg name='exitcode'>0x0</arg>
	</msg>
	<!-- Application exited with code 0 -->
</log>