<?xml version="1.0" encoding="utf-8" ?>
<!-- DO NOT EDIT THIS FILE -->

<log version='2.0' source='trc'>
	<msg id='1' display='false' source='trc'>
		<type>PROCESS_START</type>
		<severity>INFO</severity>
		<timestamp>Wed Mar 28 23:26:25 2018</timestamp>
		<arg name='process'>C:\Users\josh\Desktop\Parallel_Vision_Research\Windows\Vector\x64\Release\Vectorization_Advisor.exe</arg>
		<arg name='pid'>2476</arg>
	</msg>
	<!-- Instrumentation filter's state:
    Patterns applicability:
        Generic loop pattern.....................: enabled
        Generic loop pattern (with dynamic jumps): enabled
        Known trip value loop pattern............: enabled
        Runtime final value loop pattern.........: enabled
        No initial IV loop pattern...............: enabled
        IV step only loop pattern................: enabled
        No entry loop pattern....................: enabled
    Clustered memory model (CMM) applicability:
        Generic loop pattern.....................: enabled
        Generic loop pattern (with dynamic jumps): enabled
        Known trip value loop pattern............: enabled
        Runtime final value loop pattern.........: enabled
        No initial IV loop pattern...............: enabled
        IV step only loop pattern................: enabled
        No entry loop pattern....................: disabled
 -->
	<!-- Callstack mode:
    filter modules.: true
    filter loops...: false
    filter routines: true
    count loops....: false
    count flops....: false
    trace..........: false
    extended trace.: false
    dump raw.......: false
    dump final.....: false
    dump all.......: false
    stack stitching: true
 -->
	<msg id='2' display='false' source='trc'>
		<type>PROCESS_ANALYSIS_MODE</type>
		<severity>INFO</severity>
		<timestamp>Wed Mar 28 23:26:25 2018</timestamp>
		<arg name='mode'>full</arg>
	</msg>
	<msg id='3' display='false' source='trc'>
		<type>LOAD_MODULE</type>
		<severity>INFO</severity>
		<timestamp>Wed Mar 28 23:26:25 2018</timestamp>
		<arg name='module'>C:\Users\josh\Desktop\Parallel_Vision_Research\Windows\Vector\x64\Release\Vectorization_Advisor.exe</arg>
		<arg name='basement'>0x7ff6b7da0000</arg>
		<arg name='ceiling'>0x7ff6b7db5fff</arg>
	</msg>
	<!-- Instrumenting image: id = 1, name = C:\Users\josh\Desktop\Parallel_Vision_Research\Windows\Vector\x64\Release\Vectorization_Advisor.exe -->
	<!-- Instrumenting loops in routine "main" -->
	<!-- Instrumenting loops in routine "L_main_197__par_loop1_2.10" -->
	<!-- Instrumenting loops in routine "L_main_81__par_loop0_2.9" -->
	<msg id='4' display='false' source='trc'>
		<type>LOAD_MODULE</type>
		<severity>INFO</severity>
		<timestamp>Wed Mar 28 23:26:25 2018</timestamp>
		<arg name='module'>C:\WINDOWS\System32\KERNELBASE.dll</arg>
		<arg name='basement'>0x7ffbcca50000</arg>
		<arg name='ceiling'>0x7ffbcccb5fff</arg>
	</msg>
	<!-- Instrumentation of C:\WINDOWS\System32\KERNELBASE.dll image skipped because of filter conditions. -->
	<msg id='5' display='false' source='trc'>
		<type>LOAD_MODULE</type>
		<severity>INFO</severity>
		<timestamp>Wed Mar 28 23:26:25 2018</timestamp>
		<arg name='module'>C:\WINDOWS\System32\KERNEL32.DLL</arg>
		<arg name='basement'>0x7ffbce510000</arg>
		<arg name='ceiling'>0x7ffbce5bdfff</arg>
	</msg>
	<!-- Instrumentation of C:\WINDOWS\System32\KERNEL32.DLL image skipped because of filter conditions. -->
	<msg id='6' display='false' source='trc'>
		<type>LOAD_MODULE</type>
		<severity>INFO</severity>
		<timestamp>Wed Mar 28 23:26:25 2018</timestamp>
		<arg name='module'>C:\WINDOWS\SYSTEM32\ntdll.dll</arg>
		<arg name='basement'>0x7ffbd0160000</arg>
		<arg name='ceiling'>0x7ffbd033ffff</arg>
	</msg>
	<!-- NtDelayExecution was replaced in ntdll.dll -->
	<!-- Instrumentation of C:\WINDOWS\SYSTEM32\ntdll.dll image skipped because of filter conditions. -->
	<msg id='7' display='false' source='trc'>
		<type>LOAD_MODULE</type>
		<severity>INFO</severity>
		<timestamp>Wed Mar 28 23:26:25 2018</timestamp>
		<arg name='module'>C:\WINDOWS\System32\ucrtbase.dll</arg>
		<arg name='basement'>0x7ffbcc730000</arg>
		<arg name='ceiling'>0x7ffbcc825fff</arg>
	</msg>
	<!-- Instrumentation of C:\WINDOWS\System32\ucrtbase.dll image skipped because of filter conditions. -->
	<msg id='8' display='false' source='trc'>
		<type>LOAD_MODULE</type>
		<severity>INFO</severity>
		<timestamp>Wed Mar 28 23:26:25 2018</timestamp>
		<arg name='module'>C:\WINDOWS\SYSTEM32\MSVCP140.dll</arg>
		<arg name='basement'>0x7ffba6960000</arg>
		<arg name='ceiling'>0x7ffba69fcfff</arg>
	</msg>
	<!-- Instrumentation of C:\WINDOWS\SYSTEM32\MSVCP140.dll image skipped because of filter conditions [cs-mode]. -->
	<msg id='9' display='false' source='trc'>
		<type>LOAD_MODULE</type>
		<severity>INFO</severity>
		<timestamp>Wed Mar 28 23:26:25 2018</timestamp>
		<arg name='module'>C:\Program Files (x86)\IntelSWTools\compilers_and_libraries_2018\windows\redist\intel64\compiler\libiomp5md.dll</arg>
		<arg name='basement'>0x7ffb87170000</arg>
		<arg name='ceiling'>0x7ffb87332fff</arg>
	</msg>
	<!-- Instrumenting image: id = 7, name = C:\Program Files (x86)\IntelSWTools\compilers_and_libraries_2018\windows\redist\intel64\compiler\libiomp5md.dll -->
	<!-- Instrumenting loops in routine "__kmp_barrier" -->
	<!-- Instrumenting loops in routine "__kmp_hyper_barrier_gather" -->
	<!-- Instrumenting loops in routine "__kmp_hyper_barrier_release" -->
	<!-- Instrumenting loops in routine "__kmp_join_barrier" -->
	<!-- Instrumenting loops in routine "__kmp_allocate_thread" -->
	<!-- Instrumenting loops in routine "__kmp_launch_thread" -->
	<!-- Instrumenting loops in routine "__kmp_fork_call" -->
	<!-- Instrumenting loops in routine "__kmp_allocate_team" -->
	<!-- Instrumenting loops in routine "__kmp_join_call" -->
	<!-- Instrumenting loops in routine "__kmp_invoke_microtask" -->
	<msg id='10' display='false' source='trc'>
		<type>LOAD_MODULE</type>
		<severity>INFO</severity>
		<timestamp>Wed Mar 28 23:26:26 2018</timestamp>
		<arg name='module'>C:\WINDOWS\SYSTEM32\VCRUNTIME140.dll</arg>
		<arg name='basement'>0x7ffba78a0000</arg>
		<arg name='ceiling'>0x7ffba78b6fff</arg>
	</msg>
	<!-- Instrumentation of C:\WINDOWS\SYSTEM32\VCRUNTIME140.dll image skipped because of filter conditions [cs-mode]. -->
	<msg id='11' display='false' source='trc'>
		<type>LOAD_MODULE</type>
		<severity>INFO</severity>
		<timestamp>Wed Mar 28 23:26:26 2018</timestamp>
		<arg name='module'>C:\Program Files (x86)\IntelSWTools\Advisor 2018\bin64\runtime\libittnotify.dll</arg>
		<arg name='basement'>0x7ffb8d200000</arg>
		<arg name='ceiling'>0x7ffb8d232fff</arg>
	</msg>
	<!-- Instrumentation of C:\Program Files (x86)\IntelSWTools\Advisor 2018\bin64\runtime\libittnotify.dll image skipped because of filter conditions. -->
	<msg id='12' display='false' source='trc'>
		<type>LOAD_MODULE</type>
		<severity>INFO</severity>
		<timestamp>Wed Mar 28 23:26:32 2018</timestamp>
		<arg name='module'>C:\WINDOWS\System32\kernel.appcore.dll</arg>
		<arg name='basement'>0x7ffbcc540000</arg>
		<arg name='ceiling'>0x7ffbcc550fff</arg>
	</msg>
	<!-- Instrumentation of C:\WINDOWS\System32\kernel.appcore.dll image skipped because of filter conditions [cs-mode]. -->
	<msg id='13' display='false' source='trc'>
		<type>LOAD_MODULE</type>
		<severity>INFO</severity>
		<timestamp>Wed Mar 28 23:26:32 2018</timestamp>
		<arg name='module'>C:\WINDOWS\System32\msvcrt.dll</arg>
		<arg name='basement'>0x7ffbce440000</arg>
		<arg name='ceiling'>0x7ffbce4dcfff</arg>
	</msg>
	<!-- Instrumentation of C:\WINDOWS\System32\msvcrt.dll image skipped because of filter conditions [cs-mode]. -->
	<msg id='14' display='false' source='trc'>
		<type>LOAD_MODULE</type>
		<severity>INFO</severity>
		<timestamp>Wed Mar 28 23:26:32 2018</timestamp>
		<arg name='module'>C:\WINDOWS\System32\RPCRT4.dll</arg>
		<arg name='basement'>0x7ffbceb70000</arg>
		<arg name='ceiling'>0x7ffbcec8efff</arg>
	</msg>
	<!-- Instrumentation of C:\WINDOWS\System32\RPCRT4.dll image skipped because of filter conditions [cs-mode]. -->
	<msg id='15' display='false' source='trc'>
		<type>UNLOAD_MODULE</type>
		<severity>INFO</severity>
		<timestamp>Wed Mar 28 23:26:32 2018</timestamp>
		<arg name='module'>C:\Users\josh\Desktop\Parallel_Vision_Research\Windows\Vector\x64\Release\Vectorization_Advisor.exe</arg>
	</msg>
	<msg id='16' display='false' source='trc'>
		<type>UNLOAD_MODULE</type>
		<severity>INFO</severity>
		<timestamp>Wed Mar 28 23:26:32 2018</timestamp>
		<arg name='module'>C:\WINDOWS\System32\KERNELBASE.dll</arg>
	</msg>
	<msg id='17' display='false' source='trc'>
		<type>UNLOAD_MODULE</type>
		<severity>INFO</severity>
		<timestamp>Wed Mar 28 23:26:32 2018</timestamp>
		<arg name='module'>C:\WINDOWS\System32\KERNEL32.DLL</arg>
	</msg>
	<msg id='18' display='false' source='trc'>
		<type>UNLOAD_MODULE</type>
		<severity>INFO</severity>
		<timestamp>Wed Mar 28 23:26:32 2018</timestamp>
		<arg name='module'>C:\WINDOWS\SYSTEM32\ntdll.dll</arg>
	</msg>
	<msg id='19' display='false' source='trc'>
		<type>UNLOAD_MODULE</type>
		<severity>INFO</severity>
		<timestamp>Wed Mar 28 23:26:32 2018</timestamp>
		<arg name='module'>C:\WINDOWS\System32\ucrtbase.dll</arg>
	</msg>
	<msg id='20' display='false' source='trc'>
		<type>UNLOAD_MODULE</type>
		<severity>INFO</severity>
		<timestamp>Wed Mar 28 23:26:32 2018</timestamp>
		<arg name='module'>C:\WINDOWS\SYSTEM32\MSVCP140.dll</arg>
	</msg>
	<msg id='21' display='false' source='trc'>
		<type>UNLOAD_MODULE</type>
		<severity>INFO</severity>
		<timestamp>Wed Mar 28 23:26:32 2018</timestamp>
		<arg name='module'>C:\Program Files (x86)\IntelSWTools\compilers_and_libraries_2018\windows\redist\intel64\compiler\libiomp5md.dll</arg>
	</msg>
	<msg id='22' display='false' source='trc'>
		<type>UNLOAD_MODULE</type>
		<severity>INFO</severity>
		<timestamp>Wed Mar 28 23:26:32 2018</timestamp>
		<arg name='module'>C:\WINDOWS\SYSTEM32\VCRUNTIME140.dll</arg>
	</msg>
	<msg id='23' display='false' source='trc'>
		<type>UNLOAD_MODULE</type>
		<severity>INFO</severity>
		<timestamp>Wed Mar 28 23:26:32 2018</timestamp>
		<arg name='module'>C:\Program Files (x86)\IntelSWTools\Advisor 2018\bin64\runtime\libittnotify.dll</arg>
	</msg>
	<msg id='24' display='false' source='trc'>
		<type>UNLOAD_MODULE</type>
		<severity>INFO</severity>
		<timestamp>Wed Mar 28 23:26:32 2018</timestamp>
		<arg name='module'>C:\WINDOWS\System32\kernel.appcore.dll</arg>
	</msg>
	<msg id='25' display='false' source='trc'>
		<type>UNLOAD_MODULE</type>
		<severity>INFO</severity>
		<timestamp>Wed Mar 28 23:26:32 2018</timestamp>
		<arg name='module'>C:\WINDOWS\System32\msvcrt.dll</arg>
	</msg>
	<msg id='26' display='false' source='trc'>
		<type>UNLOAD_MODULE</type>
		<severity>INFO</severity>
		<timestamp>Wed Mar 28 23:26:32 2018</timestamp>
		<arg name='module'>C:\WINDOWS\System32\RPCRT4.dll</arg>
	</msg>
	<msg id='27' display='false' source='trc'>
		<type>PROCESS_FINISH</type>
		<severity>INFO</severity>
		<timestamp>Wed Mar 28 23:26:32 2018</timestamp>
		<arg name='process'>C:\Users\josh\Desktop\Parallel_Vision_Research\Windows\Vector\x64\Release\Vectorization_Advisor.exe</arg>
		<arg name='pid'>2476</arg>
		<arg name='exitcode'>0x0</arg>
	</msg>
	<!-- Application exited with code 0 -->
</log>