Collection status has changed. 1
Collection has been started.
Peak bandwidth measurement started.
Peak bandwidth measurement finished.
Collection has stopped. Application exit code:  0
Finalizing results
Finalizing the result
Clearing the database
The database has been cleared, elapsed time is 0.268 seconds.
Loading raw data to the database
Loading 'systemcollector-13536-DESKTOP-B3LU553.sc' file
Loading '10588-4832.0.trace' file
Updating precomputed scalar metrics
Raw data has been loaded to the database, elapsed time is 0.119 seconds.
Processing profile metrics and debug information
Data transformations have been finished, elapsed time is 0.000 seconds.
Setting data model parameters
Resolving module symbols
Resolving information for `Vectorization_Advisor.exe'
Resolving information for `MSVCP140.dll'
Resolving information for `KERNEL32.DLL'
Resolving information for `ucrtbase.dll'
Resolving information for `ntdll.dll'
Resolving information for `KERNELBASE.dll'
Warning: Cannot locate debugging information for file `C:\WINDOWS\SYSTEM32\MSVCP140.dll'.
Warning: Cannot locate debugging information for file `C:\WINDOWS\System32\KERNEL32.DLL'.
Warning: Cannot locate debugging information for file `C:\WINDOWS\System32\ucrtbase.dll'.
Warning: Cannot locate debugging information for file `C:\WINDOWS\SYSTEM32\ntdll.dll'.
Warning: Cannot locate debugging information for file `C:\WINDOWS\System32\KERNELBASE.dll'.
Resolving bottom user stack information
Resolving thread name information
Resolving call target names for dynamic code
Symbol resolution has been finished, elapsed time is 0.315 seconds.
Processing profile metrics and debug information
Deferred data transformations have been finished, elapsed time is 0.015 seconds.
Setting data model parameters
Data model parameters have been set, elapsed time is 0.033 seconds.
Precomputing frequently used data
Precomputing frequently used data
Updating precomputed scalar metrics
Precomputing frequently used data has been finished, elapsed time is 0.318 seconds.
Discarding redundant overtime data
Saving the result
Redundant overtime data has been discarded, elapsed time is 0.019 seconds.
Raw collector data has been discarded, elapsed time is 0.000 seconds.
Finalizing the result took 3.113 seconds.
Preparing data for display of survey call tree
Resolving module symbols
Resolving information for dangling locations
Resolving bottom user stack information
Resolving thread name information
Resolving call target names for dynamic code
Precomputing frequently used data
