85 [7300] TRACE perfrun.launcher <> - ENTER: int wmain(int, __wchar_t **)
85 [7300] TRACE perfrun.launcher <> - ENTER: Start the collection
85 [7300] INFO perfrun.launcher <> - argc = 7; cmdline = C:\Program Files (x86)\IntelSWTools\Advisor 2018\bin64\advixe-runss.exe --ui-output-format xml --ui-output-fd 8864 --option-file C:\Users\josh\Desktop\git_temp\Parallel_Vision_Research\Windows\Vector\Vectorization_Advisor\My Advisor Results - Vectorization_Advisor\e000\hs004\config\runss.options 
85 [7300] TRACE perfrun.launcher <> - ENTER: Initialize the launcher
148 [7300] INFO perfrun.launcher <> - New signal handler callback was added
148 [7300] TRACE perfrun.launcher <> - ENTER: void runtool::CmdLineParser::declareOptions()
163 [7300] TRACE perfrun.launcher <> - EXIT:  void runtool::CmdLineParser::declareOptions()
163 [7300] TRACE perfrun.system <> - ENTER: runtool::system::IController *runtool::system::IController::create()
163 [7300] TRACE perfrun.system <> - ENTER: runtool::system::Controller::Controller()
163 [7300] TRACE perfrun.system <> - EXIT:  runtool::system::Controller::Controller()
163 [7300] TRACE perfrun.system <> - EXIT:  runtool::system::IController *runtool::system::IController::create()
163 [7300] INFO perfrun.launcher <> - plugin system has been added successfully
163 [7300] INFO perfrun.launcher <> - plugin  has been added successfully
163 [7300] INFO perfrun.launcher <> - plugin  has been added successfully
163 [7300] INFO perfrun.launcher <> - plugin  has been added successfully
163 [7300] INFO perfrun.launcher <> - plugin  has been added successfully
163 [7300] INFO perfrun.launcher <> - plugin  has been added successfully
163 [7300] INFO perfrun.launcher <> - plugin  has been added successfully
163 [7300] INFO perfrun.launcher <> - plugin mrte has been added successfully
163 [7300] INFO perfrun.launcher <> - plugin  has been added successfully
163 [7300] INFO perfrun.launcher <> - plugin  has been added successfully
181 [7300] INFO perfrun.launcher <> - plugin  has been added successfully
181 [7300] INFO perfrun.launcher <> - plugin  has been added successfully
181 [7300] INFO perfrun.launcher <> - plugin  has been added successfully
181 [7300] TRACE perfrun.tpss <> - ENTER: runtool::sdk::IController *runtool::tpss::IController::create()
181 [7300] TRACE perfrun.tpss <> - ENTER: create tpss controller
185 [7300] TRACE perfrun.tpss <> - EXIT:  create tpss controller
185 [7300] TRACE perfrun.tpss <> - EXIT:  runtool::sdk::IController *runtool::tpss::IController::create()
185 [7300] INFO perfrun.launcher <> - plugin tpss has been added successfully
185 [7300] INFO perfrun.launcher <> - plugin  has been added successfully
185 [7300] INFO perfrun.launcher <> - plugin  has been added successfully
185 [7300] INFO perfrun.launcher <> - plugin  has been added successfully
185 [7300] INFO perfrun.launcher <> - plugin  has been added successfully
185 [7300] INFO perfrun.launcher <> - plugin  has been added successfully
185 [7300] INFO perfrun.launcher <> - plugin  has been added successfully
185 [7300] INFO perfrun.launcher <> - the option was added --interval: Specify an interval of data collection (for example, sampling) in milliseconds.
185 [7300] INFO perfrun.launcher <> - the option was added --follow-child: Profile process with or without children.
185 [7300] INFO perfrun.launcher <> - the option was added --gelding: BADMSG: perfrun1.launcher.plugin_manager::gelding
185 [7300] INFO perfrun.launcher <> - the option was added --time-source: Specify time source for measurement. Possible values: sys - wall clock time; tsc - time stamp counter; ext - time from an external source; auto - auto select accurate time source.
185 [7300] INFO perfrun.launcher <> - the option was added --stack: Enable or disable collection of stacks.
185 [7300] INFO perfrun.launcher <> - the option was added --stack-stitching: Enable or disable the stack stitching algorithm for Intel TBB-based applications.
185 [7300] INFO perfrun.launcher <> - the option was added --type: Specify type of data to be collected. For example, --type cpu:counters,waiting:nostack,io.
185 [7300] INFO perfrun.launcher <> - the option was added --mrte-mode: Specify Java/.NET/other managed runtime collection mode. Possible values: native - collect information only for native code; managed - collect information only for managed code; mixed - collect information for both managed and native code; auto - choose the mode based on binary type.
185 [7300] INFO perfrun.launcher <> - the option was added --mrte-mode-list: List supported Java/.NET/other managed runtime collection modes.
185 [7300] INFO perfrun.launcher <> - the option was added --mrte-type: Specify which managed runtimes to collect. Possible values: java - collect information for Java; dotnet - collect information for .NET; python - collect information for CPython. You can specify several values separated by comma.
185 [7300] INFO perfrun.launcher <> - the option was added --mrte-type-list: List supported Java/.NET/other managed runtime types.
185 [7300] INFO perfrun.launcher <> - the option was added --trace-strategy: Specify how to profile a process tree. <string> can be "<process>:trace:notrace" - profile the process but do not profile its children. Shorthand parameters: t - trace, nt - notrace. For example, "vtunedemo.exe:t:t".
185 [7300] INFO perfrun.launcher <> - the option was added --collector: BADMSG: perfrun1.launcher.plugin_manager::collector
185 [7300] INFO perfrun.launcher <> - the option was added --system-wide: Enable system-wide profiling. This mode may require additional permissions.
185 [7300] INFO perfrun.launcher <> - the option was added --kvm-guest: Enable KVM guest OS profiling.
185 [7300] INFO perfrun.launcher <> - the option was added --kvm-guest-kallsyms: Specify a local path to the /proc/kallsyms file copied from the guest OS for proper symbol resolution.
185 [7300] INFO perfrun.launcher <> - the option was added --kvm-guest-modules: Specify a local path to the /proc/modules file copied from the guest OS for proper symbol resolution.
185 [7300] INFO perfrun.launcher <> - the option was added --bandwidth-limits: Measure bandwidth limits
185 [7300] INFO perfrun.launcher <> - the option was added --bandwidth-strategy: Bandwidth limits determination specific properties (example: --bandwidth-strategy array-size=0,duration=500).
185 [7300] INFO perfrun.launcher <> - the option was added --bandwidth-config: List of benchmarks to run.
185 [7300] INFO perfrun.launcher <> - the option was added --system-collector-config: Specify subcollectors. Possible values: all, vdso, container, device-info, none.
185 [7300] INFO perfrun.launcher <> - the option was added --stackwalk: Specify stack unwinding method. Possible values: online - unwind stacks during collection; offline - unwind stacks after collection is finished.
185 [7300] INFO perfrun.launcher <> - the option was added --filter-include: Filter data during collection. Possible values: contended=<on|off> - filter out uncontended events; contended_nostack=<time> - filter out stacks for contended events that take less than <time> microseconds; wait=<time> - ignore transitions and blocks with wait time less than <time> microseconds; wait_nostack=<time> - filter out stacks for waits that take less than <time> microseconds.
185 [7300] INFO perfrun.launcher <> - the option was added --debug-pin: Debug PIN tool and runtime.
185 [7300] INFO perfrun.launcher <> - the option was added --debug-exception: Disallow the application to set own abnormal termination handler.
185 [7300] INFO perfrun.launcher <> - the option was added --trace-type: Specify the trace file granularity. Possible values: per-thread - per-thread trace file generation; per-process - per-process trace file generation.
185 [7300] INFO perfrun.launcher <> - the option was added --instrumentation-type: Specify type of instrumentation.
185 [7300] INFO perfrun.launcher <> - the option was added --guard-pulse-event: Enable handling of PulseEvent API in order not to miss signals made by the API during Hotspots collection.
185 [7300] INFO perfrun.launcher <> - the option was added --memory-strategy: Specify a minimal memory object size to be traced and a hash table size for faster objects search; for example: --memory-strategy obj-size-min=1024,hash-table-size=4096.
185 [7300] INFO perfrun.launcher <> - the option was added --target-system: BADMSG: perfrun1.launcher.plugin_manager::target-system
185 [7300] TRACE perfrun.launcher <> - Update configuration: tmp directory = C:\Users\josh\AppData\Local\Temp\advixe-tmp-josh
185 [7300] TRACE perfrun.launcher <> - EXIT:  Initialize the launcher
185 [7300] TRACE perfrun.launcher <> - ENTER: void runtool::CmdLineParser::parseOptionFile(const std::basic_string<__wchar_t, std::char_traits<__wchar_t>, std::allocator<__wchar_t>> &)
185 [7300] TRACE perfrun.launcher <> - EXIT:  void runtool::CmdLineParser::parseOptionFile(const std::basic_string<__wchar_t, std::char_traits<__wchar_t>, std::allocator<__wchar_t>> &)
185 [7300] INFO perfrun.launcher <> - create msngr2::ICliToolContext
185 [7300] TRACE perfrun.launcher <> - ENTER: void runtool::CmdLineParser::validateParseResult() const
185 [7300] TRACE perfrun.launcher <> - EXIT:  void runtool::CmdLineParser::validateParseResult() const
185 [7300] TRACE perfrun.launcher <> - ENTER: void runtool::CmdLineParser::populate(runtool::IConfiguration *) const
185 [7300] TRACE perfrun.launcher <> - Update configuration: action = start
185 [7300] TRACE perfrun.launcher <> - Update configuration: collection type = launcher
185 [7300] TRACE perfrun.launcher <> - Update configuration: compression level = 2
185 [7300] TRACE perfrun.launcher <> - Update configuration: duration = 0 sec
185 [7300] TRACE perfrun.launcher <> - Update configuration: data limit = 524288000 bytes
185 [7300] TRACE perfrun.launcher <> - Update configuration: disc space limit = 0 bytes
185 [7300] TRACE perfrun.launcher <> - Update configuration: return-app-exitcode = true
185 [7300] TRACE perfrun.launcher <> - Update configuration: result directory = C:\Users\josh\Desktop\git_temp\Parallel_Vision_Research\Windows\Vector\Vectorization_Advisor\My Advisor Results - Vectorization_Advisor\e000\hs004
185 [7300] TRACE perfrun.launcher <> - Update configuration: application = C:\Users\josh\Desktop\git_temp\Parallel_Vision_Research\Windows\Vector\Release\Vectorization_Advisor.exe
185 [7300] TRACE perfrun.launcher <> - [IN] option = interval; value = 10 !u32_t
185 [7300] TRACE perfrun.launcher <> - [IN] option = follow-child; value = true !bool
185 [7300] TRACE perfrun.launcher <> - [IN] option = gelding; value = false !bool
185 [7300] TRACE perfrun.launcher <> - [IN] option = time-source; value = auto !ustring
185 [7300] TRACE perfrun.launcher <> - [IN] option = stack; value = true !bool
185 [7300] TRACE perfrun.launcher <> - [IN] option = stack-stitching; value = true !bool
185 [7300] TRACE perfrun.launcher <> - [IN] option = type; value = cpu:stack !ustring
185 [7300] TRACE perfrun.launcher <> - [IN] option = mrte-mode; value = auto !ustring
185 [7300] TRACE perfrun.launcher <> - [IN] option = mrte-type; value = java !ustring
185 [7300] TRACE perfrun.launcher <> - [IN] option = mrte-type; value = dotnet !ustring
185 [7300] TRACE perfrun.launcher <> - [IN] option = mrte-type; value = python !ustring
185 [7300] TRACE perfrun.launcher <> - [IN] option = trace-strategy; value = ld-linux.so.2:notrace:notrace !ustring
185 [7300] TRACE perfrun.launcher <> - [IN] option = trace-strategy; value = ld-linux-x86-64.so.2:notrace:notrace !ustring
185 [7300] TRACE perfrun.launcher <> - [IN] option = collector; value = sep !ustring
185 [7300] TRACE perfrun.launcher <> - [IN] option = system-wide; value = false !bool
185 [7300] TRACE perfrun.launcher <> - [IN] option = kvm-guest; value = false !bool
185 [7300] TRACE perfrun.launcher <> - [IN] option = bandwidth-limits; value = false !bool
185 [7300] TRACE perfrun.launcher <> - [IN] option = bandwidth-config; value = dram !ustring
185 [7300] TRACE perfrun.launcher <> - [IN] option = bandwidth-config; value = mcdram !ustring
185 [7300] TRACE perfrun.launcher <> - [IN] option = bandwidth-config; value = cpu_cache !ustring
185 [7300] TRACE perfrun.launcher <> - [IN] option = bandwidth-config; value = flop_peak !ustring
185 [7300] TRACE perfrun.launcher <> - [IN] option = system-collector-config; value = all !ustring
185 [7300] TRACE perfrun.launcher <> - [IN] option = stackwalk; value = offline !ustring
185 [7300] TRACE perfrun.launcher <> - [IN] option = trace-type; value = per-thread !ustring
185 [7300] TRACE perfrun.launcher <> - [IN] option = instrumentation-type; value = pin !ustring
185 [7300] TRACE perfrun.launcher <> - [IN] option = guard-pulse-event; value = false !bool
185 [7300] TRACE perfrun.launcher <> - EXIT:  void runtool::CmdLineParser::populate(runtool::IConfiguration *) const
185 [13328] TRACE perfrun.tpss <> - ENTER: void runtool::tpss::Controller::setMessageChannel(runtool::sdk::IMessageChannel *)
185 [13328] TRACE perfrun.tpss <> - EXIT:  void runtool::tpss::Controller::setMessageChannel(runtool::sdk::IMessageChannel *)
185 [7300] INFO perfrun.launcher <> - create file finder object
185 [13328] TRACE perfrun.tpss <> - ENTER: void runtool::tpss::Controller::setRequestHandler(runtool::sdk::IRequestHandler *)
185 [13328] TRACE perfrun.tpss <> - EXIT:  void runtool::tpss::Controller::setRequestHandler(runtool::sdk::IRequestHandler *)
185 [7300] TRACE perfrun.launcher <> - Handle the user request: action = 0
185 [7300] TRACE perfrun.launcher <> - ENTER: int runtool::Launcher::doStart()
185 [7300] TRACE perfrun.launcher <> - ENTER: void runtool::Launcher::prepareLaunch()
185 [7300] TRACE perfrun.launcher <> - ENTER: void runtool::Launcher::prepareResultDirectory()
185 [7300] INFO perfrun.launcher <> - create a result directory: pattern = C:\Users\josh\Desktop\git_temp\Parallel_Vision_Research\Windows\Vector\Vectorization_Advisor\My Advisor Results - Vectorization_Advisor\e000\hs004 pid = 4294967295
201 [7300] TRACE perfrun.launcher <> - Update configuration: result directory = C:\Users\josh\Desktop\git_temp\Parallel_Vision_Research\Windows\Vector\Vectorization_Advisor\My Advisor Results - Vectorization_Advisor\e000\hs004
201 [7300] INFO perfrun.launcher <> - create data directory = C:\Users\josh\Desktop\git_temp\Parallel_Vision_Research\Windows\Vector\Vectorization_Advisor\My Advisor Results - Vectorization_Advisor\e000\hs004\data.0
201 [7300] TRACE perfrun.launcher <> - Update configuration: data directory = C:\Users\josh\Desktop\git_temp\Parallel_Vision_Research\Windows\Vector\Vectorization_Advisor\My Advisor Results - Vectorization_Advisor\e000\hs004\data.0
201 [7300] TRACE perfrun.launcher <> - EXIT:  void runtool::Launcher::prepareResultDirectory()
217 [7300] TRACE perfrun.launcher <> - IMessenger: send collection state with state = 11
217 [13328] TRACE perfrun.launcher <> - Update configuration: follow child = 1
217 [13328] TRACE perfrun.launcher <> - Update configuration: time source = 0
217 [13328] TRACE perfrun.launcher <> - Update configuration: stack = 1
217 [13328] TRACE perfrun.launcher <> - Update configuration: gelding = 0
217 [13328] TRACE perfrun.launcher <> - Update configuration: stack stitching = 1
217 [13328] TRACE perfrun.system <> - ENTER: int runtool::system::Controller::initialize(runtool::sdk::IConfiguration *)
248 [13328] TRACE perfrun.system <> - ENTER: int runtool::system::TraceWriter::initialize(runtool::sdk::IConfiguration *, runtool::system::TraceWriter::Settings *)
248 [13328] TRACE perfrun.sdk <> - set the compression level: 2
248 [13328] TRACE perfrun.sdk <> - ENTER: runtool::sdk::TraceFile::TraceFile(tpss_tmu_creator *, unsigned int, const std::basic_string<__wchar_t, std::char_traits<__wchar_t>, std::allocator<__wchar_t>> &, bool)
248 [13328] INFO perfrun.sdk <> - Allocating TMU :C:\Users\josh\Desktop\git_temp\Parallel_Vision_Research\Windows\Vector\Vectorization_Advisor\My Advisor Results - Vectorization_Advisor\e000\hs004\data.0\systemcollector-5188-DESKTOP-B3LU553.sc
248 [13328] TRACE perfrun.sdk <> - EXIT:  runtool::sdk::TraceFile::TraceFile(tpss_tmu_creator *, unsigned int, const std::basic_string<__wchar_t, std::char_traits<__wchar_t>, std::allocator<__wchar_t>> &, bool)
248 [13328] TRACE perfrun.system <> - EXIT:  int runtool::system::TraceWriter::initialize(runtool::sdk::IConfiguration *, runtool::system::TraceWriter::Settings *)
248 [13328] TRACE perfrun.system <> - EXIT:  int runtool::system::Controller::initialize(runtool::sdk::IConfiguration *)
248 [13328] INFO perfrun.launcher <> - plugin [] was disabled because it doesn't support the given collection type.
248 [13328] INFO perfrun.launcher <> - plugin [] was disabled because it doesn't support the given collection type.
248 [13328] INFO perfrun.launcher <> - plugin [] was disabled because it doesn't support the given collection type.
248 [13328] INFO perfrun.launcher <> - plugin [] was disabled because it doesn't support the given collection type.
248 [13328] INFO perfrun.launcher <> - plugin [] was disabled because it doesn't support the given collection type.
248 [13328] INFO perfrun.launcher <> - plugin [] was disabled because it doesn't support the given collection type.
248 [13328] TRACE perfrun.mrte <> - ENTER: int runtool::mrte::Controller::initialize(runtool::sdk::IConfiguration *)
248 [13328] TRACE perfrun.mrte <> - EXIT:  int runtool::mrte::Controller::initialize(runtool::sdk::IConfiguration *)
248 [13328] INFO perfrun.launcher <> - plugin [mrte] was disabled because it doesn't support the given collection type.
248 [13328] INFO perfrun.launcher <> - plugin [] was disabled because it doesn't support the given collection type.
248 [13328] INFO perfrun.launcher <> - plugin [] was disabled because it doesn't support the given collection type.
248 [13328] INFO perfrun.launcher <> - plugin [] was disabled because it doesn't support the given collection type.
248 [13328] INFO perfrun.launcher <> - plugin [] was disabled because it doesn't support the given collection type.
248 [13328] INFO perfrun.launcher <> - plugin [] was disabled because it doesn't support the given collection type.
248 [13328] TRACE perfrun.tpss <> - ENTER: int runtool::tpss::Controller::initialize(runtool::sdk::IConfiguration *)
248 [13328] INFO perfrun.tpss <> - initialize tpss controller
248 [13328] TRACE perfrun.tpss <> - ENTER: bool runtool::tpss::Controller::configureCollectionMode(const std::basic_string<__wchar_t, std::char_traits<__wchar_t>, std::allocator<__wchar_t>> &)
248 [13328] INFO perfrun.tpss <> - configure collection mode: value = cpu:stack
248 [13328] TRACE perfrun.tpss <> - EXIT:  bool runtool::tpss::Controller::configureCollectionMode(const std::basic_string<__wchar_t, std::char_traits<__wchar_t>, std::allocator<__wchar_t>> &)
248 [13328] TRACE perfrun.tpss <> - ENTER: tpss::trace_file_t runtool::tpss::castTraceFileType(const gen_helpers2::variant_t &)
248 [13328] TRACE perfrun.tpss <> - EXIT:  tpss::trace_file_t runtool::tpss::castTraceFileType(const gen_helpers2::variant_t &)
248 [13328] INFO perfrun.tpss <> - default obj-size-min=1024
248 [13328] INFO perfrun.tpss <> - default hash-table-size=0
248 [13328] TRACE perfrun.tpss <> - EXIT:  int runtool::tpss::Controller::initialize(runtool::sdk::IConfiguration *)
248 [13328] INFO perfrun.launcher <> - plugin [] was disabled because it doesn't support the given collection type.
248 [13328] INFO perfrun.launcher <> - plugin [] was disabled because it doesn't support the given collection type.
248 [13328] INFO perfrun.launcher <> - plugin [] was disabled because it doesn't support the given collection type.
248 [13328] INFO perfrun.launcher <> - plugin [] was disabled because it doesn't support the given collection type.
248 [13328] INFO perfrun.launcher <> - plugin [] was disabled because it doesn't support the given collection type.
248 [13328] INFO perfrun.launcher <> - plugin [] was disabled because it doesn't support the given collection type.
248 [7300] TRACE perfrun.launcher <> - RpcServer was created for IPC filename = C:\Users\josh\Desktop\git_temp\Parallel_Vision_Research\Windows\Vector\Vectorization_Advisor\My Advisor Results - Vectorization_Advisor\e000\hs004\runtool.5188.ipc
248 [7300] TRACE perfrun.launcher <> - RpcServer: setup all handlers at once
248 [7300] TRACE perfrun.launcher <> - RpcServer: setup a handler for ICancelRequest
248 [7300] TRACE perfrun.launcher <> - RpcServer: setup a handler for IPauseRequest
248 [7300] TRACE perfrun.launcher <> - RpcServer: setup a handler for IResumeRequest
248 [7300] TRACE perfrun.launcher <> - RpcServer: setup a handler for IStopRequest
248 [7300] TRACE perfrun.launcher <> - RpcServer: setup a handler for IStatusRequest
248 [7300] TRACE perfrun.launcher <> - RpcServer: setup a handler for IDetachRequest
248 [7300] TRACE perfrun.launcher <> - RpcServer: setup a handler for IMarkRequest
248 [7300] INFO perfrun.launcher <> - RpcServer: run RPC server to handle requests
248 [7300] DEBUG perfrun.launcher <> - RpcServer: wrote information about the RPC server into the IPC file
248 [7300] TRACE perfrun.launcher <> - IMessenger: send collection state with state = 1
248 [7300] TRACE perfrun.launcher <> - EXIT:  void runtool::Launcher::prepareLaunch()
248 [7300] TRACE perfrun.launcher <> - ENTER: bool runtool::IProcessUtil::checkExecutableFile(const std::basic_string<__wchar_t, std::char_traits<__wchar_t>, std::allocator<__wchar_t>> &)
248 [8436] TRACE perfrun.launcher <> - ENTER: RpcServer: the main loop handles RPC requests  from clients
301 [7300] INFO perfrun.launcher <> - IProcessUtil: the given executable 'C:\Users\josh\Desktop\git_temp\Parallel_Vision_Research\Windows\Vector\Release\Vectorization_Advisor.exe' is valid.
301 [7300] TRACE perfrun.launcher <> - EXIT:  bool runtool::IProcessUtil::checkExecutableFile(const std::basic_string<__wchar_t, std::char_traits<__wchar_t>, std::allocator<__wchar_t>> &)
301 [7300] INFO perfrun.launcher <> - Launcher: command line to start before modification = C:\Users\josh\Desktop\git_temp\Parallel_Vision_Research\Windows\Vector\Release\Vectorization_Advisor.exe
301 [13328] TRACE perfrun.tpss <> - ENTER: void runtool::tpss::Controller::modifyCommandLine(std::basic_string<__wchar_t, std::char_traits<__wchar_t>, std::allocator<__wchar_t>> &) const
301 [13328] TRACE perfrun.tpss <> - EXIT:  void runtool::tpss::Controller::modifyCommandLine(std::basic_string<__wchar_t, std::char_traits<__wchar_t>, std::allocator<__wchar_t>> &) const
301 [7300] INFO perfrun.launcher <> - Launcher: command line to start after modification = C:\Program Files (x86)\IntelSWTools\Advisor 2018\bin64\pin.exe -error_file C:\Users\josh\Desktop\git_temp\Parallel_Vision_Research\Windows\Vector\Vectorization_Advisor\My Advisor Results - Vectorization_Advisor\e000\hs004\data.0\pinerr.tpsslog -detach_reattach -probe -follow_execv -p32 C:\Program Files (x86)\IntelSWTools\Advisor 2018\bin32\pin.exe -p64 C:\Program Files (x86)\IntelSWTools\Advisor 2018\bin64\pin.exe -t64 C:\Program Files (x86)\IntelSWTools\Advisor 2018\bin64\tpsstool.dll -t C:\Program Files (x86)\IntelSWTools\Advisor 2018\bin32\tpsstool.dll -server_name tpss_ipc.5188 -prd_dir C:\Program Files (x86)\IntelSWTools\Advisor 2018 -- C:\Users\josh\Desktop\git_temp\Parallel_Vision_Research\Windows\Vector\Release\Vectorization_Advisor.exe
301 [7300] INFO perfrun.launcher <> - ProcessCreator object was created
301 [7300] TRACE perfrun.launcher <> - ENTER: unsigned int runtool::ProcessCreator::start(bool)
348 [7300] TRACE perfrun.launcher <> - EXIT:  unsigned int runtool::ProcessCreator::start(bool)
348 [7300] INFO perfrun.launcher <> - Launcher: the process was started in suspend mode
348 [13328] TRACE perfrun.system <> - ENTER: void runtool::system::Controller::onEvent(runtool::sdk::collection_state_t)
348 [13328] TRACE perfrun.system <> - EXIT:  void runtool::system::Controller::onEvent(runtool::sdk::collection_state_t)
348 [13328] TRACE perfrun.system <> - ENTER: bool runtool::system::Controller::start(unsigned int)
348 [13328] TRACE perfrun.launcher <> - IMessenger: send message with severity = 1 and msg = Peak bandwidth measurement started.
348 [13328] INFO perfrun.launcher <> - Messenger::say: Peak bandwidth measurement started.
348 [13328] TRACE perfrun.system <> - Max bandwidth measurement: array_size(b)=25165824 duration(ms)=100
5551 [13328] TRACE perfrun.launcher <> - IMessenger: send message with severity = 1 and msg = Peak bandwidth measurement finished.
5551 [13328] INFO perfrun.launcher <> - Messenger::say: Peak bandwidth measurement finished.
5562 [13328] TRACE perfrun.system <> - ENTER: bool runtool::system::getVideoAdapters(std::vector<runtool::system::gpu_adapter_t, std::allocator<runtool::system::gpu_adapter_t>> &)
5590 [13328] TRACE perfrun.system <> - EXIT:  bool runtool::system::getVideoAdapters(std::vector<runtool::system::gpu_adapter_t, std::allocator<runtool::system::gpu_adapter_t>> &)
5590 [13328] TRACE perfrun.system <> - EXIT:  bool runtool::system::Controller::start(unsigned int)
5590 [13328] TRACE perfrun.tpss <> - ENTER: bool runtool::tpss::Controller::start(unsigned int)
5590 [13328] INFO perfrun.tpss <> - start tpss controller for pid #14224
5647 [13328] TRACE perfrun.tpss <> - EXIT:  bool runtool::tpss::Controller::start(unsigned int)
5647 [13328] TRACE perfrun.system <> - ENTER: void runtool::system::Controller::onEvent(runtool::sdk::collection_state_t)
5647 [13328] TRACE perfrun.system <> - EXIT:  void runtool::system::Controller::onEvent(runtool::sdk::collection_state_t)
5647 [7300] INFO perfrun.launcher <> - Launcher: all plugins were started
5647 [7300] INFO perfrun.launcher <> - DirectoryMonitor object was created
5647 [7300] INFO perfrun.launcher <> - DirectoryMonitor: a callback was added
5647 [7300] INFO perfrun.launcher <> - DirectoryMonitor was started with pingTime = 1000
5647 [7300] INFO perfrun.launcher <> - DeadlineTimer is going to be constructed
5647 [7300] INFO perfrun.launcher <> - DeadlineTimer: a callback was added
5647 [7300] TRACE perfrun.launcher <> - ENTER: void runtool::ProcessCreator::resume()
5647 [7300] DEBUG perfrun.launcher <> - ProcessCreator: the process with pid = 14224 is resumed
5647 [7300] TRACE perfrun.launcher <> - EXIT:  void runtool::ProcessCreator::resume()
5647 [7300] INFO perfrun.launcher <> - Launcher: resume the profiled application and  wait its termination or stop command
5647 [7300] TRACE perfrun.launcher <> - ENTER: int runtool::ProcessCreator::wait()
6618 [7300] TRACE perfrun.launcher <> - EXIT:  int runtool::ProcessCreator::wait()
6618 [7300] INFO perfrun.launcher <> - Launcher: the profiled application was terminated  with exit code = 0
6618 [7300] TRACE perfrun.sdk <> - ENTER: void runtool::sdk::getFilesFromDirectoryByExt(const std::basic_string<__wchar_t, std::char_traits<__wchar_t>, std::allocator<__wchar_t>> &, const std::basic_string<__wchar_t, std::char_traits<__wchar_t>, std::allocator<__wchar_t>> &, std::list<std::basic_string<__wchar_t, std::char_traits<__wchar_t>, std::allocator<__wchar_t>>, std::allocator<std::basic_string<__wchar_t, std::char_traits<__wchar_t>, std::allocator<__wchar_t>>>> &)
6649 [2256] TRACE perfrun.launcher <> - ENTER: void runtool::DeadlineTimer::notify(const boost::system::error_code &)
6649 [2256] TRACE perfrun.launcher <> - ENTER: void runtool::DirectoryMonitor::notifyAll()
6649 [2256] TRACE perfrun.sdk <> - ENTER: void runtool::sdk::getFilesFromDirectoryByExt(const std::basic_string<__wchar_t, std::char_traits<__wchar_t>, std::allocator<__wchar_t>> &, const std::basic_string<__wchar_t, std::char_traits<__wchar_t>, std::allocator<__wchar_t>> &, std::list<std::basic_string<__wchar_t, std::char_traits<__wchar_t>, std::allocator<__wchar_t>>, std::allocator<std::basic_string<__wchar_t, std::char_traits<__wchar_t>, std::allocator<__wchar_t>>>> &)
6649 [2256] TRACE perfrun.sdk <> - EXIT:  void runtool::sdk::getFilesFromDirectoryByExt(const std::basic_string<__wchar_t, std::char_traits<__wchar_t>, std::allocator<__wchar_t>> &, const std::basic_string<__wchar_t, std::char_traits<__wchar_t>, std::allocator<__wchar_t>> &, std::list<std::basic_string<__wchar_t, std::char_traits<__wchar_t>, std::allocator<__wchar_t>>, std::allocator<std::basic_string<__wchar_t, std::char_traits<__wchar_t>, std::allocator<__wchar_t>>>> &)
6649 [7300] TRACE perfrun.sdk <> - EXIT:  void runtool::sdk::getFilesFromDirectoryByExt(const std::basic_string<__wchar_t, std::char_traits<__wchar_t>, std::allocator<__wchar_t>> &, const std::basic_string<__wchar_t, std::char_traits<__wchar_t>, std::allocator<__wchar_t>> &, std::list<std::basic_string<__wchar_t, std::char_traits<__wchar_t>, std::allocator<__wchar_t>>, std::allocator<std::basic_string<__wchar_t, std::char_traits<__wchar_t>, std::allocator<__wchar_t>>>> &)
6649 [13328] TRACE perfrun.system <> - ENTER: void runtool::system::Controller::onEvent(runtool::sdk::collection_state_t)
6649 [13328] TRACE perfrun.system <> - EXIT:  void runtool::system::Controller::onEvent(runtool::sdk::collection_state_t)
6649 [13328] TRACE perfrun.system <> - ENTER: bool runtool::system::Controller::stop()
6649 [2256] DEBUG perfrun.launcher <> - DirectoryInfo: total size of monitored paths is 1991 bytes
6649 [2256] TRACE perfrun.launcher <> - EXIT:  void runtool::DirectoryMonitor::notifyAll()
6649 [2256] TRACE perfrun.launcher <> - EXIT:  void runtool::DeadlineTimer::notify(const boost::system::error_code &)
6665 [13328] TRACE perfrun.system <> - EXIT:  bool runtool::system::Controller::stop()
6665 [13328] TRACE perfrun.tpss <> - ENTER: bool runtool::tpss::Controller::stop()
6665 [13328] INFO perfrun.tpss <> - stop tpss controller
6681 [13328] TRACE perfrun.tpss <> - EXIT:  bool runtool::tpss::Controller::stop()
6681 [13328] TRACE perfrun.system <> - ENTER: void runtool::system::Controller::onEvent(runtool::sdk::collection_state_t)
6681 [13328] TRACE perfrun.sdk <> - ENTER: void runtool::sdk::TraceFile::close(boost::system::error_code &)
6681 [13328] INFO perfrun.sdk <> - De-allocating TMU: C:\Users\josh\Desktop\git_temp\Parallel_Vision_Research\Windows\Vector\Vectorization_Advisor\My Advisor Results - Vectorization_Advisor\e000\hs004\data.0\systemcollector-5188-DESKTOP-B3LU553.sc
6702 [13328] TRACE perfrun.sdk <> - EXIT:  void runtool::sdk::TraceFile::close(boost::system::error_code &)
6702 [13328] INFO perfrun.system <> - closed the system trace file: C:\Users\josh\Desktop\git_temp\Parallel_Vision_Research\Windows\Vector\Vectorization_Advisor\My Advisor Results - Vectorization_Advisor\e000\hs004\data.0\systemcollector-5188-DESKTOP-B3LU553.sc
6702 [13328] TRACE perfrun.system <> - EXIT:  void runtool::system::Controller::onEvent(runtool::sdk::collection_state_t)
6702 [7300] TRACE perfrun.launcher <> - ENTER: void runtool::ProcessSetMonitor<unsigned int>::stop<>()
6702 [7300] TRACE perfrun.launcher <> - EXIT:  void runtool::ProcessSetMonitor<unsigned int>::stop<>()
6702 [7300] TRACE perfrun.launcher <> - ENTER: void runtool::ProcessCreator::stop()
6702 [7300] TRACE perfrun.launcher <> - EXIT:  void runtool::ProcessCreator::stop()
6702 [7300] INFO perfrun.launcher <> - Launcher: all plugins were stopped.
6702 [7300] INFO perfrun.launcher <> - DeadlineTimer is going to be destroyed
6702 [7300] INFO perfrun.launcher <> - DirectoryMonitor object was destroyed
6702 [7300] WARN perfrun.launcher <> - Stop command is ignored because it is received when collection is already stopped, at file: vcs\perfrun1\launcher\src\command_handler.cpp:201
6702 [7300] TRACE perfrun.launcher <> - ENTER: void runtool::Launcher::shutdownLaunch()
6703 [7300] TRACE perfrun.launcher <> - ENTER: Send RPC request
6703 [8436] TRACE perfrun.launcher <> - ENTER: Receive RPC request
6703 [8436] TRACE perfrun.launcher <> - header of the message was received: size = 8; message =       2a
6703 [7300] TRACE perfrun.launcher <> - header and body of the message was send: header = 22 serialization::archive 10 0 0 8 0 0 0 0; body = 22 serialization::archive 10 0 0 8 0 0 0 0
6703 [8436] TRACE perfrun.launcher <> - body of the message was received: size = 42; message = 22 serialization::archive 10 0 0 8 0 0 0 0
6703 [7300] TRACE perfrun.launcher <> - EXIT:  Send RPC request
6703 [8436] TRACE perfrun.launcher <> - EXIT:  Receive RPC request
6703 [8436] TRACE perfrun.launcher <> - EXIT:  RpcServer: the main loop handles RPC requests  from clients
6703 [7300] TRACE perfrun.sdk <> - ENTER: void runtool::sdk::getFilesFromDirectoryByExt(const std::basic_string<__wchar_t, std::char_traits<__wchar_t>, std::allocator<__wchar_t>> &, const std::basic_string<__wchar_t, std::char_traits<__wchar_t>, std::allocator<__wchar_t>> &, std::list<std::basic_string<__wchar_t, std::char_traits<__wchar_t>, std::allocator<__wchar_t>>, std::allocator<std::basic_string<__wchar_t, std::char_traits<__wchar_t>, std::allocator<__wchar_t>>>> &)
6703 [7300] TRACE perfrun.sdk <> - EXIT:  void runtool::sdk::getFilesFromDirectoryByExt(const std::basic_string<__wchar_t, std::char_traits<__wchar_t>, std::allocator<__wchar_t>> &, const std::basic_string<__wchar_t, std::char_traits<__wchar_t>, std::allocator<__wchar_t>> &, std::list<std::basic_string<__wchar_t, std::char_traits<__wchar_t>, std::allocator<__wchar_t>>, std::allocator<std::basic_string<__wchar_t, std::char_traits<__wchar_t>, std::allocator<__wchar_t>>>> &)
6703 [7300] TRACE perfrun.launcher <> - EXIT:  void runtool::Launcher::shutdownLaunch()
6703 [7300] TRACE perfrun.launcher <> - EXIT:  int runtool::Launcher::doStart()
6703 [7300] TRACE perfrun.launcher <> - IMessenger: send collection state with state = 3
6703 [7300] INFO perfrun.launcher <> - Application exit code: 0
6703 [7300] INFO perfrun.launcher <> - Exit code: 0
6703 [7300] TRACE perfrun.launcher <> - EXIT:  Start the collection
6703 [7300] TRACE perfrun.launcher <> - ENTER: Destroy the launcher...
6703 [7300] TRACE perfrun.launcher <> - EXIT:  Destroy the launcher...
6703 [7300] TRACE perfrun.launcher <> - ENTER: runtool::ProcessCreator::~ProcessCreator()
6703 [7300] TRACE perfrun.launcher <> - ENTER: void runtool::ProcessCreator::stop()
6703 [7300] TRACE perfrun.launcher <> - EXIT:  void runtool::ProcessCreator::stop()
6703 [7300] TRACE perfrun.launcher <> - EXIT:  runtool::ProcessCreator::~ProcessCreator()
6703 [7300] TRACE perfrun.launcher <> - PluginManagerProxy::doOperation thread was terminated.
6703 [7300] TRACE perfrun.launcher <> - EXIT:  int wmain(int, __wchar_t **)
