c:\users\thomas pantels\desktop\exercise files\01_03\begin\advisor demo app\src\win32\release\vc140.pdb
c:\users\thomas pantels\desktop\exercise files\01_03\begin\advisor demo app\src\win32\release\taskhandler.obj
c:\users\thomas pantels\desktop\exercise files\01_03\begin\advisor demo app\src\win32\release\main.obj
c:\users\thomas pantels\desktop\exercise files\01_03\end\advisor demo app\src\win32\release\vc140.pdb
c:\users\thomas pantels\desktop\exercise files\01_03\end\advisor demo app\src\win32\release\taskhandler.obj
c:\users\thomas pantels\desktop\exercise files\01_03\end\advisor demo app\src\win32\release\main.obj
c:\users\thomas pantels\desktop\exercise files\01_03\begin\advisor demo app\bin\win32\release\advisor demo app.exe
c:\users\thomas pantels\desktop\exercise files\01_03\begin\advisor demo app\bin\win32\release\advisor demo app.ipdb
c:\users\thomas pantels\desktop\exercise files\01_03\begin\advisor demo app\bin\win32\release\advisor demo app.iobj
c:\users\thomas pantels\desktop\exercise files\01_03\begin\advisor demo app\bin\win32\release\advisor demo app.pdb
c:\users\thomas pantels\desktop\exercise files\01_03\end\advisor demo app\bin\win32\release\advisor demo app.exe
c:\users\thomas pantels\desktop\exercise files\01_03\end\advisor demo app\bin\win32\release\advisor demo app.ipdb
c:\users\thomas pantels\desktop\exercise files\01_03\end\advisor demo app\bin\win32\release\advisor demo app.iobj
c:\users\thomas pantels\desktop\exercise files\01_03\end\advisor demo app\bin\win32\release\advisor demo app.pdb
c:\users\thomas pantels\desktop\exercise files\01_03\end\advisor demo app\src\..\bin\win32\release\advisor demo app.exe
c:\users\thomas pantels\desktop\exercise files\01_03\end\advisor demo app\src\win32\release\advisor demo app.tlog\cl.command.1.tlog
c:\users\thomas pantels\desktop\exercise files\01_03\end\advisor demo app\src\win32\release\advisor demo app.tlog\cl.read.1.tlog
c:\users\thomas pantels\desktop\exercise files\01_03\end\advisor demo app\src\win32\release\advisor demo app.tlog\cl.write.1.tlog
c:\users\thomas pantels\desktop\exercise files\01_03\end\advisor demo app\src\win32\release\advisor demo app.tlog\link.command.1.tlog
c:\users\thomas pantels\desktop\exercise files\01_03\end\advisor demo app\src\win32\release\advisor demo app.tlog\link.read.1.tlog
c:\users\thomas pantels\desktop\exercise files\01_03\end\advisor demo app\src\win32\release\advisor demo app.tlog\link.write.1.tlog
