64 [6640] TRACE perfrun.launcher <> - ENTER: int wmain(int, __wchar_t **)
67 [6640] TRACE perfrun.launcher <> - ENTER: Start the collection
67 [6640] INFO perfrun.launcher <> - argc = 7; cmdline = C:\Program Files (x86)\IntelSWTools\Advisor 2018\bin64\advixe-runss.exe --ui-output-format xml --ui-output-fd 13152 --option-file C:\Users\josh\Desktop\git_temp\Parallel_Vision_Research\Windows\roofline_demo_samples\My Advisor Results - roofline_demo_samples\e000\hs010\config\runss.options 
67 [6640] TRACE perfrun.launcher <> - ENTER: Initialize the launcher
127 [6640] INFO perfrun.launcher <> - New signal handler callback was added
127 [6640] TRACE perfrun.launcher <> - ENTER: void runtool::CmdLineParser::declareOptions()
138 [6640] TRACE perfrun.launcher <> - EXIT:  void runtool::CmdLineParser::declareOptions()
138 [6640] TRACE perfrun.system <> - ENTER: runtool::system::IController *runtool::system::IController::create()
138 [6640] TRACE perfrun.system <> - ENTER: runtool::system::Controller::Controller()
138 [6640] TRACE perfrun.system <> - EXIT:  runtool::system::Controller::Controller()
138 [6640] TRACE perfrun.system <> - EXIT:  runtool::system::IController *runtool::system::IController::create()
138 [6640] INFO perfrun.launcher <> - plugin system has been added successfully
138 [6640] INFO perfrun.launcher <> - plugin  has been added successfully
138 [6640] INFO perfrun.launcher <> - plugin  has been added successfully
138 [6640] INFO perfrun.launcher <> - plugin  has been added successfully
138 [6640] INFO perfrun.launcher <> - plugin  has been added successfully
138 [6640] INFO perfrun.launcher <> - plugin  has been added successfully
138 [6640] INFO perfrun.launcher <> - plugin  has been added successfully
138 [6640] INFO perfrun.launcher <> - plugin mrte has been added successfully
138 [6640] INFO perfrun.launcher <> - plugin  has been added successfully
139 [6640] INFO perfrun.launcher <> - plugin  has been added successfully
140 [6640] INFO perfrun.launcher <> - plugin  has been added successfully
140 [6640] INFO perfrun.launcher <> - plugin  has been added successfully
140 [6640] INFO perfrun.launcher <> - plugin  has been added successfully
140 [6640] TRACE perfrun.tpss <> - ENTER: runtool::sdk::IController *runtool::tpss::IController::create()
140 [6640] TRACE perfrun.tpss <> - ENTER: create tpss controller
146 [6640] TRACE perfrun.tpss <> - EXIT:  create tpss controller
146 [6640] TRACE perfrun.tpss <> - EXIT:  runtool::sdk::IController *runtool::tpss::IController::create()
146 [6640] INFO perfrun.launcher <> - plugin tpss has been added successfully
146 [6640] INFO perfrun.launcher <> - plugin  has been added successfully
146 [6640] INFO perfrun.launcher <> - plugin  has been added successfully
146 [6640] INFO perfrun.launcher <> - plugin  has been added successfully
146 [6640] INFO perfrun.launcher <> - plugin  has been added successfully
146 [6640] INFO perfrun.launcher <> - plugin  has been added successfully
146 [6640] INFO perfrun.launcher <> - plugin  has been added successfully
147 [6640] INFO perfrun.launcher <> - the option was added --interval: Specify an interval of data collection (for example, sampling) in milliseconds.
147 [6640] INFO perfrun.launcher <> - the option was added --follow-child: Profile process with or without children.
147 [6640] INFO perfrun.launcher <> - the option was added --gelding: BADMSG: perfrun1.launcher.plugin_manager::gelding
147 [6640] INFO perfrun.launcher <> - the option was added --time-source: Specify time source for measurement. Possible values: sys - wall clock time; tsc - time stamp counter; ext - time from an external source; auto - auto select accurate time source.
147 [6640] INFO perfrun.launcher <> - the option was added --stack: Enable or disable collection of stacks.
147 [6640] INFO perfrun.launcher <> - the option was added --stack-stitching: Enable or disable the stack stitching algorithm for Intel TBB-based applications.
147 [6640] INFO perfrun.launcher <> - the option was added --type: Specify type of data to be collected. For example, --type cpu:counters,waiting:nostack,io.
147 [6640] INFO perfrun.launcher <> - the option was added --mrte-mode: Specify Java/.NET/other managed runtime collection mode. Possible values: native - collect information only for native code; managed - collect information only for managed code; mixed - collect information for both managed and native code; auto - choose the mode based on binary type.
147 [6640] INFO perfrun.launcher <> - the option was added --mrte-mode-list: List supported Java/.NET/other managed runtime collection modes.
147 [6640] INFO perfrun.launcher <> - the option was added --mrte-type: Specify which managed runtimes to collect. Possible values: java - collect information for Java; dotnet - collect information for .NET; python - collect information for CPython. You can specify several values separated by comma.
147 [6640] INFO perfrun.launcher <> - the option was added --mrte-type-list: List supported Java/.NET/other managed runtime types.
147 [6640] INFO perfrun.launcher <> - the option was added --trace-strategy: Specify how to profile a process tree. <string> can be "<process>:trace:notrace" - profile the process but do not profile its children. Shorthand parameters: t - trace, nt - notrace. For example, "vtunedemo.exe:t:t".
147 [6640] INFO perfrun.launcher <> - the option was added --collector: BADMSG: perfrun1.launcher.plugin_manager::collector
147 [6640] INFO perfrun.launcher <> - the option was added --system-wide: Enable system-wide profiling. This mode may require additional permissions.
147 [6640] INFO perfrun.launcher <> - the option was added --kvm-guest: Enable KVM guest OS profiling.
148 [6640] INFO perfrun.launcher <> - the option was added --kvm-guest-kallsyms: Specify a local path to the /proc/kallsyms file copied from the guest OS for proper symbol resolution.
148 [6640] INFO perfrun.launcher <> - the option was added --kvm-guest-modules: Specify a local path to the /proc/modules file copied from the guest OS for proper symbol resolution.
148 [6640] INFO perfrun.launcher <> - the option was added --bandwidth-limits: Measure bandwidth limits
148 [6640] INFO perfrun.launcher <> - the option was added --bandwidth-strategy: Bandwidth limits determination specific properties (example: --bandwidth-strategy array-size=0,duration=500).
148 [6640] INFO perfrun.launcher <> - the option was added --bandwidth-config: List of benchmarks to run.
148 [6640] INFO perfrun.launcher <> - the option was added --system-collector-config: Specify subcollectors. Possible values: all, vdso, container, device-info, none.
148 [6640] INFO perfrun.launcher <> - the option was added --stackwalk: Specify stack unwinding method. Possible values: online - unwind stacks during collection; offline - unwind stacks after collection is finished.
148 [6640] INFO perfrun.launcher <> - the option was added --filter-include: Filter data during collection. Possible values: contended=<on|off> - filter out uncontended events; contended_nostack=<time> - filter out stacks for contended events that take less than <time> microseconds; wait=<time> - ignore transitions and blocks with wait time less than <time> microseconds; wait_nostack=<time> - filter out stacks for waits that take less than <time> microseconds.
148 [6640] INFO perfrun.launcher <> - the option was added --debug-pin: Debug PIN tool and runtime.
148 [6640] INFO perfrun.launcher <> - the option was added --debug-exception: Disallow the application to set own abnormal termination handler.
149 [6640] INFO perfrun.launcher <> - the option was added --trace-type: Specify the trace file granularity. Possible values: per-thread - per-thread trace file generation; per-process - per-process trace file generation.
149 [6640] INFO perfrun.launcher <> - the option was added --instrumentation-type: Specify type of instrumentation.
149 [6640] INFO perfrun.launcher <> - the option was added --guard-pulse-event: Enable handling of PulseEvent API in order not to miss signals made by the API during Hotspots collection.
149 [6640] INFO perfrun.launcher <> - the option was added --memory-strategy: Specify a minimal memory object size to be traced and a hash table size for faster objects search; for example: --memory-strategy obj-size-min=1024,hash-table-size=4096.
149 [6640] INFO perfrun.launcher <> - the option was added --target-system: BADMSG: perfrun1.launcher.plugin_manager::target-system
149 [6640] TRACE perfrun.launcher <> - Update configuration: tmp directory = C:\Users\josh\AppData\Local\Temp\advixe-tmp-josh
149 [6640] TRACE perfrun.launcher <> - EXIT:  Initialize the launcher
150 [6640] TRACE perfrun.launcher <> - ENTER: void runtool::CmdLineParser::parseOptionFile(const std::basic_string<__wchar_t, std::char_traits<__wchar_t>, std::allocator<__wchar_t>> &)
155 [6640] TRACE perfrun.launcher <> - EXIT:  void runtool::CmdLineParser::parseOptionFile(const std::basic_string<__wchar_t, std::char_traits<__wchar_t>, std::allocator<__wchar_t>> &)
155 [6640] INFO perfrun.launcher <> - create msngr2::ICliToolContext
156 [6640] TRACE perfrun.launcher <> - ENTER: void runtool::CmdLineParser::validateParseResult() const
157 [6640] TRACE perfrun.launcher <> - EXIT:  void runtool::CmdLineParser::validateParseResult() const
157 [6640] TRACE perfrun.launcher <> - ENTER: void runtool::CmdLineParser::populate(runtool::IConfiguration *) const
157 [6640] TRACE perfrun.launcher <> - Update configuration: action = start
157 [6640] TRACE perfrun.launcher <> - Update configuration: collection type = launcher
157 [6640] TRACE perfrun.launcher <> - Update configuration: compression level = 2
157 [6640] TRACE perfrun.launcher <> - Update configuration: duration = 0 sec
157 [6640] TRACE perfrun.launcher <> - Update configuration: data limit = 524288000 bytes
157 [6640] TRACE perfrun.launcher <> - Update configuration: disc space limit = 0 bytes
157 [6640] TRACE perfrun.launcher <> - Update configuration: return-app-exitcode = true
157 [6640] TRACE perfrun.launcher <> - Update configuration: result directory = C:\Users\josh\Desktop\git_temp\Parallel_Vision_Research\Windows\roofline_demo_samples\My Advisor Results - roofline_demo_samples\e000\hs010
157 [6640] TRACE perfrun.launcher <> - Update configuration: application = C:\Users\josh\Desktop\git_temp\Parallel_Vision_Research\Windows\roofline_demo_samples\x64\Release\roofline_demo_samples.exe
157 [6640] TRACE perfrun.launcher <> - [IN] option = interval; value = 10 !u32_t
157 [6640] TRACE perfrun.launcher <> - [IN] option = follow-child; value = true !bool
157 [6640] TRACE perfrun.launcher <> - [IN] option = gelding; value = false !bool
157 [6640] TRACE perfrun.launcher <> - [IN] option = time-source; value = auto !ustring
157 [6640] TRACE perfrun.launcher <> - [IN] option = stack; value = true !bool
157 [6640] TRACE perfrun.launcher <> - [IN] option = stack-stitching; value = true !bool
157 [6640] TRACE perfrun.launcher <> - [IN] option = type; value = cpu:stack !ustring
157 [6640] TRACE perfrun.launcher <> - [IN] option = mrte-mode; value = auto !ustring
157 [6640] TRACE perfrun.launcher <> - [IN] option = mrte-type; value = java !ustring
157 [6640] TRACE perfrun.launcher <> - [IN] option = mrte-type; value = dotnet !ustring
157 [6640] TRACE perfrun.launcher <> - [IN] option = mrte-type; value = python !ustring
157 [6640] TRACE perfrun.launcher <> - [IN] option = trace-strategy; value = ld-linux.so.2:notrace:notrace !ustring
157 [6640] TRACE perfrun.launcher <> - [IN] option = trace-strategy; value = ld-linux-x86-64.so.2:notrace:notrace !ustring
157 [6640] TRACE perfrun.launcher <> - [IN] option = collector; value = sep !ustring
157 [6640] TRACE perfrun.launcher <> - [IN] option = system-wide; value = false !bool
157 [6640] TRACE perfrun.launcher <> - [IN] option = kvm-guest; value = false !bool
157 [6640] TRACE perfrun.launcher <> - [IN] option = bandwidth-limits; value = false !bool
157 [6640] TRACE perfrun.launcher <> - [IN] option = bandwidth-config; value = dram !ustring
157 [6640] TRACE perfrun.launcher <> - [IN] option = bandwidth-config; value = mcdram !ustring
157 [6640] TRACE perfrun.launcher <> - [IN] option = bandwidth-config; value = cpu_cache !ustring
157 [6640] TRACE perfrun.launcher <> - [IN] option = bandwidth-config; value = flop_peak !ustring
157 [6640] TRACE perfrun.launcher <> - [IN] option = system-collector-config; value = all !ustring
157 [6640] TRACE perfrun.launcher <> - [IN] option = stackwalk; value = offline !ustring
157 [6640] TRACE perfrun.launcher <> - [IN] option = trace-type; value = per-thread !ustring
157 [6640] TRACE perfrun.launcher <> - [IN] option = instrumentation-type; value = pin !ustring
157 [6640] TRACE perfrun.launcher <> - [IN] option = guard-pulse-event; value = false !bool
157 [6640] TRACE perfrun.launcher <> - EXIT:  void runtool::CmdLineParser::populate(runtool::IConfiguration *) const
158 [10616] TRACE perfrun.tpss <> - ENTER: void runtool::tpss::Controller::setMessageChannel(runtool::sdk::IMessageChannel *)
158 [10616] TRACE perfrun.tpss <> - EXIT:  void runtool::tpss::Controller::setMessageChannel(runtool::sdk::IMessageChannel *)
158 [6640] INFO perfrun.launcher <> - create file finder object
158 [10616] TRACE perfrun.tpss <> - ENTER: void runtool::tpss::Controller::setRequestHandler(runtool::sdk::IRequestHandler *)
158 [10616] TRACE perfrun.tpss <> - EXIT:  void runtool::tpss::Controller::setRequestHandler(runtool::sdk::IRequestHandler *)
158 [6640] TRACE perfrun.launcher <> - Handle the user request: action = 0
158 [6640] TRACE perfrun.launcher <> - ENTER: int runtool::Launcher::doStart()
158 [6640] TRACE perfrun.launcher <> - ENTER: void runtool::Launcher::prepareLaunch()
158 [6640] TRACE perfrun.launcher <> - ENTER: void runtool::Launcher::prepareResultDirectory()
158 [6640] INFO perfrun.launcher <> - create a result directory: pattern = C:\Users\josh\Desktop\git_temp\Parallel_Vision_Research\Windows\roofline_demo_samples\My Advisor Results - roofline_demo_samples\e000\hs010 pid = 4294967295
166 [6640] TRACE perfrun.launcher <> - Update configuration: result directory = C:\Users\josh\Desktop\git_temp\Parallel_Vision_Research\Windows\roofline_demo_samples\My Advisor Results - roofline_demo_samples\e000\hs010
167 [6640] INFO perfrun.launcher <> - create data directory = C:\Users\josh\Desktop\git_temp\Parallel_Vision_Research\Windows\roofline_demo_samples\My Advisor Results - roofline_demo_samples\e000\hs010\data.0
175 [6640] TRACE perfrun.launcher <> - Update configuration: data directory = C:\Users\josh\Desktop\git_temp\Parallel_Vision_Research\Windows\roofline_demo_samples\My Advisor Results - roofline_demo_samples\e000\hs010\data.0
175 [6640] TRACE perfrun.launcher <> - EXIT:  void runtool::Launcher::prepareResultDirectory()
186 [6640] TRACE perfrun.launcher <> - IMessenger: send collection state with state = 11
186 [10616] TRACE perfrun.launcher <> - Update configuration: follow child = 1
186 [10616] TRACE perfrun.launcher <> - Update configuration: time source = 0
186 [10616] TRACE perfrun.launcher <> - Update configuration: stack = 1
186 [10616] TRACE perfrun.launcher <> - Update configuration: gelding = 0
186 [10616] TRACE perfrun.launcher <> - Update configuration: stack stitching = 1
187 [10616] TRACE perfrun.system <> - ENTER: int runtool::system::Controller::initialize(runtool::sdk::IConfiguration *)
187 [10616] TRACE perfrun.system <> - ENTER: int runtool::system::TraceWriter::initialize(runtool::sdk::IConfiguration *, runtool::system::TraceWriter::Settings *)
187 [10616] TRACE perfrun.sdk <> - set the compression level: 2
188 [10616] TRACE perfrun.sdk <> - ENTER: runtool::sdk::TraceFile::TraceFile(tpss_tmu_creator *, unsigned int, const std::basic_string<__wchar_t, std::char_traits<__wchar_t>, std::allocator<__wchar_t>> &, bool)
188 [10616] INFO perfrun.sdk <> - Allocating TMU :C:\Users\josh\Desktop\git_temp\Parallel_Vision_Research\Windows\roofline_demo_samples\My Advisor Results - roofline_demo_samples\e000\hs010\data.0\systemcollector-6160-DESKTOP-B3LU553.sc
189 [10616] TRACE perfrun.sdk <> - EXIT:  runtool::sdk::TraceFile::TraceFile(tpss_tmu_creator *, unsigned int, const std::basic_string<__wchar_t, std::char_traits<__wchar_t>, std::allocator<__wchar_t>> &, bool)
189 [10616] TRACE perfrun.system <> - EXIT:  int runtool::system::TraceWriter::initialize(runtool::sdk::IConfiguration *, runtool::system::TraceWriter::Settings *)
189 [10616] TRACE perfrun.system <> - EXIT:  int runtool::system::Controller::initialize(runtool::sdk::IConfiguration *)
189 [10616] INFO perfrun.launcher <> - plugin [] was disabled because it doesn't support the given collection type.
189 [10616] INFO perfrun.launcher <> - plugin [] was disabled because it doesn't support the given collection type.
189 [10616] INFO perfrun.launcher <> - plugin [] was disabled because it doesn't support the given collection type.
189 [10616] INFO perfrun.launcher <> - plugin [] was disabled because it doesn't support the given collection type.
189 [10616] INFO perfrun.launcher <> - plugin [] was disabled because it doesn't support the given collection type.
189 [10616] INFO perfrun.launcher <> - plugin [] was disabled because it doesn't support the given collection type.
189 [10616] TRACE perfrun.mrte <> - ENTER: int runtool::mrte::Controller::initialize(runtool::sdk::IConfiguration *)
189 [10616] TRACE perfrun.mrte <> - EXIT:  int runtool::mrte::Controller::initialize(runtool::sdk::IConfiguration *)
189 [10616] INFO perfrun.launcher <> - plugin [mrte] was disabled because it doesn't support the given collection type.
189 [10616] INFO perfrun.launcher <> - plugin [] was disabled because it doesn't support the given collection type.
189 [10616] INFO perfrun.launcher <> - plugin [] was disabled because it doesn't support the given collection type.
189 [10616] INFO perfrun.launcher <> - plugin [] was disabled because it doesn't support the given collection type.
189 [10616] INFO perfrun.launcher <> - plugin [] was disabled because it doesn't support the given collection type.
189 [10616] INFO perfrun.launcher <> - plugin [] was disabled because it doesn't support the given collection type.
189 [10616] TRACE perfrun.tpss <> - ENTER: int runtool::tpss::Controller::initialize(runtool::sdk::IConfiguration *)
189 [10616] INFO perfrun.tpss <> - initialize tpss controller
189 [10616] TRACE perfrun.tpss <> - ENTER: bool runtool::tpss::Controller::configureCollectionMode(const std::basic_string<__wchar_t, std::char_traits<__wchar_t>, std::allocator<__wchar_t>> &)
189 [10616] INFO perfrun.tpss <> - configure collection mode: value = cpu:stack
189 [10616] TRACE perfrun.tpss <> - EXIT:  bool runtool::tpss::Controller::configureCollectionMode(const std::basic_string<__wchar_t, std::char_traits<__wchar_t>, std::allocator<__wchar_t>> &)
189 [10616] TRACE perfrun.tpss <> - ENTER: tpss::trace_file_t runtool::tpss::castTraceFileType(const gen_helpers2::variant_t &)
189 [10616] TRACE perfrun.tpss <> - EXIT:  tpss::trace_file_t runtool::tpss::castTraceFileType(const gen_helpers2::variant_t &)
189 [10616] INFO perfrun.tpss <> - default obj-size-min=1024
189 [10616] INFO perfrun.tpss <> - default hash-table-size=0
189 [10616] TRACE perfrun.tpss <> - EXIT:  int runtool::tpss::Controller::initialize(runtool::sdk::IConfiguration *)
189 [10616] INFO perfrun.launcher <> - plugin [] was disabled because it doesn't support the given collection type.
189 [10616] INFO perfrun.launcher <> - plugin [] was disabled because it doesn't support the given collection type.
190 [10616] INFO perfrun.launcher <> - plugin [] was disabled because it doesn't support the given collection type.
190 [10616] INFO perfrun.launcher <> - plugin [] was disabled because it doesn't support the given collection type.
190 [10616] INFO perfrun.launcher <> - plugin [] was disabled because it doesn't support the given collection type.
190 [10616] INFO perfrun.launcher <> - plugin [] was disabled because it doesn't support the given collection type.
190 [6640] TRACE perfrun.launcher <> - RpcServer was created for IPC filename = C:\Users\josh\Desktop\git_temp\Parallel_Vision_Research\Windows\roofline_demo_samples\My Advisor Results - roofline_demo_samples\e000\hs010\runtool.6160.ipc
190 [6640] TRACE perfrun.launcher <> - RpcServer: setup all handlers at once
190 [6640] TRACE perfrun.launcher <> - RpcServer: setup a handler for ICancelRequest
190 [6640] TRACE perfrun.launcher <> - RpcServer: setup a handler for IPauseRequest
190 [6640] TRACE perfrun.launcher <> - RpcServer: setup a handler for IResumeRequest
190 [6640] TRACE perfrun.launcher <> - RpcServer: setup a handler for IStopRequest
190 [6640] TRACE perfrun.launcher <> - RpcServer: setup a handler for IStatusRequest
190 [6640] TRACE perfrun.launcher <> - RpcServer: setup a handler for IDetachRequest
190 [6640] TRACE perfrun.launcher <> - RpcServer: setup a handler for IMarkRequest
190 [6640] INFO perfrun.launcher <> - RpcServer: run RPC server to handle requests
191 [6640] DEBUG perfrun.launcher <> - RpcServer: wrote information about the RPC server into the IPC file
195 [6640] TRACE perfrun.launcher <> - IMessenger: send collection state with state = 1
195 [6640] TRACE perfrun.launcher <> - EXIT:  void runtool::Launcher::prepareLaunch()
195 [6056] TRACE perfrun.launcher <> - ENTER: RpcServer: the main loop handles RPC requests  from clients
196 [6640] TRACE perfrun.launcher <> - ENTER: bool runtool::IProcessUtil::checkExecutableFile(const std::basic_string<__wchar_t, std::char_traits<__wchar_t>, std::allocator<__wchar_t>> &)
250 [6640] INFO perfrun.launcher <> - IProcessUtil: the given executable 'C:\Users\josh\Desktop\git_temp\Parallel_Vision_Research\Windows\roofline_demo_samples\x64\Release\roofline_demo_samples.exe' is valid.
250 [6640] TRACE perfrun.launcher <> - EXIT:  bool runtool::IProcessUtil::checkExecutableFile(const std::basic_string<__wchar_t, std::char_traits<__wchar_t>, std::allocator<__wchar_t>> &)
250 [6640] INFO perfrun.launcher <> - Launcher: command line to start before modification = C:\Users\josh\Desktop\git_temp\Parallel_Vision_Research\Windows\roofline_demo_samples\x64\Release\roofline_demo_samples.exe
250 [10616] TRACE perfrun.tpss <> - ENTER: void runtool::tpss::Controller::modifyCommandLine(std::basic_string<__wchar_t, std::char_traits<__wchar_t>, std::allocator<__wchar_t>> &) const
253 [10616] TRACE perfrun.tpss <> - EXIT:  void runtool::tpss::Controller::modifyCommandLine(std::basic_string<__wchar_t, std::char_traits<__wchar_t>, std::allocator<__wchar_t>> &) const
253 [6640] INFO perfrun.launcher <> - Launcher: command line to start after modification = C:\Program Files (x86)\IntelSWTools\Advisor 2018\bin64\pin.exe -error_file C:\Users\josh\Desktop\git_temp\Parallel_Vision_Research\Windows\roofline_demo_samples\My Advisor Results - roofline_demo_samples\e000\hs010\data.0\pinerr.tpsslog -detach_reattach -probe -follow_execv -p32 C:\Program Files (x86)\IntelSWTools\Advisor 2018\bin32\pin.exe -p64 C:\Program Files (x86)\IntelSWTools\Advisor 2018\bin64\pin.exe -t64 C:\Program Files (x86)\IntelSWTools\Advisor 2018\bin64\tpsstool.dll -t C:\Program Files (x86)\IntelSWTools\Advisor 2018\bin32\tpsstool.dll -server_name tpss_ipc.6160 -prd_dir C:\Program Files (x86)\IntelSWTools\Advisor 2018 -- C:\Users\josh\Desktop\git_temp\Parallel_Vision_Research\Windows\roofline_demo_samples\x64\Release\roofline_demo_samples.exe
254 [6640] INFO perfrun.launcher <> - ProcessCreator object was created
254 [6640] TRACE perfrun.launcher <> - ENTER: unsigned int runtool::ProcessCreator::start(bool)
289 [6640] TRACE perfrun.launcher <> - EXIT:  unsigned int runtool::ProcessCreator::start(bool)
289 [6640] INFO perfrun.launcher <> - Launcher: the process was started in suspend mode
289 [10616] TRACE perfrun.system <> - ENTER: void runtool::system::Controller::onEvent(runtool::sdk::collection_state_t)
289 [10616] TRACE perfrun.system <> - EXIT:  void runtool::system::Controller::onEvent(runtool::sdk::collection_state_t)
289 [10616] TRACE perfrun.system <> - ENTER: bool runtool::system::Controller::start(unsigned int)
290 [10616] TRACE perfrun.launcher <> - IMessenger: send message with severity = 1 and msg = Peak bandwidth measurement started.
290 [10616] INFO perfrun.launcher <> - Messenger::say: Peak bandwidth measurement started.
290 [10616] TRACE perfrun.system <> - Max bandwidth measurement: array_size(b)=25165824 duration(ms)=100
5225 [10616] TRACE perfrun.launcher <> - IMessenger: send message with severity = 1 and msg = Peak bandwidth measurement finished.
5225 [10616] INFO perfrun.launcher <> - Messenger::say: Peak bandwidth measurement finished.
5226 [10616] TRACE perfrun.system <> - ENTER: bool runtool::system::getVideoAdapters(std::vector<runtool::system::gpu_adapter_t, std::allocator<runtool::system::gpu_adapter_t>> &)
5250 [10616] TRACE perfrun.system <> - EXIT:  bool runtool::system::getVideoAdapters(std::vector<runtool::system::gpu_adapter_t, std::allocator<runtool::system::gpu_adapter_t>> &)
5250 [10616] TRACE perfrun.system <> - EXIT:  bool runtool::system::Controller::start(unsigned int)
5250 [10616] TRACE perfrun.tpss <> - ENTER: bool runtool::tpss::Controller::start(unsigned int)
5250 [10616] INFO perfrun.tpss <> - start tpss controller for pid #13472
5301 [10616] TRACE perfrun.tpss <> - EXIT:  bool runtool::tpss::Controller::start(unsigned int)
5301 [10616] TRACE perfrun.system <> - ENTER: void runtool::system::Controller::onEvent(runtool::sdk::collection_state_t)
5301 [10616] TRACE perfrun.system <> - EXIT:  void runtool::system::Controller::onEvent(runtool::sdk::collection_state_t)
5301 [6640] INFO perfrun.launcher <> - Launcher: all plugins were started
5301 [6640] INFO perfrun.launcher <> - DirectoryMonitor object was created
5301 [6640] INFO perfrun.launcher <> - DirectoryMonitor: a callback was added
5301 [6640] INFO perfrun.launcher <> - DirectoryMonitor was started with pingTime = 1000
5301 [6640] INFO perfrun.launcher <> - DeadlineTimer is going to be constructed
5302 [6640] INFO perfrun.launcher <> - DeadlineTimer: a callback was added
5313 [6640] TRACE perfrun.launcher <> - ENTER: void runtool::ProcessCreator::resume()
5314 [6640] DEBUG perfrun.launcher <> - ProcessCreator: the process with pid = 13472 is resumed
5314 [6640] TRACE perfrun.launcher <> - EXIT:  void runtool::ProcessCreator::resume()
5314 [6640] INFO perfrun.launcher <> - Launcher: resume the profiled application and  wait its termination or stop command
5314 [6640] TRACE perfrun.launcher <> - ENTER: int runtool::ProcessCreator::wait()
5847 [6640] TRACE perfrun.launcher <> - EXIT:  int runtool::ProcessCreator::wait()
5847 [6640] INFO perfrun.launcher <> - Launcher: the profiled application was terminated  with exit code = 0
5847 [6640] TRACE perfrun.sdk <> - ENTER: void runtool::sdk::getFilesFromDirectoryByExt(const std::basic_string<__wchar_t, std::char_traits<__wchar_t>, std::allocator<__wchar_t>> &, const std::basic_string<__wchar_t, std::char_traits<__wchar_t>, std::allocator<__wchar_t>> &, std::list<std::basic_string<__wchar_t, std::char_traits<__wchar_t>, std::allocator<__wchar_t>>, std::allocator<std::basic_string<__wchar_t, std::char_traits<__wchar_t>, std::allocator<__wchar_t>>>> &)
5858 [6640] TRACE perfrun.sdk <> - EXIT:  void runtool::sdk::getFilesFromDirectoryByExt(const std::basic_string<__wchar_t, std::char_traits<__wchar_t>, std::allocator<__wchar_t>> &, const std::basic_string<__wchar_t, std::char_traits<__wchar_t>, std::allocator<__wchar_t>> &, std::list<std::basic_string<__wchar_t, std::char_traits<__wchar_t>, std::allocator<__wchar_t>>, std::allocator<std::basic_string<__wchar_t, std::char_traits<__wchar_t>, std::allocator<__wchar_t>>>> &)
5858 [10616] TRACE perfrun.system <> - ENTER: void runtool::system::Controller::onEvent(runtool::sdk::collection_state_t)
5858 [10616] TRACE perfrun.system <> - EXIT:  void runtool::system::Controller::onEvent(runtool::sdk::collection_state_t)
5858 [10616] TRACE perfrun.system <> - ENTER: bool runtool::system::Controller::stop()
5874 [10616] TRACE perfrun.system <> - EXIT:  bool runtool::system::Controller::stop()
5874 [10616] TRACE perfrun.tpss <> - ENTER: bool runtool::tpss::Controller::stop()
5874 [10616] INFO perfrun.tpss <> - stop tpss controller
5874 [10616] TRACE perfrun.tpss <> - EXIT:  bool runtool::tpss::Controller::stop()
5874 [10616] TRACE perfrun.system <> - ENTER: void runtool::system::Controller::onEvent(runtool::sdk::collection_state_t)
5874 [10616] TRACE perfrun.sdk <> - ENTER: void runtool::sdk::TraceFile::close(boost::system::error_code &)
5874 [10616] INFO perfrun.sdk <> - De-allocating TMU: C:\Users\josh\Desktop\git_temp\Parallel_Vision_Research\Windows\roofline_demo_samples\My Advisor Results - roofline_demo_samples\e000\hs010\data.0\systemcollector-6160-DESKTOP-B3LU553.sc
5889 [10616] TRACE perfrun.sdk <> - EXIT:  void runtool::sdk::TraceFile::close(boost::system::error_code &)
5889 [10616] INFO perfrun.system <> - closed the system trace file: C:\Users\josh\Desktop\git_temp\Parallel_Vision_Research\Windows\roofline_demo_samples\My Advisor Results - roofline_demo_samples\e000\hs010\data.0\systemcollector-6160-DESKTOP-B3LU553.sc
5889 [10616] TRACE perfrun.system <> - EXIT:  void runtool::system::Controller::onEvent(runtool::sdk::collection_state_t)
5889 [6640] TRACE perfrun.launcher <> - ENTER: void runtool::ProcessSetMonitor<unsigned int>::stop<>()
5889 [6640] TRACE perfrun.launcher <> - EXIT:  void runtool::ProcessSetMonitor<unsigned int>::stop<>()
5889 [6640] TRACE perfrun.launcher <> - ENTER: void runtool::ProcessCreator::stop()
5889 [6640] TRACE perfrun.launcher <> - EXIT:  void runtool::ProcessCreator::stop()
5889 [6640] INFO perfrun.launcher <> - Launcher: all plugins were stopped.
5889 [6640] INFO perfrun.launcher <> - DeadlineTimer is going to be destroyed
5889 [6640] INFO perfrun.launcher <> - DirectoryMonitor object was destroyed
5890 [6640] WARN perfrun.launcher <> - Stop command is ignored because it is received when collection is already stopped, at file: vcs\perfrun1\launcher\src\command_handler.cpp:201
5890 [6640] TRACE perfrun.launcher <> - ENTER: void runtool::Launcher::shutdownLaunch()
5890 [6640] TRACE perfrun.launcher <> - ENTER: Send RPC request
5890 [6056] TRACE perfrun.launcher <> - ENTER: Receive RPC request
5890 [6056] TRACE perfrun.launcher <> - header of the message was received: size = 8; message =       2a
5890 [6640] TRACE perfrun.launcher <> - header and body of the message was send: header = 22 serialization::archive 10 0 0 8 0 0 0 0; body = 22 serialization::archive 10 0 0 8 0 0 0 0
5891 [6056] TRACE perfrun.launcher <> - body of the message was received: size = 42; message = 22 serialization::archive 10 0 0 8 0 0 0 0
5891 [6640] TRACE perfrun.launcher <> - EXIT:  Send RPC request
5891 [6056] TRACE perfrun.launcher <> - EXIT:  Receive RPC request
5891 [6056] TRACE perfrun.launcher <> - EXIT:  RpcServer: the main loop handles RPC requests  from clients
5891 [6640] TRACE perfrun.sdk <> - ENTER: void runtool::sdk::getFilesFromDirectoryByExt(const std::basic_string<__wchar_t, std::char_traits<__wchar_t>, std::allocator<__wchar_t>> &, const std::basic_string<__wchar_t, std::char_traits<__wchar_t>, std::allocator<__wchar_t>> &, std::list<std::basic_string<__wchar_t, std::char_traits<__wchar_t>, std::allocator<__wchar_t>>, std::allocator<std::basic_string<__wchar_t, std::char_traits<__wchar_t>, std::allocator<__wchar_t>>>> &)
5898 [6640] TRACE perfrun.sdk <> - EXIT:  void runtool::sdk::getFilesFromDirectoryByExt(const std::basic_string<__wchar_t, std::char_traits<__wchar_t>, std::allocator<__wchar_t>> &, const std::basic_string<__wchar_t, std::char_traits<__wchar_t>, std::allocator<__wchar_t>> &, std::list<std::basic_string<__wchar_t, std::char_traits<__wchar_t>, std::allocator<__wchar_t>>, std::allocator<std::basic_string<__wchar_t, std::char_traits<__wchar_t>, std::allocator<__wchar_t>>>> &)
5898 [6640] TRACE perfrun.launcher <> - EXIT:  void runtool::Launcher::shutdownLaunch()
5898 [6640] TRACE perfrun.launcher <> - EXIT:  int runtool::Launcher::doStart()
5898 [6640] TRACE perfrun.launcher <> - IMessenger: send collection state with state = 3
5898 [6640] INFO perfrun.launcher <> - Application exit code: 0
5898 [6640] INFO perfrun.launcher <> - Exit code: 0
5898 [6640] TRACE perfrun.launcher <> - EXIT:  Start the collection
5898 [6640] TRACE perfrun.launcher <> - ENTER: Destroy the launcher...
5898 [6640] TRACE perfrun.launcher <> - EXIT:  Destroy the launcher...
5898 [6640] TRACE perfrun.launcher <> - ENTER: runtool::ProcessCreator::~ProcessCreator()
5898 [6640] TRACE perfrun.launcher <> - ENTER: void runtool::ProcessCreator::stop()
5898 [6640] TRACE perfrun.launcher <> - EXIT:  void runtool::ProcessCreator::stop()
5898 [6640] TRACE perfrun.launcher <> - EXIT:  runtool::ProcessCreator::~ProcessCreator()
5899 [6640] TRACE perfrun.launcher <> - PluginManagerProxy::doOperation thread was terminated.
5901 [6640] TRACE perfrun.launcher <> - EXIT:  int wmain(int, __wchar_t **)
