c:\users\josh\desktop\parallel_vision_research\windows\vector\vectorization_advisor\x64\release\example.optrpt
c:\users\josh\desktop\parallel_vision_research\windows\vector\vectorization_advisor\x64\release\example.obj
c:\users\josh\desktop\parallel_vision_research\windows\vector\vectorization_advisor\x64\release\vc141.pdb
c:\users\josh\appdata\local\temp\lnk{a95f119e-3b7d-4a6b-a21e-df8c52bddfed}.tmp
c:\users\josh\appdata\local\temp\lnk{f826f150-5222-48be-a3b4-9db5ac2e7bd2}.tmp
c:\users\josh\appdata\local\temp\lnk{c30b82b9-a81e-4942-a812-c5238248ea5f}.tmp
c:\users\josh\appdata\local\temp\lnk{e09ec7e2-7840-41c3-9e79-9d1dbe7f693e}.tmp
c:\users\josh\appdata\local\temp\lnk{6ea7371e-58d0-4b56-9422-33662ef83b4e}.tmp
c:\users\josh\appdata\local\temp\lnk{a9f146ef-7608-4288-8184-c155f74ae5cc}.tmp
c:\users\josh\appdata\local\temp\lnk{cb1d4548-9bf0-47a3-87ba-a9c0e4a3966b}.tmp
c:\users\josh\desktop\parallel_vision_research\windows\vector\x64\release\vectorization_advisor.exe
c:\users\josh\desktop\parallel_vision_research\windows\vector\x64\release\vectorization_advisor.pdb
c:\users\josh\desktop\parallel_vision_research\windows\vector\vectorization_advisor\x64\release\vectoriz.f94d6a64.tlog\cl.command.1.tlog
c:\users\josh\desktop\parallel_vision_research\windows\vector\vectorization_advisor\x64\release\vectoriz.f94d6a64.tlog\icl-mcpcom.read.1.tlog
c:\users\josh\desktop\parallel_vision_research\windows\vector\vectorization_advisor\x64\release\vectoriz.f94d6a64.tlog\icl-mcpcom.write.1.tlog
c:\users\josh\desktop\parallel_vision_research\windows\vector\vectorization_advisor\x64\release\vectoriz.f94d6a64.tlog\icl.command.1.tlog
c:\users\josh\desktop\parallel_vision_research\windows\vector\vectorization_advisor\x64\release\vectoriz.f94d6a64.tlog\icl.read.1.tlog
c:\users\josh\desktop\parallel_vision_research\windows\vector\vectorization_advisor\x64\release\vectoriz.f94d6a64.tlog\icl.write.1.tlog
c:\users\josh\desktop\parallel_vision_research\windows\vector\vectorization_advisor\x64\release\vectoriz.f94d6a64.tlog\xilink-link-cvtres.read.1.tlog
c:\users\josh\desktop\parallel_vision_research\windows\vector\vectorization_advisor\x64\release\vectoriz.f94d6a64.tlog\xilink-link-cvtres.write.1.tlog
c:\users\josh\desktop\parallel_vision_research\windows\vector\vectorization_advisor\x64\release\vectoriz.f94d6a64.tlog\xilink-link-rc.read.1.tlog
c:\users\josh\desktop\parallel_vision_research\windows\vector\vectorization_advisor\x64\release\vectoriz.f94d6a64.tlog\xilink-link-rc.write.1.tlog
c:\users\josh\desktop\parallel_vision_research\windows\vector\vectorization_advisor\x64\release\vectoriz.f94d6a64.tlog\xilink-link.read.1.tlog
c:\users\josh\desktop\parallel_vision_research\windows\vector\vectorization_advisor\x64\release\vectoriz.f94d6a64.tlog\xilink-link.read.2.tlog
c:\users\josh\desktop\parallel_vision_research\windows\vector\vectorization_advisor\x64\release\vectoriz.f94d6a64.tlog\xilink-link.write.1.tlog
c:\users\josh\desktop\parallel_vision_research\windows\vector\vectorization_advisor\x64\release\vectoriz.f94d6a64.tlog\xilink.command.1.tlog
c:\users\josh\desktop\parallel_vision_research\windows\vector\vectorization_advisor\x64\release\vectoriz.f94d6a64.tlog\xilink.read.1.tlog
c:\users\josh\desktop\parallel_vision_research\windows\vector\vectorization_advisor\x64\release\vectoriz.f94d6a64.tlog\xilink.write.1.tlog
