69 [13216] TRACE perfrun.launcher <> - ENTER: int wmain(int, __wchar_t **)
73 [13216] TRACE perfrun.launcher <> - ENTER: Start the collection
73 [13216] INFO perfrun.launcher <> - argc = 7; cmdline = C:\Program Files (x86)\IntelSWTools\Advisor 2018\bin64\advixe-runss.exe --ui-output-format xml --ui-output-fd 9932 --option-file C:\Users\josh\Desktop\Parallel_Vision_Research\Windows\Vector\Vectorization_Advisor\My Advisor Results - Vectorization_Advisor\e000\hs005\config\runss.options 
73 [13216] TRACE perfrun.launcher <> - ENTER: Initialize the launcher
117 [13216] INFO perfrun.launcher <> - New signal handler callback was added
117 [13216] TRACE perfrun.launcher <> - ENTER: void runtool::CmdLineParser::declareOptions()
130 [13216] TRACE perfrun.launcher <> - EXIT:  void runtool::CmdLineParser::declareOptions()
130 [13216] TRACE perfrun.system <> - ENTER: runtool::system::IController *runtool::system::IController::create()
130 [13216] TRACE perfrun.system <> - ENTER: runtool::system::Controller::Controller()
130 [13216] TRACE perfrun.system <> - EXIT:  runtool::system::Controller::Controller()
130 [13216] TRACE perfrun.system <> - EXIT:  runtool::system::IController *runtool::system::IController::create()
130 [13216] INFO perfrun.launcher <> - plugin system has been added successfully
130 [13216] INFO perfrun.launcher <> - plugin  has been added successfully
130 [13216] INFO perfrun.launcher <> - plugin  has been added successfully
130 [13216] INFO perfrun.launcher <> - plugin  has been added successfully
130 [13216] INFO perfrun.launcher <> - plugin  has been added successfully
130 [13216] INFO perfrun.launcher <> - plugin  has been added successfully
130 [13216] INFO perfrun.launcher <> - plugin  has been added successfully
130 [13216] INFO perfrun.launcher <> - plugin mrte has been added successfully
130 [13216] INFO perfrun.launcher <> - plugin  has been added successfully
130 [13216] INFO perfrun.launcher <> - plugin  has been added successfully
130 [13216] INFO perfrun.launcher <> - plugin  has been added successfully
131 [13216] INFO perfrun.launcher <> - plugin  has been added successfully
131 [13216] INFO perfrun.launcher <> - plugin  has been added successfully
131 [13216] TRACE perfrun.tpss <> - ENTER: runtool::sdk::IController *runtool::tpss::IController::create()
131 [13216] TRACE perfrun.tpss <> - ENTER: create tpss controller
137 [13216] TRACE perfrun.tpss <> - EXIT:  create tpss controller
137 [13216] TRACE perfrun.tpss <> - EXIT:  runtool::sdk::IController *runtool::tpss::IController::create()
137 [13216] INFO perfrun.launcher <> - plugin tpss has been added successfully
137 [13216] INFO perfrun.launcher <> - plugin  has been added successfully
137 [13216] INFO perfrun.launcher <> - plugin  has been added successfully
137 [13216] INFO perfrun.launcher <> - plugin  has been added successfully
137 [13216] INFO perfrun.launcher <> - plugin  has been added successfully
137 [13216] INFO perfrun.launcher <> - plugin  has been added successfully
137 [13216] INFO perfrun.launcher <> - plugin  has been added successfully
137 [13216] INFO perfrun.launcher <> - the option was added --interval: Specify an interval of data collection (for example, sampling) in milliseconds.
137 [13216] INFO perfrun.launcher <> - the option was added --follow-child: Profile process with or without children.
138 [13216] INFO perfrun.launcher <> - the option was added --gelding: BADMSG: perfrun1.launcher.plugin_manager::gelding
138 [13216] INFO perfrun.launcher <> - the option was added --time-source: Specify time source for measurement. Possible values: sys - wall clock time; tsc - time stamp counter; ext - time from an external source; auto - auto select accurate time source.
138 [13216] INFO perfrun.launcher <> - the option was added --stack: Enable or disable collection of stacks.
138 [13216] INFO perfrun.launcher <> - the option was added --stack-stitching: Enable or disable the stack stitching algorithm for Intel TBB-based applications.
138 [13216] INFO perfrun.launcher <> - the option was added --type: Specify type of data to be collected. For example, --type cpu:counters,waiting:nostack,io.
138 [13216] INFO perfrun.launcher <> - the option was added --mrte-mode: Specify Java/.NET/other managed runtime collection mode. Possible values: native - collect information only for native code; managed - collect information only for managed code; mixed - collect information for both managed and native code; auto - choose the mode based on binary type.
138 [13216] INFO perfrun.launcher <> - the option was added --mrte-mode-list: List supported Java/.NET/other managed runtime collection modes.
138 [13216] INFO perfrun.launcher <> - the option was added --mrte-type: Specify which managed runtimes to collect. Possible values: java - collect information for Java; dotnet - collect information for .NET; python - collect information for CPython. You can specify several values separated by comma.
138 [13216] INFO perfrun.launcher <> - the option was added --mrte-type-list: List supported Java/.NET/other managed runtime types.
138 [13216] INFO perfrun.launcher <> - the option was added --trace-strategy: Specify how to profile a process tree. <string> can be "<process>:trace:notrace" - profile the process but do not profile its children. Shorthand parameters: t - trace, nt - notrace. For example, "vtunedemo.exe:t:t".
138 [13216] INFO perfrun.launcher <> - the option was added --collector: BADMSG: perfrun1.launcher.plugin_manager::collector
138 [13216] INFO perfrun.launcher <> - the option was added --system-wide: Enable system-wide profiling. This mode may require additional permissions.
139 [13216] INFO perfrun.launcher <> - the option was added --kvm-guest: Enable KVM guest OS profiling.
139 [13216] INFO perfrun.launcher <> - the option was added --kvm-guest-kallsyms: Specify a local path to the /proc/kallsyms file copied from the guest OS for proper symbol resolution.
139 [13216] INFO perfrun.launcher <> - the option was added --kvm-guest-modules: Specify a local path to the /proc/modules file copied from the guest OS for proper symbol resolution.
139 [13216] INFO perfrun.launcher <> - the option was added --target-system: BADMSG: perfrun1.launcher.plugin_manager::target-system
139 [13216] INFO perfrun.launcher <> - the option was added --bandwidth-limits: Measure bandwidth limits
139 [13216] INFO perfrun.launcher <> - the option was added --bandwidth-strategy: Bandwidth limits determination specific properties (example: --bandwidth-strategy array-size=0,duration=500).
139 [13216] INFO perfrun.launcher <> - the option was added --bandwidth-config: List of benchmarks to run.
139 [13216] INFO perfrun.launcher <> - the option was added --benchmark-sync: Run synchronized bandwidth measurement.
139 [13216] INFO perfrun.launcher <> - the option was added --system-collector-config: Specify subcollectors. Possible values: all, vdso, container, device-info, none.
139 [13216] INFO perfrun.launcher <> - the option was added --stackwalk: Specify stack unwinding method. Possible values: online - unwind stacks during collection; offline - unwind stacks after collection is finished.
139 [13216] INFO perfrun.launcher <> - the option was added --filter-include: Filter data during collection. Possible values: contended=<on|off> - filter out uncontended events; contended_nostack=<time> - filter out stacks for contended events that take less than <time> microseconds; wait=<time> - ignore transitions and blocks with wait time less than <time> microseconds; wait_nostack=<time> - filter out stacks for waits that take less than <time> microseconds.
140 [13216] INFO perfrun.launcher <> - the option was added --debug-pin: Debug PIN tool and runtime.
140 [13216] INFO perfrun.launcher <> - the option was added --debug-exception: Disallow the application to set own abnormal termination handler.
140 [13216] INFO perfrun.launcher <> - the option was added --trace-type: Specify the trace file granularity. Possible values: per-thread - per-thread trace file generation; per-process - per-process trace file generation.
140 [13216] INFO perfrun.launcher <> - the option was added --instrumentation-type: Specify type of instrumentation.
140 [13216] INFO perfrun.launcher <> - the option was added --guard-pulse-event: Enable handling of PulseEvent API in order not to miss signals made by the API during Hotspots collection.
140 [13216] INFO perfrun.launcher <> - the option was added --memory-strategy: Specify a minimal memory object size to be traced and a hash table size for faster objects search; for example: --memory-strategy obj-size-min=1024,hash-table-size=4096.
140 [13216] TRACE perfrun.launcher <> - Update configuration: tmp directory = C:\Users\josh\AppData\Local\Temp\advixe-tmp-josh
141 [13216] TRACE perfrun.launcher <> - EXIT:  Initialize the launcher
142 [13216] TRACE perfrun.launcher <> - ENTER: void runtool::CmdLineParser::parseOptionFile(const std::basic_string<__wchar_t, std::char_traits<__wchar_t>, std::allocator<__wchar_t>> &)
148 [13216] TRACE perfrun.launcher <> - EXIT:  void runtool::CmdLineParser::parseOptionFile(const std::basic_string<__wchar_t, std::char_traits<__wchar_t>, std::allocator<__wchar_t>> &)
148 [13216] INFO perfrun.launcher <> - create msngr2::ICliToolContext
151 [13216] TRACE perfrun.launcher <> - ENTER: void runtool::CmdLineParser::validateParseResult() const
151 [13216] TRACE perfrun.launcher <> - EXIT:  void runtool::CmdLineParser::validateParseResult() const
151 [13216] TRACE perfrun.launcher <> - ENTER: void runtool::CmdLineParser::populate(runtool::IConfiguration *) const
151 [13216] TRACE perfrun.launcher <> - Update configuration: action = start
151 [13216] TRACE perfrun.launcher <> - Update configuration: collection type = launcher
151 [13216] TRACE perfrun.launcher <> - Update configuration: compression level = 2
151 [13216] TRACE perfrun.launcher <> - Update configuration: duration = 0 sec
151 [13216] TRACE perfrun.launcher <> - Update configuration: data limit = 524288000 bytes
151 [13216] TRACE perfrun.launcher <> - Update configuration: disc space limit = 0 bytes
151 [13216] TRACE perfrun.launcher <> - Update configuration: return-app-exitcode = true
151 [13216] TRACE perfrun.launcher <> - Update configuration: result directory = C:\Users\josh\Desktop\Parallel_Vision_Research\Windows\Vector\Vectorization_Advisor\My Advisor Results - Vectorization_Advisor\e000\hs005
151 [13216] TRACE perfrun.launcher <> - Update configuration: application = C:\Users\josh\Desktop\Parallel_Vision_Research\Windows\Vector\x64\Release\Vectorization_Advisor.exe
151 [13216] TRACE perfrun.launcher <> - [IN] option = interval; value = 10 !u32_t
151 [13216] TRACE perfrun.launcher <> - [IN] option = follow-child; value = true !bool
151 [13216] TRACE perfrun.launcher <> - [IN] option = gelding; value = false !bool
151 [13216] TRACE perfrun.launcher <> - [IN] option = time-source; value = auto !ustring
151 [13216] TRACE perfrun.launcher <> - [IN] option = stack; value = true !bool
151 [13216] TRACE perfrun.launcher <> - [IN] option = stack-stitching; value = true !bool
151 [13216] TRACE perfrun.launcher <> - [IN] option = type; value = cpu:stack !ustring
151 [13216] TRACE perfrun.launcher <> - [IN] option = mrte-mode; value = auto !ustring
151 [13216] TRACE perfrun.launcher <> - [IN] option = mrte-type; value = java !ustring
151 [13216] TRACE perfrun.launcher <> - [IN] option = mrte-type; value = dotnet !ustring
151 [13216] TRACE perfrun.launcher <> - [IN] option = mrte-type; value = python !ustring
151 [13216] TRACE perfrun.launcher <> - [IN] option = trace-strategy; value = ld-linux.so.2:notrace:notrace !ustring
151 [13216] TRACE perfrun.launcher <> - [IN] option = trace-strategy; value = ld-linux-x86-64.so.2:notrace:notrace !ustring
151 [13216] TRACE perfrun.launcher <> - [IN] option = collector; value = sep !ustring
151 [13216] TRACE perfrun.launcher <> - [IN] option = system-wide; value = false !bool
151 [13216] TRACE perfrun.launcher <> - [IN] option = kvm-guest; value = false !bool
151 [13216] TRACE perfrun.launcher <> - [IN] option = bandwidth-limits; value = false !bool
151 [13216] TRACE perfrun.launcher <> - [IN] option = bandwidth-config; value = dram !ustring
151 [13216] TRACE perfrun.launcher <> - [IN] option = bandwidth-config; value = mcdram !ustring
151 [13216] TRACE perfrun.launcher <> - [IN] option = bandwidth-config; value = cpu_cache !ustring
151 [13216] TRACE perfrun.launcher <> - [IN] option = bandwidth-config; value = flop_peak !ustring
151 [13216] TRACE perfrun.launcher <> - [IN] option = benchmark-sync; value = false !bool
151 [13216] TRACE perfrun.launcher <> - [IN] option = system-collector-config; value = all !ustring
151 [13216] TRACE perfrun.launcher <> - [IN] option = stackwalk; value = offline !ustring
152 [13216] TRACE perfrun.launcher <> - [IN] option = trace-type; value = per-thread !ustring
152 [13216] TRACE perfrun.launcher <> - [IN] option = instrumentation-type; value = pin !ustring
152 [13216] TRACE perfrun.launcher <> - [IN] option = guard-pulse-event; value = false !bool
152 [13216] TRACE perfrun.launcher <> - EXIT:  void runtool::CmdLineParser::populate(runtool::IConfiguration *) const
152 [13896] TRACE perfrun.tpss <> - ENTER: void runtool::tpss::Controller::setMessageChannel(runtool::sdk::IMessageChannel *)
152 [13896] TRACE perfrun.tpss <> - EXIT:  void runtool::tpss::Controller::setMessageChannel(runtool::sdk::IMessageChannel *)
152 [13216] INFO perfrun.launcher <> - create file finder object
152 [13896] TRACE perfrun.tpss <> - ENTER: void runtool::tpss::Controller::setRequestHandler(runtool::sdk::IRequestHandler *)
152 [13896] TRACE perfrun.tpss <> - EXIT:  void runtool::tpss::Controller::setRequestHandler(runtool::sdk::IRequestHandler *)
152 [13216] TRACE perfrun.launcher <> - Handle the user request: action = 0
152 [13216] TRACE perfrun.launcher <> - ENTER: int runtool::Launcher::doStart()
152 [13216] TRACE perfrun.launcher <> - ENTER: void runtool::Launcher::prepareLaunch()
152 [13216] TRACE perfrun.launcher <> - ENTER: void runtool::Launcher::prepareResultDirectory()
152 [13216] INFO perfrun.launcher <> - create a result directory: pattern = C:\Users\josh\Desktop\Parallel_Vision_Research\Windows\Vector\Vectorization_Advisor\My Advisor Results - Vectorization_Advisor\e000\hs005 pid = 4294967295
161 [13216] TRACE perfrun.launcher <> - Update configuration: result directory = C:\Users\josh\Desktop\Parallel_Vision_Research\Windows\Vector\Vectorization_Advisor\My Advisor Results - Vectorization_Advisor\e000\hs005
161 [13216] INFO perfrun.launcher <> - create data directory = C:\Users\josh\Desktop\Parallel_Vision_Research\Windows\Vector\Vectorization_Advisor\My Advisor Results - Vectorization_Advisor\e000\hs005\data.0
166 [13216] TRACE perfrun.launcher <> - Update configuration: data directory = C:\Users\josh\Desktop\Parallel_Vision_Research\Windows\Vector\Vectorization_Advisor\My Advisor Results - Vectorization_Advisor\e000\hs005\data.0
166 [13216] TRACE perfrun.launcher <> - EXIT:  void runtool::Launcher::prepareResultDirectory()
180 [13216] TRACE perfrun.launcher <> - IMessenger: send collection state with state = 11
180 [13896] TRACE perfrun.launcher <> - Update configuration: follow child = 1
180 [13896] TRACE perfrun.launcher <> - Update configuration: time source = 0
180 [13896] TRACE perfrun.launcher <> - Update configuration: stack = 1
180 [13896] TRACE perfrun.launcher <> - Update configuration: gelding = 0
180 [13896] TRACE perfrun.launcher <> - Update configuration: stack stitching = 1
180 [13896] TRACE perfrun.system <> - ENTER: int runtool::system::Controller::initialize(runtool::sdk::IConfiguration *)
192 [13896] TRACE perfrun.system <> - ENTER: int runtool::system::TraceWriter::initialize(runtool::sdk::IConfiguration *, runtool::system::TraceWriter::Settings *)
192 [13896] TRACE perfrun.sdk <> - set the compression level: 2
193 [13896] TRACE perfrun.sdk <> - ENTER: runtool::sdk::TraceFile::TraceFile(tpss_tmu_creator *, unsigned int, const std::basic_string<__wchar_t, std::char_traits<__wchar_t>, std::allocator<__wchar_t>> &, bool)
193 [13896] INFO perfrun.sdk <> - Allocating TMU :C:\Users\josh\Desktop\Parallel_Vision_Research\Windows\Vector\Vectorization_Advisor\My Advisor Results - Vectorization_Advisor\e000\hs005\data.0\systemcollector-2100-DESKTOP-B3LU553.sc
194 [13896] TRACE perfrun.sdk <> - EXIT:  runtool::sdk::TraceFile::TraceFile(tpss_tmu_creator *, unsigned int, const std::basic_string<__wchar_t, std::char_traits<__wchar_t>, std::allocator<__wchar_t>> &, bool)
194 [13896] TRACE perfrun.system <> - EXIT:  int runtool::system::TraceWriter::initialize(runtool::sdk::IConfiguration *, runtool::system::TraceWriter::Settings *)
194 [13896] TRACE perfrun.system <> - EXIT:  int runtool::system::Controller::initialize(runtool::sdk::IConfiguration *)
194 [13896] INFO perfrun.launcher <> - plugin [] was disabled because it doesn't support the given collection type.
194 [13896] INFO perfrun.launcher <> - plugin [] was disabled because it doesn't support the given collection type.
194 [13896] INFO perfrun.launcher <> - plugin [] was disabled because it doesn't support the given collection type.
194 [13896] INFO perfrun.launcher <> - plugin [] was disabled because it doesn't support the given collection type.
194 [13896] INFO perfrun.launcher <> - plugin [] was disabled because it doesn't support the given collection type.
194 [13896] INFO perfrun.launcher <> - plugin [] was disabled because it doesn't support the given collection type.
194 [13896] TRACE perfrun.mrte <> - ENTER: int runtool::mrte::Controller::initialize(runtool::sdk::IConfiguration *)
194 [13896] TRACE perfrun.mrte <> - EXIT:  int runtool::mrte::Controller::initialize(runtool::sdk::IConfiguration *)
195 [13896] INFO perfrun.launcher <> - plugin [mrte] was disabled because it doesn't support the given collection type.
195 [13896] INFO perfrun.launcher <> - plugin [] was disabled because it doesn't support the given collection type.
195 [13896] INFO perfrun.launcher <> - plugin [] was disabled because it doesn't support the given collection type.
195 [13896] INFO perfrun.launcher <> - plugin [] was disabled because it doesn't support the given collection type.
195 [13896] INFO perfrun.launcher <> - plugin [] was disabled because it doesn't support the given collection type.
195 [13896] INFO perfrun.launcher <> - plugin [] was disabled because it doesn't support the given collection type.
195 [13896] TRACE perfrun.tpss <> - ENTER: int runtool::tpss::Controller::initialize(runtool::sdk::IConfiguration *)
195 [13896] INFO perfrun.tpss <> - initialize tpss controller
195 [13896] TRACE perfrun.tpss <> - ENTER: bool runtool::tpss::Controller::configureCollectionMode(const std::basic_string<__wchar_t, std::char_traits<__wchar_t>, std::allocator<__wchar_t>> &)
195 [13896] INFO perfrun.tpss <> - configure collection mode: value = cpu:stack
195 [13896] TRACE perfrun.tpss <> - EXIT:  bool runtool::tpss::Controller::configureCollectionMode(const std::basic_string<__wchar_t, std::char_traits<__wchar_t>, std::allocator<__wchar_t>> &)
195 [13896] TRACE perfrun.tpss <> - ENTER: tpss::trace_file_t runtool::tpss::castTraceFileType(const gen_helpers2::variant_t &)
195 [13896] TRACE perfrun.tpss <> - EXIT:  tpss::trace_file_t runtool::tpss::castTraceFileType(const gen_helpers2::variant_t &)
195 [13896] INFO perfrun.tpss <> - default obj-size-min=1024
195 [13896] INFO perfrun.tpss <> - default hash-table-size=0
195 [13896] TRACE perfrun.tpss <> - EXIT:  int runtool::tpss::Controller::initialize(runtool::sdk::IConfiguration *)
195 [13896] INFO perfrun.launcher <> - plugin [] was disabled because it doesn't support the given collection type.
195 [13896] INFO perfrun.launcher <> - plugin [] was disabled because it doesn't support the given collection type.
195 [13896] INFO perfrun.launcher <> - plugin [] was disabled because it doesn't support the given collection type.
195 [13896] INFO perfrun.launcher <> - plugin [] was disabled because it doesn't support the given collection type.
195 [13896] INFO perfrun.launcher <> - plugin [] was disabled because it doesn't support the given collection type.
195 [13896] INFO perfrun.launcher <> - plugin [] was disabled because it doesn't support the given collection type.
195 [13216] TRACE perfrun.launcher <> - RpcServer was created for IPC filename = C:\Users\josh\Desktop\Parallel_Vision_Research\Windows\Vector\Vectorization_Advisor\My Advisor Results - Vectorization_Advisor\e000\hs005\runtool.2100.ipc
195 [13216] TRACE perfrun.launcher <> - RpcServer: setup all handlers at once
195 [13216] TRACE perfrun.launcher <> - RpcServer: setup a handler for ICancelRequest
195 [13216] TRACE perfrun.launcher <> - RpcServer: setup a handler for IPauseRequest
196 [13216] TRACE perfrun.launcher <> - RpcServer: setup a handler for IResumeRequest
196 [13216] TRACE perfrun.launcher <> - RpcServer: setup a handler for IStopRequest
196 [13216] TRACE perfrun.launcher <> - RpcServer: setup a handler for IStatusRequest
196 [13216] TRACE perfrun.launcher <> - RpcServer: setup a handler for IDetachRequest
196 [13216] TRACE perfrun.launcher <> - RpcServer: setup a handler for IMarkRequest
196 [13216] INFO perfrun.launcher <> - RpcServer: run RPC server to handle requests
197 [13216] DEBUG perfrun.launcher <> - RpcServer: wrote information about the RPC server into the IPC file
202 [13216] TRACE perfrun.launcher <> - EXIT:  void runtool::Launcher::prepareLaunch()
202 [13216] TRACE perfrun.launcher <> - ENTER: bool runtool::IProcessUtil::checkExecutableFile(const std::basic_string<__wchar_t, std::char_traits<__wchar_t>, std::allocator<__wchar_t>> &)
202 [13304] TRACE perfrun.launcher <> - ENTER: RpcServer: the main loop handles RPC requests  from clients
229 [13216] INFO perfrun.launcher <> - IProcessUtil: the given executable 'C:\Users\josh\Desktop\Parallel_Vision_Research\Windows\Vector\x64\Release\Vectorization_Advisor.exe' is valid.
229 [13216] TRACE perfrun.launcher <> - EXIT:  bool runtool::IProcessUtil::checkExecutableFile(const std::basic_string<__wchar_t, std::char_traits<__wchar_t>, std::allocator<__wchar_t>> &)
229 [13216] INFO perfrun.launcher <> - Launcher: command line to start before modification = C:\Users\josh\Desktop\Parallel_Vision_Research\Windows\Vector\x64\Release\Vectorization_Advisor.exe
229 [13896] TRACE perfrun.tpss <> - ENTER: void runtool::tpss::Controller::modifyCommandLine(std::basic_string<__wchar_t, std::char_traits<__wchar_t>, std::allocator<__wchar_t>> &) const
234 [13896] TRACE perfrun.tpss <> - EXIT:  void runtool::tpss::Controller::modifyCommandLine(std::basic_string<__wchar_t, std::char_traits<__wchar_t>, std::allocator<__wchar_t>> &) const
234 [13216] INFO perfrun.launcher <> - Launcher: command line to start after modification = C:\Program Files (x86)\IntelSWTools\Advisor 2018\bin64\pin.exe -error_file C:\Users\josh\Desktop\Parallel_Vision_Research\Windows\Vector\Vectorization_Advisor\My Advisor Results - Vectorization_Advisor\e000\hs005\data.0\pinerr.tpsslog -detach_reattach -probe -follow_execv -p32 C:\Program Files (x86)\IntelSWTools\Advisor 2018\bin32\pin.exe -p64 C:\Program Files (x86)\IntelSWTools\Advisor 2018\bin64\pin.exe -t64 C:\Program Files (x86)\IntelSWTools\Advisor 2018\bin64\tpsstool.dll -t C:\Program Files (x86)\IntelSWTools\Advisor 2018\bin32\tpsstool.dll -server_name tpss_ipc.2100 -prd_dir C:\Program Files (x86)\IntelSWTools\Advisor 2018 -- C:\Users\josh\Desktop\Parallel_Vision_Research\Windows\Vector\x64\Release\Vectorization_Advisor.exe
234 [13216] INFO perfrun.launcher <> - ProcessCreator object was created
234 [13216] TRACE perfrun.launcher <> - ENTER: unsigned int runtool::ProcessCreator::start(bool)
272 [13216] TRACE perfrun.launcher <> - EXIT:  unsigned int runtool::ProcessCreator::start(bool)
272 [13216] INFO perfrun.launcher <> - Launcher: the process was started in suspend mode
272 [13896] TRACE perfrun.system <> - ENTER: void runtool::system::Controller::onEvent(runtool::sdk::collection_state_t)
272 [13896] TRACE perfrun.system <> - EXIT:  void runtool::system::Controller::onEvent(runtool::sdk::collection_state_t)
272 [13896] TRACE perfrun.system <> - ENTER: bool runtool::system::Controller::start(unsigned int)
272 [13896] TRACE perfrun.launcher <> - IMessenger: send message with severity = 1 and msg = Peak bandwidth measurement started.
272 [13896] INFO perfrun.launcher <> - Messenger::say: Peak bandwidth measurement started.
3643 [13896] TRACE perfrun.system <> - Max bandwidth measurement: array_size(b)=25165824 duration(ms)=100
5179 [13896] TRACE perfrun.launcher <> - IMessenger: send message with severity = 1 and msg = Peak bandwidth measurement finished.
5179 [13896] INFO perfrun.launcher <> - Messenger::say: Peak bandwidth measurement finished.
5180 [13896] TRACE perfrun.system <> - ENTER: bool runtool::system::getVideoAdapters(std::vector<runtool::system::gpu_adapter_t, std::allocator<runtool::system::gpu_adapter_t>> &)
5208 [13896] TRACE perfrun.system <> - EXIT:  bool runtool::system::getVideoAdapters(std::vector<runtool::system::gpu_adapter_t, std::allocator<runtool::system::gpu_adapter_t>> &)
5208 [13896] TRACE perfrun.system <> - EXIT:  bool runtool::system::Controller::start(unsigned int)
5208 [13896] TRACE perfrun.tpss <> - ENTER: bool runtool::tpss::Controller::start(unsigned int)
5208 [13896] INFO perfrun.tpss <> - start tpss controller for pid #13184
5259 [13896] TRACE perfrun.tpss <> - EXIT:  bool runtool::tpss::Controller::start(unsigned int)
5259 [13896] TRACE perfrun.system <> - ENTER: void runtool::system::Controller::onEvent(runtool::sdk::collection_state_t)
5259 [13896] TRACE perfrun.system <> - EXIT:  void runtool::system::Controller::onEvent(runtool::sdk::collection_state_t)
5259 [13216] INFO perfrun.launcher <> - Launcher: all plugins were started
5259 [13216] TRACE perfrun.launcher <> - IMessenger: send collection state with state = 1
5259 [13216] TRACE perfrun.launcher <> - ENTER: void runtool::Launcher::setupResumeAfterCallback()
5259 [13216] TRACE perfrun.launcher <> - EXIT:  void runtool::Launcher::setupResumeAfterCallback()
5259 [13216] TRACE perfrun.launcher <> - ENTER: void runtool::Launcher::setupHardStopCallbacks()
5259 [13216] INFO perfrun.launcher <> - DirectoryMonitor object was created
5259 [13216] INFO perfrun.launcher <> - DirectoryMonitor: a callback was added
5259 [13216] INFO perfrun.launcher <> - DirectoryMonitor was started with pingTime = 1000
5259 [13216] INFO perfrun.launcher <> - DeadlineTimer is going to be constructed
5260 [13216] INFO perfrun.launcher <> - DeadlineTimer: a callback was added
5260 [13216] TRACE perfrun.launcher <> - EXIT:  void runtool::Launcher::setupHardStopCallbacks()
5260 [13216] TRACE perfrun.launcher <> - ENTER: void runtool::Launcher::setupDurationCallback(bool)
5260 [13216] TRACE perfrun.launcher <> - EXIT:  void runtool::Launcher::setupDurationCallback(bool)
5272 [13216] TRACE perfrun.launcher <> - ENTER: void runtool::ProcessCreator::resume()
5272 [13216] DEBUG perfrun.launcher <> - ProcessCreator: the process with pid = 13184 is resumed
5273 [13216] TRACE perfrun.launcher <> - EXIT:  void runtool::ProcessCreator::resume()
5273 [13216] INFO perfrun.launcher <> - Launcher: resume the profiled application and  wait its termination or stop command
5273 [13216] TRACE perfrun.launcher <> - ENTER: int runtool::ProcessCreator::wait()
6260 [15076] TRACE perfrun.launcher <> - ENTER: void runtool::DeadlineTimer::notify(const boost::system::error_code &)
6260 [15076] TRACE perfrun.launcher <> - ENTER: void runtool::DirectoryMonitor::notifyAll()
6260 [15076] TRACE perfrun.sdk <> - ENTER: void runtool::sdk::getFilesFromDirectoryByExt(const std::basic_string<__wchar_t, std::char_traits<__wchar_t>, std::allocator<__wchar_t>> &, const std::basic_string<__wchar_t, std::char_traits<__wchar_t>, std::allocator<__wchar_t>> &, std::list<std::basic_string<__wchar_t, std::char_traits<__wchar_t>, std::allocator<__wchar_t>>, std::allocator<std::basic_string<__wchar_t, std::char_traits<__wchar_t>, std::allocator<__wchar_t>>>> &)
6275 [15076] TRACE perfrun.sdk <> - EXIT:  void runtool::sdk::getFilesFromDirectoryByExt(const std::basic_string<__wchar_t, std::char_traits<__wchar_t>, std::allocator<__wchar_t>> &, const std::basic_string<__wchar_t, std::char_traits<__wchar_t>, std::allocator<__wchar_t>> &, std::list<std::basic_string<__wchar_t, std::char_traits<__wchar_t>, std::allocator<__wchar_t>>, std::allocator<std::basic_string<__wchar_t, std::char_traits<__wchar_t>, std::allocator<__wchar_t>>>> &)
6276 [15076] DEBUG perfrun.launcher <> - DirectoryInfo: total size of monitored paths is 0 bytes
6276 [15076] TRACE perfrun.launcher <> - EXIT:  void runtool::DirectoryMonitor::notifyAll()
6277 [15076] TRACE perfrun.launcher <> - EXIT:  void runtool::DeadlineTimer::notify(const boost::system::error_code &)
7276 [15076] TRACE perfrun.launcher <> - ENTER: void runtool::DeadlineTimer::notify(const boost::system::error_code &)
7276 [15076] TRACE perfrun.launcher <> - ENTER: void runtool::DirectoryMonitor::notifyAll()
7276 [15076] TRACE perfrun.sdk <> - ENTER: void runtool::sdk::getFilesFromDirectoryByExt(const std::basic_string<__wchar_t, std::char_traits<__wchar_t>, std::allocator<__wchar_t>> &, const std::basic_string<__wchar_t, std::char_traits<__wchar_t>, std::allocator<__wchar_t>> &, std::list<std::basic_string<__wchar_t, std::char_traits<__wchar_t>, std::allocator<__wchar_t>>, std::allocator<std::basic_string<__wchar_t, std::char_traits<__wchar_t>, std::allocator<__wchar_t>>>> &)
7298 [15076] TRACE perfrun.sdk <> - EXIT:  void runtool::sdk::getFilesFromDirectoryByExt(const std::basic_string<__wchar_t, std::char_traits<__wchar_t>, std::allocator<__wchar_t>> &, const std::basic_string<__wchar_t, std::char_traits<__wchar_t>, std::allocator<__wchar_t>> &, std::list<std::basic_string<__wchar_t, std::char_traits<__wchar_t>, std::allocator<__wchar_t>>, std::allocator<std::basic_string<__wchar_t, std::char_traits<__wchar_t>, std::allocator<__wchar_t>>>> &)
7300 [15076] DEBUG perfrun.launcher <> - DirectoryInfo: total size of monitored paths is 269759 bytes
7300 [15076] TRACE perfrun.launcher <> - EXIT:  void runtool::DirectoryMonitor::notifyAll()
7300 [15076] TRACE perfrun.launcher <> - EXIT:  void runtool::DeadlineTimer::notify(const boost::system::error_code &)
8301 [15076] TRACE perfrun.launcher <> - ENTER: void runtool::DeadlineTimer::notify(const boost::system::error_code &)
8301 [15076] TRACE perfrun.launcher <> - ENTER: void runtool::DirectoryMonitor::notifyAll()
8301 [15076] TRACE perfrun.sdk <> - ENTER: void runtool::sdk::getFilesFromDirectoryByExt(const std::basic_string<__wchar_t, std::char_traits<__wchar_t>, std::allocator<__wchar_t>> &, const std::basic_string<__wchar_t, std::char_traits<__wchar_t>, std::allocator<__wchar_t>> &, std::list<std::basic_string<__wchar_t, std::char_traits<__wchar_t>, std::allocator<__wchar_t>>, std::allocator<std::basic_string<__wchar_t, std::char_traits<__wchar_t>, std::allocator<__wchar_t>>>> &)
8320 [15076] TRACE perfrun.sdk <> - EXIT:  void runtool::sdk::getFilesFromDirectoryByExt(const std::basic_string<__wchar_t, std::char_traits<__wchar_t>, std::allocator<__wchar_t>> &, const std::basic_string<__wchar_t, std::char_traits<__wchar_t>, std::allocator<__wchar_t>> &, std::list<std::basic_string<__wchar_t, std::char_traits<__wchar_t>, std::allocator<__wchar_t>>, std::allocator<std::basic_string<__wchar_t, std::char_traits<__wchar_t>, std::allocator<__wchar_t>>>> &)
8321 [15076] DEBUG perfrun.launcher <> - DirectoryInfo: total size of monitored paths is 538195 bytes
8321 [15076] TRACE perfrun.launcher <> - EXIT:  void runtool::DirectoryMonitor::notifyAll()
8321 [15076] TRACE perfrun.launcher <> - EXIT:  void runtool::DeadlineTimer::notify(const boost::system::error_code &)
9321 [15076] TRACE perfrun.launcher <> - ENTER: void runtool::DeadlineTimer::notify(const boost::system::error_code &)
9321 [15076] TRACE perfrun.launcher <> - ENTER: void runtool::DirectoryMonitor::notifyAll()
9321 [15076] TRACE perfrun.sdk <> - ENTER: void runtool::sdk::getFilesFromDirectoryByExt(const std::basic_string<__wchar_t, std::char_traits<__wchar_t>, std::allocator<__wchar_t>> &, const std::basic_string<__wchar_t, std::char_traits<__wchar_t>, std::allocator<__wchar_t>> &, std::list<std::basic_string<__wchar_t, std::char_traits<__wchar_t>, std::allocator<__wchar_t>>, std::allocator<std::basic_string<__wchar_t, std::char_traits<__wchar_t>, std::allocator<__wchar_t>>>> &)
9389 [15076] TRACE perfrun.sdk <> - EXIT:  void runtool::sdk::getFilesFromDirectoryByExt(const std::basic_string<__wchar_t, std::char_traits<__wchar_t>, std::allocator<__wchar_t>> &, const std::basic_string<__wchar_t, std::char_traits<__wchar_t>, std::allocator<__wchar_t>> &, std::list<std::basic_string<__wchar_t, std::char_traits<__wchar_t>, std::allocator<__wchar_t>>, std::allocator<std::basic_string<__wchar_t, std::char_traits<__wchar_t>, std::allocator<__wchar_t>>>> &)
9391 [15076] DEBUG perfrun.launcher <> - DirectoryInfo: total size of monitored paths is 894197 bytes
9391 [15076] TRACE perfrun.launcher <> - EXIT:  void runtool::DirectoryMonitor::notifyAll()
9391 [15076] TRACE perfrun.launcher <> - EXIT:  void runtool::DeadlineTimer::notify(const boost::system::error_code &)
10392 [15076] TRACE perfrun.launcher <> - ENTER: void runtool::DeadlineTimer::notify(const boost::system::error_code &)
10392 [15076] TRACE perfrun.launcher <> - ENTER: void runtool::DirectoryMonitor::notifyAll()
10392 [15076] TRACE perfrun.sdk <> - ENTER: void runtool::sdk::getFilesFromDirectoryByExt(const std::basic_string<__wchar_t, std::char_traits<__wchar_t>, std::allocator<__wchar_t>> &, const std::basic_string<__wchar_t, std::char_traits<__wchar_t>, std::allocator<__wchar_t>> &, std::list<std::basic_string<__wchar_t, std::char_traits<__wchar_t>, std::allocator<__wchar_t>>, std::allocator<std::basic_string<__wchar_t, std::char_traits<__wchar_t>, std::allocator<__wchar_t>>>> &)
10411 [15076] TRACE perfrun.sdk <> - EXIT:  void runtool::sdk::getFilesFromDirectoryByExt(const std::basic_string<__wchar_t, std::char_traits<__wchar_t>, std::allocator<__wchar_t>> &, const std::basic_string<__wchar_t, std::char_traits<__wchar_t>, std::allocator<__wchar_t>> &, std::list<std::basic_string<__wchar_t, std::char_traits<__wchar_t>, std::allocator<__wchar_t>>, std::allocator<std::basic_string<__wchar_t, std::char_traits<__wchar_t>, std::allocator<__wchar_t>>>> &)
10412 [15076] DEBUG perfrun.launcher <> - DirectoryInfo: total size of monitored paths is 1163077 bytes
10413 [15076] TRACE perfrun.launcher <> - EXIT:  void runtool::DirectoryMonitor::notifyAll()
10413 [15076] TRACE perfrun.launcher <> - EXIT:  void runtool::DeadlineTimer::notify(const boost::system::error_code &)
11413 [15076] TRACE perfrun.launcher <> - ENTER: void runtool::DeadlineTimer::notify(const boost::system::error_code &)
11413 [15076] TRACE perfrun.launcher <> - ENTER: void runtool::DirectoryMonitor::notifyAll()
11413 [15076] TRACE perfrun.sdk <> - ENTER: void runtool::sdk::getFilesFromDirectoryByExt(const std::basic_string<__wchar_t, std::char_traits<__wchar_t>, std::allocator<__wchar_t>> &, const std::basic_string<__wchar_t, std::char_traits<__wchar_t>, std::allocator<__wchar_t>> &, std::list<std::basic_string<__wchar_t, std::char_traits<__wchar_t>, std::allocator<__wchar_t>>, std::allocator<std::basic_string<__wchar_t, std::char_traits<__wchar_t>, std::allocator<__wchar_t>>>> &)
11431 [15076] TRACE perfrun.sdk <> - EXIT:  void runtool::sdk::getFilesFromDirectoryByExt(const std::basic_string<__wchar_t, std::char_traits<__wchar_t>, std::allocator<__wchar_t>> &, const std::basic_string<__wchar_t, std::char_traits<__wchar_t>, std::allocator<__wchar_t>> &, std::list<std::basic_string<__wchar_t, std::char_traits<__wchar_t>, std::allocator<__wchar_t>>, std::allocator<std::basic_string<__wchar_t, std::char_traits<__wchar_t>, std::allocator<__wchar_t>>>> &)
11433 [15076] DEBUG perfrun.launcher <> - DirectoryInfo: total size of monitored paths is 1519722 bytes
11433 [15076] TRACE perfrun.launcher <> - EXIT:  void runtool::DirectoryMonitor::notifyAll()
11433 [15076] TRACE perfrun.launcher <> - EXIT:  void runtool::DeadlineTimer::notify(const boost::system::error_code &)
12433 [15076] TRACE perfrun.launcher <> - ENTER: void runtool::DeadlineTimer::notify(const boost::system::error_code &)
12433 [15076] TRACE perfrun.launcher <> - ENTER: void runtool::DirectoryMonitor::notifyAll()
12433 [15076] TRACE perfrun.sdk <> - ENTER: void runtool::sdk::getFilesFromDirectoryByExt(const std::basic_string<__wchar_t, std::char_traits<__wchar_t>, std::allocator<__wchar_t>> &, const std::basic_string<__wchar_t, std::char_traits<__wchar_t>, std::allocator<__wchar_t>> &, std::list<std::basic_string<__wchar_t, std::char_traits<__wchar_t>, std::allocator<__wchar_t>>, std::allocator<std::basic_string<__wchar_t, std::char_traits<__wchar_t>, std::allocator<__wchar_t>>>> &)
12452 [15076] TRACE perfrun.sdk <> - EXIT:  void runtool::sdk::getFilesFromDirectoryByExt(const std::basic_string<__wchar_t, std::char_traits<__wchar_t>, std::allocator<__wchar_t>> &, const std::basic_string<__wchar_t, std::char_traits<__wchar_t>, std::allocator<__wchar_t>> &, std::list<std::basic_string<__wchar_t, std::char_traits<__wchar_t>, std::allocator<__wchar_t>>, std::allocator<std::basic_string<__wchar_t, std::char_traits<__wchar_t>, std::allocator<__wchar_t>>>> &)
12454 [15076] DEBUG perfrun.launcher <> - DirectoryInfo: total size of monitored paths is 1788266 bytes
12454 [15076] TRACE perfrun.launcher <> - EXIT:  void runtool::DirectoryMonitor::notifyAll()
12454 [15076] TRACE perfrun.launcher <> - EXIT:  void runtool::DeadlineTimer::notify(const boost::system::error_code &)
13454 [15076] TRACE perfrun.launcher <> - ENTER: void runtool::DeadlineTimer::notify(const boost::system::error_code &)
13454 [15076] TRACE perfrun.launcher <> - ENTER: void runtool::DirectoryMonitor::notifyAll()
13454 [15076] TRACE perfrun.sdk <> - ENTER: void runtool::sdk::getFilesFromDirectoryByExt(const std::basic_string<__wchar_t, std::char_traits<__wchar_t>, std::allocator<__wchar_t>> &, const std::basic_string<__wchar_t, std::char_traits<__wchar_t>, std::allocator<__wchar_t>> &, std::list<std::basic_string<__wchar_t, std::char_traits<__wchar_t>, std::allocator<__wchar_t>>, std::allocator<std::basic_string<__wchar_t, std::char_traits<__wchar_t>, std::allocator<__wchar_t>>>> &)
13475 [15076] TRACE perfrun.sdk <> - EXIT:  void runtool::sdk::getFilesFromDirectoryByExt(const std::basic_string<__wchar_t, std::char_traits<__wchar_t>, std::allocator<__wchar_t>> &, const std::basic_string<__wchar_t, std::char_traits<__wchar_t>, std::allocator<__wchar_t>> &, std::list<std::basic_string<__wchar_t, std::char_traits<__wchar_t>, std::allocator<__wchar_t>>, std::allocator<std::basic_string<__wchar_t, std::char_traits<__wchar_t>, std::allocator<__wchar_t>>>> &)
13476 [15076] DEBUG perfrun.launcher <> - DirectoryInfo: total size of monitored paths is 2056888 bytes
13476 [15076] TRACE perfrun.launcher <> - EXIT:  void runtool::DirectoryMonitor::notifyAll()
13476 [15076] TRACE perfrun.launcher <> - EXIT:  void runtool::DeadlineTimer::notify(const boost::system::error_code &)
14476 [15076] TRACE perfrun.launcher <> - ENTER: void runtool::DeadlineTimer::notify(const boost::system::error_code &)
14476 [15076] TRACE perfrun.launcher <> - ENTER: void runtool::DirectoryMonitor::notifyAll()
14476 [15076] TRACE perfrun.sdk <> - ENTER: void runtool::sdk::getFilesFromDirectoryByExt(const std::basic_string<__wchar_t, std::char_traits<__wchar_t>, std::allocator<__wchar_t>> &, const std::basic_string<__wchar_t, std::char_traits<__wchar_t>, std::allocator<__wchar_t>> &, std::list<std::basic_string<__wchar_t, std::char_traits<__wchar_t>, std::allocator<__wchar_t>>, std::allocator<std::basic_string<__wchar_t, std::char_traits<__wchar_t>, std::allocator<__wchar_t>>>> &)
14499 [15076] TRACE perfrun.sdk <> - EXIT:  void runtool::sdk::getFilesFromDirectoryByExt(const std::basic_string<__wchar_t, std::char_traits<__wchar_t>, std::allocator<__wchar_t>> &, const std::basic_string<__wchar_t, std::char_traits<__wchar_t>, std::allocator<__wchar_t>> &, std::list<std::basic_string<__wchar_t, std::char_traits<__wchar_t>, std::allocator<__wchar_t>>, std::allocator<std::basic_string<__wchar_t, std::char_traits<__wchar_t>, std::allocator<__wchar_t>>>> &)
14507 [15076] DEBUG perfrun.launcher <> - DirectoryInfo: total size of monitored paths is 2413669 bytes
14507 [15076] TRACE perfrun.launcher <> - EXIT:  void runtool::DirectoryMonitor::notifyAll()
14507 [15076] TRACE perfrun.launcher <> - EXIT:  void runtool::DeadlineTimer::notify(const boost::system::error_code &)
15508 [15076] TRACE perfrun.launcher <> - ENTER: void runtool::DeadlineTimer::notify(const boost::system::error_code &)
15508 [15076] TRACE perfrun.launcher <> - ENTER: void runtool::DirectoryMonitor::notifyAll()
15508 [15076] TRACE perfrun.sdk <> - ENTER: void runtool::sdk::getFilesFromDirectoryByExt(const std::basic_string<__wchar_t, std::char_traits<__wchar_t>, std::allocator<__wchar_t>> &, const std::basic_string<__wchar_t, std::char_traits<__wchar_t>, std::allocator<__wchar_t>> &, std::list<std::basic_string<__wchar_t, std::char_traits<__wchar_t>, std::allocator<__wchar_t>>, std::allocator<std::basic_string<__wchar_t, std::char_traits<__wchar_t>, std::allocator<__wchar_t>>>> &)
15527 [15076] TRACE perfrun.sdk <> - EXIT:  void runtool::sdk::getFilesFromDirectoryByExt(const std::basic_string<__wchar_t, std::char_traits<__wchar_t>, std::allocator<__wchar_t>> &, const std::basic_string<__wchar_t, std::char_traits<__wchar_t>, std::allocator<__wchar_t>> &, std::list<std::basic_string<__wchar_t, std::char_traits<__wchar_t>, std::allocator<__wchar_t>>, std::allocator<std::basic_string<__wchar_t, std::char_traits<__wchar_t>, std::allocator<__wchar_t>>>> &)
15529 [15076] DEBUG perfrun.launcher <> - DirectoryInfo: total size of monitored paths is 2682740 bytes
15529 [15076] TRACE perfrun.launcher <> - EXIT:  void runtool::DirectoryMonitor::notifyAll()
15529 [15076] TRACE perfrun.launcher <> - EXIT:  void runtool::DeadlineTimer::notify(const boost::system::error_code &)
16529 [15076] TRACE perfrun.launcher <> - ENTER: void runtool::DeadlineTimer::notify(const boost::system::error_code &)
16529 [15076] TRACE perfrun.launcher <> - ENTER: void runtool::DirectoryMonitor::notifyAll()
16529 [15076] TRACE perfrun.sdk <> - ENTER: void runtool::sdk::getFilesFromDirectoryByExt(const std::basic_string<__wchar_t, std::char_traits<__wchar_t>, std::allocator<__wchar_t>> &, const std::basic_string<__wchar_t, std::char_traits<__wchar_t>, std::allocator<__wchar_t>> &, std::list<std::basic_string<__wchar_t, std::char_traits<__wchar_t>, std::allocator<__wchar_t>>, std::allocator<std::basic_string<__wchar_t, std::char_traits<__wchar_t>, std::allocator<__wchar_t>>>> &)
16553 [15076] TRACE perfrun.sdk <> - EXIT:  void runtool::sdk::getFilesFromDirectoryByExt(const std::basic_string<__wchar_t, std::char_traits<__wchar_t>, std::allocator<__wchar_t>> &, const std::basic_string<__wchar_t, std::char_traits<__wchar_t>, std::allocator<__wchar_t>> &, std::list<std::basic_string<__wchar_t, std::char_traits<__wchar_t>, std::allocator<__wchar_t>>, std::allocator<std::basic_string<__wchar_t, std::char_traits<__wchar_t>, std::allocator<__wchar_t>>>> &)
16555 [15076] DEBUG perfrun.launcher <> - DirectoryInfo: total size of monitored paths is 2949733 bytes
16555 [15076] TRACE perfrun.launcher <> - EXIT:  void runtool::DirectoryMonitor::notifyAll()
16555 [15076] TRACE perfrun.launcher <> - EXIT:  void runtool::DeadlineTimer::notify(const boost::system::error_code &)
17555 [15076] TRACE perfrun.launcher <> - ENTER: void runtool::DeadlineTimer::notify(const boost::system::error_code &)
17555 [15076] TRACE perfrun.launcher <> - ENTER: void runtool::DirectoryMonitor::notifyAll()
17555 [15076] TRACE perfrun.sdk <> - ENTER: void runtool::sdk::getFilesFromDirectoryByExt(const std::basic_string<__wchar_t, std::char_traits<__wchar_t>, std::allocator<__wchar_t>> &, const std::basic_string<__wchar_t, std::char_traits<__wchar_t>, std::allocator<__wchar_t>> &, std::list<std::basic_string<__wchar_t, std::char_traits<__wchar_t>, std::allocator<__wchar_t>>, std::allocator<std::basic_string<__wchar_t, std::char_traits<__wchar_t>, std::allocator<__wchar_t>>>> &)
17600 [15076] TRACE perfrun.sdk <> - EXIT:  void runtool::sdk::getFilesFromDirectoryByExt(const std::basic_string<__wchar_t, std::char_traits<__wchar_t>, std::allocator<__wchar_t>> &, const std::basic_string<__wchar_t, std::char_traits<__wchar_t>, std::allocator<__wchar_t>> &, std::list<std::basic_string<__wchar_t, std::char_traits<__wchar_t>, std::allocator<__wchar_t>>, std::allocator<std::basic_string<__wchar_t, std::char_traits<__wchar_t>, std::allocator<__wchar_t>>>> &)
17607 [15076] DEBUG perfrun.launcher <> - DirectoryInfo: total size of monitored paths is 3307645 bytes
17608 [15076] TRACE perfrun.launcher <> - EXIT:  void runtool::DirectoryMonitor::notifyAll()
17608 [15076] TRACE perfrun.launcher <> - EXIT:  void runtool::DeadlineTimer::notify(const boost::system::error_code &)
18608 [15076] TRACE perfrun.launcher <> - ENTER: void runtool::DeadlineTimer::notify(const boost::system::error_code &)
18608 [15076] TRACE perfrun.launcher <> - ENTER: void runtool::DirectoryMonitor::notifyAll()
18608 [15076] TRACE perfrun.sdk <> - ENTER: void runtool::sdk::getFilesFromDirectoryByExt(const std::basic_string<__wchar_t, std::char_traits<__wchar_t>, std::allocator<__wchar_t>> &, const std::basic_string<__wchar_t, std::char_traits<__wchar_t>, std::allocator<__wchar_t>> &, std::list<std::basic_string<__wchar_t, std::char_traits<__wchar_t>, std::allocator<__wchar_t>>, std::allocator<std::basic_string<__wchar_t, std::char_traits<__wchar_t>, std::allocator<__wchar_t>>>> &)
18626 [15076] TRACE perfrun.sdk <> - EXIT:  void runtool::sdk::getFilesFromDirectoryByExt(const std::basic_string<__wchar_t, std::char_traits<__wchar_t>, std::allocator<__wchar_t>> &, const std::basic_string<__wchar_t, std::char_traits<__wchar_t>, std::allocator<__wchar_t>> &, std::list<std::basic_string<__wchar_t, std::char_traits<__wchar_t>, std::allocator<__wchar_t>>, std::allocator<std::basic_string<__wchar_t, std::char_traits<__wchar_t>, std::allocator<__wchar_t>>>> &)
18628 [15076] DEBUG perfrun.launcher <> - DirectoryInfo: total size of monitored paths is 3574889 bytes
18628 [15076] TRACE perfrun.launcher <> - EXIT:  void runtool::DirectoryMonitor::notifyAll()
18628 [15076] TRACE perfrun.launcher <> - EXIT:  void runtool::DeadlineTimer::notify(const boost::system::error_code &)
19628 [15076] TRACE perfrun.launcher <> - ENTER: void runtool::DeadlineTimer::notify(const boost::system::error_code &)
19628 [15076] TRACE perfrun.launcher <> - ENTER: void runtool::DirectoryMonitor::notifyAll()
19628 [15076] TRACE perfrun.sdk <> - ENTER: void runtool::sdk::getFilesFromDirectoryByExt(const std::basic_string<__wchar_t, std::char_traits<__wchar_t>, std::allocator<__wchar_t>> &, const std::basic_string<__wchar_t, std::char_traits<__wchar_t>, std::allocator<__wchar_t>> &, std::list<std::basic_string<__wchar_t, std::char_traits<__wchar_t>, std::allocator<__wchar_t>>, std::allocator<std::basic_string<__wchar_t, std::char_traits<__wchar_t>, std::allocator<__wchar_t>>>> &)
19647 [15076] TRACE perfrun.sdk <> - EXIT:  void runtool::sdk::getFilesFromDirectoryByExt(const std::basic_string<__wchar_t, std::char_traits<__wchar_t>, std::allocator<__wchar_t>> &, const std::basic_string<__wchar_t, std::char_traits<__wchar_t>, std::allocator<__wchar_t>> &, std::list<std::basic_string<__wchar_t, std::char_traits<__wchar_t>, std::allocator<__wchar_t>>, std::allocator<std::basic_string<__wchar_t, std::char_traits<__wchar_t>, std::allocator<__wchar_t>>>> &)
19649 [15076] DEBUG perfrun.launcher <> - DirectoryInfo: total size of monitored paths is 3842650 bytes
19649 [15076] TRACE perfrun.launcher <> - EXIT:  void runtool::DirectoryMonitor::notifyAll()
19649 [15076] TRACE perfrun.launcher <> - EXIT:  void runtool::DeadlineTimer::notify(const boost::system::error_code &)
20649 [15076] TRACE perfrun.launcher <> - ENTER: void runtool::DeadlineTimer::notify(const boost::system::error_code &)
20649 [15076] TRACE perfrun.launcher <> - ENTER: void runtool::DirectoryMonitor::notifyAll()
20649 [15076] TRACE perfrun.sdk <> - ENTER: void runtool::sdk::getFilesFromDirectoryByExt(const std::basic_string<__wchar_t, std::char_traits<__wchar_t>, std::allocator<__wchar_t>> &, const std::basic_string<__wchar_t, std::char_traits<__wchar_t>, std::allocator<__wchar_t>> &, std::list<std::basic_string<__wchar_t, std::char_traits<__wchar_t>, std::allocator<__wchar_t>>, std::allocator<std::basic_string<__wchar_t, std::char_traits<__wchar_t>, std::allocator<__wchar_t>>>> &)
20667 [15076] TRACE perfrun.sdk <> - EXIT:  void runtool::sdk::getFilesFromDirectoryByExt(const std::basic_string<__wchar_t, std::char_traits<__wchar_t>, std::allocator<__wchar_t>> &, const std::basic_string<__wchar_t, std::char_traits<__wchar_t>, std::allocator<__wchar_t>> &, std::list<std::basic_string<__wchar_t, std::char_traits<__wchar_t>, std::allocator<__wchar_t>>, std::allocator<std::basic_string<__wchar_t, std::char_traits<__wchar_t>, std::allocator<__wchar_t>>>> &)
20668 [15076] DEBUG perfrun.launcher <> - DirectoryInfo: total size of monitored paths is 4200463 bytes
20668 [15076] TRACE perfrun.launcher <> - EXIT:  void runtool::DirectoryMonitor::notifyAll()
20668 [15076] TRACE perfrun.launcher <> - EXIT:  void runtool::DeadlineTimer::notify(const boost::system::error_code &)
21225 [13216] TRACE perfrun.launcher <> - EXIT:  int runtool::ProcessCreator::wait()
21225 [13216] INFO perfrun.launcher <> - Launcher: the profiled application was terminated  with exit code = 0
21225 [13216] TRACE perfrun.launcher <> - ENTER: void runtool::Launcher::waitForSlaves(const std::basic_string<__wchar_t, std::char_traits<__wchar_t>, std::allocator<__wchar_t>> &)
21225 [13216] TRACE perfrun.sdk <> - ENTER: void runtool::sdk::getFilesFromDirectoryByExt(const std::basic_string<__wchar_t, std::char_traits<__wchar_t>, std::allocator<__wchar_t>> &, const std::basic_string<__wchar_t, std::char_traits<__wchar_t>, std::allocator<__wchar_t>> &, std::list<std::basic_string<__wchar_t, std::char_traits<__wchar_t>, std::allocator<__wchar_t>>, std::allocator<std::basic_string<__wchar_t, std::char_traits<__wchar_t>, std::allocator<__wchar_t>>>> &)
21233 [13216] TRACE perfrun.sdk <> - EXIT:  void runtool::sdk::getFilesFromDirectoryByExt(const std::basic_string<__wchar_t, std::char_traits<__wchar_t>, std::allocator<__wchar_t>> &, const std::basic_string<__wchar_t, std::char_traits<__wchar_t>, std::allocator<__wchar_t>> &, std::list<std::basic_string<__wchar_t, std::char_traits<__wchar_t>, std::allocator<__wchar_t>>, std::allocator<std::basic_string<__wchar_t, std::char_traits<__wchar_t>, std::allocator<__wchar_t>>>> &)
21233 [13216] TRACE perfrun.launcher <> - EXIT:  void runtool::Launcher::waitForSlaves(const std::basic_string<__wchar_t, std::char_traits<__wchar_t>, std::allocator<__wchar_t>> &)
21233 [13896] TRACE perfrun.system <> - ENTER: void runtool::system::Controller::onEvent(runtool::sdk::collection_state_t)
21234 [13896] TRACE perfrun.system <> - EXIT:  void runtool::system::Controller::onEvent(runtool::sdk::collection_state_t)
21234 [13896] TRACE perfrun.system <> - ENTER: bool runtool::system::Controller::stop()
21262 [13896] TRACE perfrun.system <> - EXIT:  bool runtool::system::Controller::stop()
21262 [13896] TRACE perfrun.tpss <> - ENTER: bool runtool::tpss::Controller::stop()
21262 [13896] INFO perfrun.tpss <> - stop tpss controller
21263 [13896] TRACE perfrun.tpss <> - EXIT:  bool runtool::tpss::Controller::stop()
21263 [13896] TRACE perfrun.system <> - ENTER: void runtool::system::Controller::onEvent(runtool::sdk::collection_state_t)
21263 [13896] TRACE perfrun.sdk <> - ENTER: void runtool::sdk::TraceFile::close(boost::system::error_code &)
21263 [13896] INFO perfrun.sdk <> - De-allocating TMU: C:\Users\josh\Desktop\Parallel_Vision_Research\Windows\Vector\Vectorization_Advisor\My Advisor Results - Vectorization_Advisor\e000\hs005\data.0\systemcollector-2100-DESKTOP-B3LU553.sc
21278 [13896] TRACE perfrun.sdk <> - EXIT:  void runtool::sdk::TraceFile::close(boost::system::error_code &)
21278 [13896] INFO perfrun.system <> - closed the system trace file: C:\Users\josh\Desktop\Parallel_Vision_Research\Windows\Vector\Vectorization_Advisor\My Advisor Results - Vectorization_Advisor\e000\hs005\data.0\systemcollector-2100-DESKTOP-B3LU553.sc
21278 [13896] TRACE perfrun.system <> - EXIT:  void runtool::system::Controller::onEvent(runtool::sdk::collection_state_t)
21278 [13216] TRACE perfrun.launcher <> - ENTER: void runtool::ProcessSetMonitor<unsigned int>::stop<>()
21278 [13216] TRACE perfrun.launcher <> - EXIT:  void runtool::ProcessSetMonitor<unsigned int>::stop<>()
21278 [13216] TRACE perfrun.launcher <> - ENTER: void runtool::ProcessCreator::stop()
21278 [13216] TRACE perfrun.launcher <> - EXIT:  void runtool::ProcessCreator::stop()
21278 [13216] INFO perfrun.launcher <> - Launcher: all plugins were stopped.
21278 [13216] TRACE perfrun.launcher <> - ENTER: void runtool::Launcher::resetDurationCallback()
21278 [13216] TRACE perfrun.launcher <> - EXIT:  void runtool::Launcher::resetDurationCallback()
21278 [13216] TRACE perfrun.launcher <> - ENTER: void runtool::Launcher::resetResumeAfterCallback()
21278 [13216] TRACE perfrun.launcher <> - EXIT:  void runtool::Launcher::resetResumeAfterCallback()
21278 [13216] TRACE perfrun.launcher <> - ENTER: void runtool::Launcher::resetHardStopCallbacks()
21279 [13216] INFO perfrun.launcher <> - DeadlineTimer is going to be destroyed
21279 [13216] INFO perfrun.launcher <> - DirectoryMonitor object was destroyed
21279 [13216] TRACE perfrun.launcher <> - EXIT:  void runtool::Launcher::resetHardStopCallbacks()
21279 [13216] WARN perfrun.launcher <> - Stop command is ignored because it is received when collection is already stopped, at file: vcs\perfrun1\launcher\src\command_handler.cpp:209
21279 [13216] TRACE perfrun.launcher <> - ENTER: void runtool::Launcher::shutdownLaunch()
21279 [13216] TRACE perfrun.launcher <> - ENTER: void runtool::Launcher::resetDurationCallback()
21279 [13216] TRACE perfrun.launcher <> - EXIT:  void runtool::Launcher::resetDurationCallback()
21279 [13216] TRACE perfrun.launcher <> - ENTER: void runtool::Launcher::resetResumeAfterCallback()
21279 [13216] TRACE perfrun.launcher <> - EXIT:  void runtool::Launcher::resetResumeAfterCallback()
21279 [13216] TRACE perfrun.launcher <> - ENTER: void runtool::Launcher::resetHardStopCallbacks()
21279 [13216] TRACE perfrun.launcher <> - EXIT:  void runtool::Launcher::resetHardStopCallbacks()
21279 [13216] TRACE perfrun.launcher <> - ENTER: void runtool::RpcServer::stop()
21280 [13216] TRACE perfrun.launcher <> - ENTER: Send RPC request
21280 [13304] TRACE perfrun.launcher <> - ENTER: Receive RPC request
21280 [13304] TRACE perfrun.launcher <> - header of the message was received: size = 8; message =       2a
21280 [13216] TRACE perfrun.launcher <> - header and body of the message was send: header = 22 serialization::archive 10 0 0 8 0 0 0 0; body = 22 serialization::archive 10 0 0 8 0 0 0 0
21280 [13304] TRACE perfrun.launcher <> - body of the message was received: size = 42; message = 22 serialization::archive 10 0 0 8 0 0 0 0
21280 [13216] TRACE perfrun.launcher <> - EXIT:  Send RPC request
21280 [13304] TRACE perfrun.launcher <> - EXIT:  Receive RPC request
21280 [13304] TRACE perfrun.launcher <> - EXIT:  RpcServer: the main loop handles RPC requests  from clients
21281 [13216] TRACE perfrun.launcher <> - EXIT:  void runtool::RpcServer::stop()
21281 [13216] TRACE perfrun.launcher <> - ENTER: void runtool::Launcher::waitForSlaves(const std::basic_string<__wchar_t, std::char_traits<__wchar_t>, std::allocator<__wchar_t>> &)
21281 [13216] TRACE perfrun.sdk <> - ENTER: void runtool::sdk::getFilesFromDirectoryByExt(const std::basic_string<__wchar_t, std::char_traits<__wchar_t>, std::allocator<__wchar_t>> &, const std::basic_string<__wchar_t, std::char_traits<__wchar_t>, std::allocator<__wchar_t>> &, std::list<std::basic_string<__wchar_t, std::char_traits<__wchar_t>, std::allocator<__wchar_t>>, std::allocator<std::basic_string<__wchar_t, std::char_traits<__wchar_t>, std::allocator<__wchar_t>>>> &)
21294 [13216] TRACE perfrun.sdk <> - EXIT:  void runtool::sdk::getFilesFromDirectoryByExt(const std::basic_string<__wchar_t, std::char_traits<__wchar_t>, std::allocator<__wchar_t>> &, const std::basic_string<__wchar_t, std::char_traits<__wchar_t>, std::allocator<__wchar_t>> &, std::list<std::basic_string<__wchar_t, std::char_traits<__wchar_t>, std::allocator<__wchar_t>>, std::allocator<std::basic_string<__wchar_t, std::char_traits<__wchar_t>, std::allocator<__wchar_t>>>> &)
21295 [13216] TRACE perfrun.launcher <> - EXIT:  void runtool::Launcher::waitForSlaves(const std::basic_string<__wchar_t, std::char_traits<__wchar_t>, std::allocator<__wchar_t>> &)
21295 [13216] TRACE perfrun.launcher <> - EXIT:  void runtool::Launcher::shutdownLaunch()
21295 [13216] TRACE perfrun.launcher <> - EXIT:  int runtool::Launcher::doStart()
21295 [13216] TRACE perfrun.launcher <> - IMessenger: send collection state with state = 3
21295 [13216] INFO perfrun.launcher <> - Application exit code: 0
21295 [13216] INFO perfrun.launcher <> - Exit code: 0
21295 [13216] TRACE perfrun.launcher <> - EXIT:  Start the collection
21295 [13216] TRACE perfrun.launcher <> - ENTER: Destroy the launcher...
21295 [13216] TRACE perfrun.launcher <> - EXIT:  Destroy the launcher...
21295 [13216] TRACE perfrun.launcher <> - ENTER: runtool::RpcServer::~RpcServer()
21295 [13216] TRACE perfrun.launcher <> - ENTER: void runtool::RpcServer::stop()
21295 [13216] TRACE perfrun.launcher <> - EXIT:  void runtool::RpcServer::stop()
21295 [13216] TRACE perfrun.launcher <> - EXIT:  runtool::RpcServer::~RpcServer()
21295 [13216] TRACE perfrun.launcher <> - ENTER: runtool::ProcessCreator::~ProcessCreator()
21295 [13216] TRACE perfrun.launcher <> - ENTER: void runtool::ProcessCreator::stop()
21295 [13216] TRACE perfrun.launcher <> - EXIT:  void runtool::ProcessCreator::stop()
21295 [13216] TRACE perfrun.launcher <> - EXIT:  runtool::ProcessCreator::~ProcessCreator()
21295 [13216] TRACE perfrun.launcher <> - PluginManagerProxy::doOperation thread was terminated.
21298 [13216] TRACE perfrun.launcher <> - EXIT:  int wmain(int, __wchar_t **)
