Collection status has changed. 1
Collection has been started.
Peak bandwidth measurement started.
Peak bandwidth measurement finished.
Collection has stopped. Application exit code:  0
Finalizing results
Finalizing the result
Clearing the database
The database has been cleared, elapsed time is 0.302 seconds.
Loading raw data to the database
Loading 'systemcollector-6160-DESKTOP-B3LU553.sc' file
Loading '13472-9572.0.trace' file
Updating precomputed scalar metrics
Raw data has been loaded to the database, elapsed time is 0.083 seconds.
Processing profile metrics and debug information
Data transformations have been finished, elapsed time is 0.000 seconds.
Setting data model parameters
Resolving module symbols
Resolving information for `roofline_demo_samples.exe'
Resolving bottom user stack information
Resolving thread name information
Resolving call target names for dynamic code
Symbol resolution has been finished, elapsed time is 0.138 seconds.
Processing profile metrics and debug information
Deferred data transformations have been finished, elapsed time is 0.015 seconds.
Setting data model parameters
Data model parameters have been set, elapsed time is 0.034 seconds.
Precomputing frequently used data
Precomputing frequently used data
Updating precomputed scalar metrics
Precomputing frequently used data has been finished, elapsed time is 0.391 seconds.
Discarding redundant overtime data
Saving the result
Redundant overtime data has been discarded, elapsed time is 0.013 seconds.
Raw collector data has been discarded, elapsed time is 0.000 seconds.
Finalizing the result took 2.651 seconds.
Preparing data for display of survey call tree
Resolving module symbols
Resolving information for dangling locations
Resolving bottom user stack information
Resolving thread name information
Resolving call target names for dynamic code
Precomputing frequently used data
