113 [17348] TRACE perfrun.launcher <> - ENTER: int wmain(int, __wchar_t **)
129 [17348] TRACE perfrun.launcher <> - ENTER: Start the collection
129 [17348] INFO perfrun.launcher <> - argc = 7; cmdline = C:\Program Files (x86)\IntelSWTools\VTune Amplifier 2018\bin64\amplxe-runss.exe --ui-output-format xml --ui-output-fd 2504 --option-file C:\Users\josh\Desktop\git_temp\Parallel_Vision_Research\Windows\Vector\Vectorization_Advisor\My Amplifier Results - Vectorization_Advisor\r000hs\config\runss.options 
129 [17348] TRACE perfrun.launcher <> - ENTER: Initialize the launcher
183 [17348] INFO perfrun.launcher <> - New signal handler callback was added
183 [17348] TRACE perfrun.launcher <> - ENTER: void runtool::CmdLineParser::declareOptions()
225 [17348] TRACE perfrun.launcher <> - EXIT:  void runtool::CmdLineParser::declareOptions()
225 [17348] TRACE perfrun.system <> - ENTER: runtool::system::IController *runtool::system::IController::create()
226 [17348] TRACE perfrun.system <> - ENTER: runtool::system::Controller::Controller()
226 [17348] TRACE perfrun.system <> - EXIT:  runtool::system::Controller::Controller()
226 [17348] TRACE perfrun.system <> - EXIT:  runtool::system::IController *runtool::system::IController::create()
226 [17348] INFO perfrun.launcher <> - plugin system has been added successfully
226 [17348] TRACE perfrun.itt <> - ENTER: runtool::sdk::IController *runtool::itt::IController::create()
226 [17348] TRACE perfrun.itt <> - ENTER: create itt controller
226 [17348] TRACE perfrun.itt <> - EXIT:  create itt controller
226 [17348] TRACE perfrun.itt <> - EXIT:  runtool::sdk::IController *runtool::itt::IController::create()
226 [17348] INFO perfrun.launcher <> - plugin itt has been added successfully
226 [17348] INFO perfrun.launcher <> - plugin  has been added successfully
226 [17348] TRACE perfrun.gpu <> - ENTER: runtool::gpu::Controller::Controller()
226 [17348] TRACE perfrun.gpu <> - EXIT:  runtool::gpu::Controller::Controller()
226 [17348] INFO perfrun.launcher <> - plugin gpu has been added successfully
226 [17348] TRACE perfrun.etw <> - ENTER: runtool::etw::ControllerBase::ControllerBase()
226 [17348] TRACE perfrun.etw <> - EXIT:  runtool::etw::ControllerBase::ControllerBase()
226 [17348] TRACE perfrun.etw <> - ENTER: runtool::etw::kernel::Controller::Controller()
227 [17348] TRACE perfrun.etw <> - EXIT:  runtool::etw::kernel::Controller::Controller()
227 [17348] INFO perfrun.launcher <> - plugin etw.kernel has been added successfully
227 [17348] TRACE perfrun.etw <> - ENTER: runtool::etw::ControllerBase::ControllerBase()
227 [17348] TRACE perfrun.etw <> - EXIT:  runtool::etw::ControllerBase::ControllerBase()
227 [17348] INFO perfrun.launcher <> - plugin etw.dx has been added successfully
227 [17348] TRACE perfrun.etw <> - ENTER: runtool::etw::ControllerBase::ControllerBase()
227 [17348] TRACE perfrun.etw <> - EXIT:  runtool::etw::ControllerBase::ControllerBase()
227 [17348] TRACE perfrun.etw <> - Administrator privilegies are absent.
227 [17348] INFO perfrun.launcher <> - plugin etw.wsa has been added successfully
227 [17348] INFO perfrun.launcher <> - plugin mrte has been added successfully
227 [17348] TRACE perfrun.emon <> - ENTER: runtool::emon::Controller::Controller()
227 [17348] TRACE perfrun.emon <> - EXIT:  runtool::emon::Controller::Controller()
227 [17348] INFO perfrun.launcher <> - plugin emon has been added successfully
227 [17348] TRACE perfrun.stdsrc <> - ENTER: void runtool::stdsrc::Controller::fillCommandLineOptions()
227 [17348] TRACE perfrun.stdsrc <> - EXIT:  void runtool::stdsrc::Controller::fillCommandLineOptions()
227 [17348] DEBUG perfrun.stdsrc <> - stdsrc controller object has been created
227 [17348] INFO perfrun.launcher <> - plugin stdsrc has been added successfully
227 [17348] DEBUG perfrun.sep <> - SEP controller object has been created
227 [17348] INFO perfrun.launcher <> - plugin sep has been added successfully
227 [17348] DEBUG perfrun.vtsspp <> - VTSS++ controller object has been created
228 [17348] INFO perfrun.launcher <> - plugin vtsspp has been added successfully
228 [17348] INFO perfrun.launcher <> - plugin  has been added successfully
228 [17348] TRACE perfrun.tpss <> - ENTER: runtool::sdk::IController *runtool::tpss::IController::create()
228 [17348] TRACE perfrun.tpss <> - ENTER: create tpss controller
233 [17348] TRACE perfrun.tpss <> - EXIT:  create tpss controller
233 [17348] TRACE perfrun.tpss <> - EXIT:  runtool::sdk::IController *runtool::tpss::IController::create()
233 [17348] INFO perfrun.launcher <> - plugin tpss has been added successfully
233 [17348] DEBUG perfrun.cuscol <> - cuscol controller object has been created
234 [17348] INFO perfrun.launcher <> - plugin cuscol has been added successfully
234 [17348] DEBUG perfrun.exprof <> - exprof controller object has been created
234 [17348] DEBUG perfrun.exprof <> - exprof controller filling command line options
234 [17348] INFO perfrun.launcher <> - plugin exprof has been added successfully
234 [17348] DEBUG perfrun.dpdk <> - dpdk controller object has been created
234 [17348] INFO perfrun.launcher <> - plugin dpdk has been added successfully
234 [17348] INFO perfrun.launcher <> - plugin  has been added successfully
234 [17348] DEBUG perfrun.commcollector <> - comm controller object has been created
234 [17348] INFO perfrun.launcher <> - plugin commcollector has been added successfully
234 [17348] INFO perfrun.launcher <> - plugin  has been added successfully
235 [17348] INFO perfrun.launcher <> - the option was added --interval: Specify an interval of data collection (for example, sampling) in milliseconds.
235 [17348] INFO perfrun.launcher <> - the option was added --follow-child: Profile process with or without children.
235 [17348] INFO perfrun.launcher <> - the option was added --gelding: BADMSG: perfrun1.launcher.plugin_manager::gelding
235 [17348] INFO perfrun.launcher <> - the option was added --time-source: Specify time source for measurement. Possible values: sys - wall clock time; tsc - time stamp counter; ext - time from an external source; auto - auto select accurate time source.
235 [17348] INFO perfrun.launcher <> - the option was added --stack: Enable or disable collection of stacks.
235 [17348] INFO perfrun.launcher <> - the option was added --stack-stitching: Enable or disable the stack stitching algorithm for Intel TBB-based applications.
235 [17348] INFO perfrun.launcher <> - the option was added --type: Specify type of data to be collected. For example, --type cpu:counters,waiting:nostack,io.
236 [17348] INFO perfrun.launcher <> - the option was added --mrte-mode: Specify Java/.NET/other managed runtime collection mode. Possible values: native - collect information only for native code; managed - collect information only for managed code; mixed - collect information for both managed and native code; auto - choose the mode based on binary type.
236 [17348] INFO perfrun.launcher <> - the option was added --mrte-mode-list: List supported Java/.NET/other managed runtime collection modes.
236 [17348] INFO perfrun.launcher <> - the option was added --mrte-type: Specify which managed runtimes to collect. Possible values: java - collect information for Java; dotnet - collect information for .NET; python - collect information for CPython. You can specify several values separated by comma.
236 [17348] INFO perfrun.launcher <> - the option was added --mrte-type-list: List supported Java/.NET/other managed runtime types.
236 [17348] INFO perfrun.launcher <> - the option was added --trace-strategy: Specify how to profile a process tree. <string> can be "<process>:trace:notrace" - profile the process but do not profile its children. Shorthand parameters: t - trace, nt - notrace. For example, "vtunedemo.exe:t:t".
236 [17348] INFO perfrun.launcher <> - the option was added --collector: BADMSG: perfrun1.launcher.plugin_manager::collector
236 [17348] INFO perfrun.launcher <> - the option was added --system-wide: Enable system-wide profiling. This mode may require additional permissions.
236 [17348] INFO perfrun.launcher <> - the option was added --kvm-guest: Enable KVM guest OS profiling.
236 [17348] INFO perfrun.launcher <> - the option was added --kvm-guest-kallsyms: Specify a local path to the /proc/kallsyms file copied from the guest OS for proper symbol resolution.
236 [17348] INFO perfrun.launcher <> - the option was added --kvm-guest-modules: Specify a local path to the /proc/modules file copied from the guest OS for proper symbol resolution.
236 [17348] INFO perfrun.launcher <> - the option was added --bandwidth-limits: Measure bandwidth limits
237 [17348] INFO perfrun.launcher <> - the option was added --bandwidth-strategy: Bandwidth limits determination specific properties (example: --bandwidth-strategy array-size=0,duration=500).
237 [17348] INFO perfrun.launcher <> - the option was added --bandwidth-config: List of benchmarks to run.
237 [17348] INFO perfrun.launcher <> - the option was added --system-collector-config: Specify subcollectors. Possible values: all, vdso, container, device-info, none.
237 [17348] INFO perfrun.launcher <> - the option was added --itt-config: Specify a sub-set of ITT API to collect.
237 [17348] INFO perfrun.launcher <> - the option was added --itt-debug: Set pseudo-breakpoint at ITT API collector's start to enable the debugger to attach early.
237 [17348] INFO perfrun.launcher <> - the option was added --itt-ring-buffer-multiplier: The size of internal ITT API collector ring buffer, in bytes per second
237 [17348] INFO perfrun.launcher <> - the option was added --gpu-config: Specify types of GPU data to be collected. Possible values: preset1, preset2.
237 [17348] INFO perfrun.launcher <> - the option was added --gpu-debug: Enable self-testing of the GPGPU profiling collector.
237 [17348] INFO perfrun.launcher <> - the option was added --etw-config: Enable advanced collection of GPU data.
237 [17348] INFO perfrun.launcher <> - the option was added --stdsrc-config: Specify Standard Sources category tag(s).
238 [17348] INFO perfrun.launcher <> - the option was added --event-info: BADMSG: perfrun1.stdsrc::event-info
238 [17348] INFO perfrun.launcher <> - the option was added --cpu-list: List supported CPUs.
238 [17348] INFO perfrun.launcher <> - the option was added --target-list: List available targets for performing sampling collection.
238 [17348] INFO perfrun.launcher <> - the option was added --event-value-list: Display event information.
238 [17348] INFO perfrun.launcher <> - the option was added --platform-value-list: Display details of supported platforms.
238 [17348] INFO perfrun.launcher <> - the option was added --uncore-event-list: List uncore events for which a sampling data collection can be performed on this platform.
238 [17348] INFO perfrun.launcher <> - the option was added --modifier-list: Specify the event name <string> for which the modifiers list is requested.
238 [17348] INFO perfrun.launcher <> - the option was added --pmu-list: List supported PMUs.
238 [17348] INFO perfrun.launcher <> - the option was added --os-mode-only: Enable sampling data collection for OS-mode processes only.
238 [17348] INFO perfrun.launcher <> - the option was added --user-mode-only: Enable sampling data collection for user-mode processes only.
238 [17348] INFO perfrun.launcher <> - the option was added --target: Specify target for the sampling data collection. All other command line options are applied to the value specified for this option.
238 [17348] INFO perfrun.launcher <> - the option was added --event-config: Perform data collection for the events with <string> configured using the format <event name1>":modifier1=val:modifier2=val/constraint1={:modifier3=val:modifier4=val}...,"<event name2>":... Specify the events(s) to monitor and embed the event names within double quotes("). [:modifier=val] specifies individual event modifiers along with the respective values for a given platform. Note that the modifiers can be generic to an event as well as specific to a constraint (or an event qualifier). The constraint specific special modifiers appear after [/constraint=]. The modifiers can be in decimal or hexadecimal format. Only specific modifiers accept the value as a string. Each event specification is delimited by a comma (,). For a list of supported modifiers and constraints, refer to the documentation.
238 [17348] INFO perfrun.launcher <> - the option was added --chipset-event-config: BADMSG: perfrun1.sep::chipset-event-config
238 [17348] INFO perfrun.launcher <> - the option was added --uncore-event-config: Perform uncore data collection in ebc count mode for the events with <string> configured using the format "<event name1>"...,"<event name2>":... Specify the events(s) to monitor and embed the event names within double quotes(").
238 [17348] INFO perfrun.launcher <> - the option was added --count: Enable counting mode.
238 [17348] INFO perfrun.launcher <> - the option was added --count-emon: Enable counting mode and output the data in EMON format.
238 [17348] INFO perfrun.launcher <> - the option was added --event-based-counts: Enable event-based counting mode. During sampling data collection, event counts data is collected for the list of events specified in -event-config option.
239 [17348] INFO perfrun.launcher <> - the option was added --event-mux-tfactor: Specify the event multiplexing tfactor as <integer> to set the length of the interval between interrupts. The larger the tfactor value, the larger the period between interrupts. Currently this option is only available on Intel platforms codenamed Knights Corner.
239 [17348] INFO perfrun.launcher <> - the option was added --full-pebs-capture: Capture full pebs information.
239 [17348] INFO perfrun.launcher <> - the option was added --last-branch-records: Capture Last Branch Records information.
239 [17348] INFO perfrun.launcher <> - the option was added --pmu-type: Specify the targeted PMU name as <string>.
239 [17348] INFO perfrun.launcher <> - the option was added --platform-type: Specify the targeted platform number as <number>.
239 [17348] INFO perfrun.launcher <> - the option was added --bts-count: Specify the <integer> number of BTS records collected after each sample or context switch (VTSS++ only).
239 [17348] INFO perfrun.launcher <> - the option was added --cpu-mask: Specify which CPU(s) <string> to collect data on. For example, specify "2-8,10,12-14" to sample only CPUs 2 through 8, 10, and 12 through 14.
239 [17348] INFO perfrun.launcher <> - the option was added --event-mux-alg: Specify the event multiplexing algorithm. Possible values: sequence, timer, trigger.
239 [17348] INFO perfrun.launcher <> - the option was added --event-mux-timeslice: Specify the event multiplexing time slice value as <integer>. The time slice specifies the duration between cycles for each event multiplexing group. The default value is 50 milliseconds. This option is valid only for timer-based event multiplexing. Specify the event multiplexing time slice value as <integer>. The time slice specifies the duration between cycles for each event multiplexing group. The default value is 1 millisecond. This option is valid only for timer-based event multiplexing.
239 [17348] INFO perfrun.launcher <> - the option was added --event-mux-factor: Specify the event multiplexing factor as <integer>. It controls the switching of event multiplexing groups. The default factor is 50. This option is valid only for trigger-based event multiplexing. Specify the event multiplexing factor as <integer>. It controls the switching of event multiplexing groups. The default factor is 1. This option is valid only for trigger-based event multiplexing.
239 [17348] INFO perfrun.launcher <> - the option was added --event-mux-trigger: Specify the name of the trigger event for event multiplexing as <string>. This option is valid only for trigger-based event multiplexing. The default trigger is CPU_CLK_UNHALTED.CORE (or CPU_CLK_UNHALTED.THREAD). BADMSG: perfrun1.vtsspp::event-mux-trigger
239 [17348] INFO perfrun.launcher <> - the option was added --sample-after-multiplier: Specify the sample after multiplier as <double>. This multiplier modifies the sample after value for all the events specified in -event-config option. The values can range from 0.1 to 100.0.
240 [17348] INFO perfrun.launcher <> - the option was added --pwr-config: BADMSG: perfrun1.vtsspp::pwr-config
240 [17348] INFO perfrun.launcher <> - the option was added --sys-config: BADMSG: perfrun1.vtsspp::sys-config
240 [17348] INFO perfrun.launcher <> - the option was added --pt-mode: BADMSG: perfrun1.vtsspp::pt-mode
240 [17348] INFO perfrun.launcher <> - the option was added --stackwalk: Specify stack unwinding method. Possible value: lbr - unwind stacks during collection. Specify stack unwinding method. Possible values: online - unwind stacks during collection; offline - unwind stacks after collection is finished; lbr - enable LBR-based call stack collection. Specify stack unwinding method. Possible values: online - unwind stacks during collection; offline - unwind stacks after collection is finished.
240 [17348] INFO perfrun.launcher <> - the option was added --filter-include: Filter data during collection. Possible values: contended=<on|off> - filter out uncontended events; contended_nostack=<time> - filter out stacks for contended events that take less than <time> microseconds; wait=<time> - ignore transitions and blocks with wait time less than <time> microseconds; wait_nostack=<time> - filter out stacks for waits that take less than <time> microseconds.
240 [17348] INFO perfrun.launcher <> - the option was added --debug-pin: Debug PIN tool and runtime.
240 [17348] INFO perfrun.launcher <> - the option was added --debug-exception: Disallow the application to set own abnormal termination handler.
240 [17348] INFO perfrun.launcher <> - the option was added --trace-type: Specify the trace file granularity. Possible values: per-thread - per-thread trace file generation; per-process - per-process trace file generation.
240 [17348] INFO perfrun.launcher <> - the option was added --instrumentation-type: Specify type of instrumentation.
241 [17348] INFO perfrun.launcher <> - the option was added --guard-pulse-event: Enable handling of PulseEvent API in order not to miss signals made by the API during Hotspots collection.
241 [17348] INFO perfrun.launcher <> - the option was added --memory-strategy: Specify a minimal memory object size to be traced and a hash table size for faster objects search; for example: --memory-strategy obj-size-min=1024,hash-table-size=4096.
241 [17348] INFO perfrun.launcher <> - the option was added --gpu-profiling-config: Specify a type of deep GPU profiling applied for all kernels and a comma-separated list of GPU kernel names and invocations in the following format: profiling_type[@kernel_name[:start_idx:step:stop_idx]], where profiling_type is one of following: none, bblatency, memlatency; kernel_name is the name of GPU kernel; start_idx is the number of the first invocation; and stop_idx is the number of the last invocation to be profiled.
241 [17348] INFO perfrun.launcher <> - the option was added --custom-collector: Allows to provide arbitrary command line to be run on collection steps.
241 [17348] INFO perfrun.launcher <> - the option was added --exprof-com-list: List available COM ports.
241 [17348] INFO perfrun.launcher <> - the option was added --exprof-dvc-list: List available DvC IDs.
241 [17348] INFO perfrun.launcher <> - the option was added --exprof-trace-channel: BADMSG: perfrun1.exprof::exprof-trace-channel
241 [17348] INFO perfrun.launcher <> - the option was added --exprof-event-config: Specify ExactProfiling Event Classes.
241 [17348] INFO perfrun.launcher <> - the option was added --analyze-dpdk: analyze-dpdk
241 [17348] INFO perfrun.launcher <> - the option was added --network-sampling-interval: network-sampling-interval
241 [17348] INFO perfrun.launcher <> - the option was added --dpdk-file-prefix: dpdk-file-prefix
241 [17348] INFO perfrun.launcher <> - the option was added --target-system: BADMSG: perfrun1.launcher.plugin_manager::target-system
242 [17348] TRACE perfrun.launcher <> - Update configuration: tmp directory = C:\Users\josh\AppData\Local\Temp\amplxe-tmp-josh
242 [17348] TRACE perfrun.launcher <> - EXIT:  Initialize the launcher
243 [17348] TRACE perfrun.launcher <> - ENTER: void runtool::CmdLineParser::parseOptionFile(const std::basic_string<__wchar_t, std::char_traits<__wchar_t>, std::allocator<__wchar_t>> &)
266 [17348] TRACE perfrun.launcher <> - EXIT:  void runtool::CmdLineParser::parseOptionFile(const std::basic_string<__wchar_t, std::char_traits<__wchar_t>, std::allocator<__wchar_t>> &)
266 [17348] INFO perfrun.launcher <> - create msngr2::ICliToolContext
266 [17348] TRACE perfrun.launcher <> - ENTER: void runtool::CmdLineParser::validateParseResult() const
266 [17348] TRACE perfrun.launcher <> - EXIT:  void runtool::CmdLineParser::validateParseResult() const
266 [17348] TRACE perfrun.launcher <> - ENTER: void runtool::CmdLineParser::populate(runtool::IConfiguration *) const
266 [17348] TRACE perfrun.launcher <> - Update configuration: action = start
266 [17348] TRACE perfrun.launcher <> - Update configuration: collection type = launcher
266 [17348] TRACE perfrun.launcher <> - Update configuration: compression level = 2
266 [17348] TRACE perfrun.launcher <> - Update configuration: duration = 0 sec
266 [17348] TRACE perfrun.launcher <> - Update configuration: data limit = 524288000 bytes
266 [17348] TRACE perfrun.launcher <> - Update configuration: disc space limit = 0 bytes
266 [17348] TRACE perfrun.launcher <> - Update configuration: return-app-exitcode = false
266 [17348] TRACE perfrun.launcher <> - Update configuration: result directory = C:\Users\josh\Desktop\git_temp\Parallel_Vision_Research\Windows\Vector\Vectorization_Advisor\My Amplifier Results - Vectorization_Advisor\r000hs
266 [17348] TRACE perfrun.launcher <> - Update configuration: application = C:\Users\josh\Desktop\git_temp\Parallel_Vision_Research\Windows\Vector\Debug\Vectorization_Advisor.exe
267 [17348] TRACE perfrun.launcher <> - [IN] option = interval; value = 10 !u32_t
267 [17348] TRACE perfrun.launcher <> - [IN] option = follow-child; value = true !bool
267 [17348] TRACE perfrun.launcher <> - [IN] option = gelding; value = false !bool
267 [17348] TRACE perfrun.launcher <> - [IN] option = time-source; value = auto !ustring
267 [17348] TRACE perfrun.launcher <> - [IN] option = stack; value = true !bool
267 [17348] TRACE perfrun.launcher <> - [IN] option = stack-stitching; value = true !bool
267 [17348] TRACE perfrun.launcher <> - [IN] option = type; value = cpu:counters:nostack !ustring
267 [17348] TRACE perfrun.launcher <> - [IN] option = type; value = cpu:stack !ustring
267 [17348] TRACE perfrun.launcher <> - [IN] option = mrte-mode; value = auto !ustring
267 [17348] TRACE perfrun.launcher <> - [IN] option = mrte-type; value = java !ustring
267 [17348] TRACE perfrun.launcher <> - [IN] option = mrte-type; value = dotnet !ustring
267 [17348] TRACE perfrun.launcher <> - [IN] option = mrte-type; value = python !ustring
267 [17348] TRACE perfrun.launcher <> - [IN] option = collector; value = sep !ustring
267 [17348] TRACE perfrun.launcher <> - [IN] option = system-wide; value = false !bool
267 [17348] TRACE perfrun.launcher <> - [IN] option = kvm-guest; value = false !bool
267 [17348] TRACE perfrun.launcher <> - [IN] option = bandwidth-limits; value = false !bool
267 [17348] TRACE perfrun.launcher <> - [IN] option = system-collector-config; value = all !ustring
267 [17348] TRACE perfrun.launcher <> - [IN] option = itt-config; value = frame !ustring
267 [17348] TRACE perfrun.launcher <> - [IN] option = itt-ring-buffer-multiplier; value = 10485760 !s32_t
267 [17348] TRACE perfrun.launcher <> - [IN] option = pmu-type; value = core !ustring
267 [17348] TRACE perfrun.launcher <> - [IN] option = stackwalk; value = offline !ustring
267 [17348] TRACE perfrun.launcher <> - [IN] option = trace-type; value = per-thread !ustring
267 [17348] TRACE perfrun.launcher <> - [IN] option = instrumentation-type; value = pin !ustring
267 [17348] TRACE perfrun.launcher <> - [IN] option = guard-pulse-event; value = false !bool
267 [17348] TRACE perfrun.launcher <> - [IN] option = gpu-profiling-config; value = none !ustring
267 [17348] TRACE perfrun.launcher <> - EXIT:  void runtool::CmdLineParser::populate(runtool::IConfiguration *) const
267 [17180] TRACE perfrun.tpss <> - ENTER: void runtool::tpss::Controller::setMessageChannel(runtool::sdk::IMessageChannel *)
267 [17180] TRACE perfrun.tpss <> - EXIT:  void runtool::tpss::Controller::setMessageChannel(runtool::sdk::IMessageChannel *)
267 [17348] INFO perfrun.launcher <> - create file finder object
267 [17180] TRACE perfrun.itt <> - ENTER: void runtool::itt::Controller::setRequestHandler(runtool::sdk::IRequestHandler *)
267 [17180] TRACE perfrun.itt <> - EXIT:  void runtool::itt::Controller::setRequestHandler(runtool::sdk::IRequestHandler *)
267 [17180] TRACE perfrun.tpss <> - ENTER: void runtool::tpss::Controller::setRequestHandler(runtool::sdk::IRequestHandler *)
267 [17180] TRACE perfrun.tpss <> - EXIT:  void runtool::tpss::Controller::setRequestHandler(runtool::sdk::IRequestHandler *)
268 [17348] TRACE perfrun.launcher <> - Handle the user request: action = 0
268 [17348] TRACE perfrun.launcher <> - ENTER: int runtool::Launcher::doStart()
268 [17348] TRACE perfrun.launcher <> - ENTER: void runtool::Launcher::prepareLaunch()
268 [17348] TRACE perfrun.launcher <> - ENTER: void runtool::Launcher::prepareResultDirectory()
268 [17348] INFO perfrun.launcher <> - create a result directory: pattern = C:\Users\josh\Desktop\git_temp\Parallel_Vision_Research\Windows\Vector\Vectorization_Advisor\My Amplifier Results - Vectorization_Advisor\r000hs pid = 4294967295
272 [17348] TRACE perfrun.launcher <> - Update configuration: result directory = C:\Users\josh\Desktop\git_temp\Parallel_Vision_Research\Windows\Vector\Vectorization_Advisor\My Amplifier Results - Vectorization_Advisor\r000hs
273 [17348] INFO perfrun.launcher <> - create data directory = C:\Users\josh\Desktop\git_temp\Parallel_Vision_Research\Windows\Vector\Vectorization_Advisor\My Amplifier Results - Vectorization_Advisor\r000hs\data.0
278 [17348] TRACE perfrun.launcher <> - Update configuration: data directory = C:\Users\josh\Desktop\git_temp\Parallel_Vision_Research\Windows\Vector\Vectorization_Advisor\My Amplifier Results - Vectorization_Advisor\r000hs\data.0
278 [17348] TRACE perfrun.launcher <> - EXIT:  void runtool::Launcher::prepareResultDirectory()
290 [17348] TRACE perfrun.launcher <> - IMessenger: send collection state with state = 11
291 [17180] TRACE perfrun.launcher <> - Update configuration: follow child = 1
291 [17180] TRACE perfrun.launcher <> - Update configuration: time source = 0
291 [17180] TRACE perfrun.launcher <> - Update configuration: stack = 1
291 [17180] TRACE perfrun.launcher <> - Update configuration: gelding = 0
291 [17180] TRACE perfrun.launcher <> - Update configuration: stack stitching = 1
291 [17180] TRACE perfrun.system <> - ENTER: int runtool::system::Controller::initialize(runtool::sdk::IConfiguration *)
291 [17180] TRACE perfrun.system <> - ENTER: int runtool::system::TraceWriter::initialize(runtool::sdk::IConfiguration *, runtool::system::TraceWriter::Settings *)
291 [17180] TRACE perfrun.sdk <> - set the compression level: 2
292 [17180] TRACE perfrun.sdk <> - ENTER: runtool::sdk::TraceFile::TraceFile(tpss_tmu_creator *, unsigned int, const std::basic_string<__wchar_t, std::char_traits<__wchar_t>, std::allocator<__wchar_t>> &, bool)
292 [17180] INFO perfrun.sdk <> - Allocating TMU :C:\Users\josh\Desktop\git_temp\Parallel_Vision_Research\Windows\Vector\Vectorization_Advisor\My Amplifier Results - Vectorization_Advisor\r000hs\data.0\systemcollector-16568-DESKTOP-B3LU553.sc
292 [17180] TRACE perfrun.sdk <> - EXIT:  runtool::sdk::TraceFile::TraceFile(tpss_tmu_creator *, unsigned int, const std::basic_string<__wchar_t, std::char_traits<__wchar_t>, std::allocator<__wchar_t>> &, bool)
292 [17180] TRACE perfrun.system <> - EXIT:  int runtool::system::TraceWriter::initialize(runtool::sdk::IConfiguration *, runtool::system::TraceWriter::Settings *)
292 [17180] TRACE perfrun.system <> - EXIT:  int runtool::system::Controller::initialize(runtool::sdk::IConfiguration *)
292 [17180] TRACE perfrun.itt <> - ENTER: int runtool::itt::Controller::initialize(runtool::sdk::IConfiguration *)
296 [17180] TRACE perfrun.itt <> - EXIT:  int runtool::itt::Controller::initialize(runtool::sdk::IConfiguration *)
296 [17180] INFO perfrun.launcher <> - plugin [] was disabled because it doesn't support the given collection type.
296 [17180] TRACE perfrun.gpu <> - ENTER: int runtool::gpu::Controller::initialize(runtool::sdk::IConfiguration *)
296 [17180] TRACE perfrun.gpu <> - EXIT:  int runtool::gpu::Controller::initialize(runtool::sdk::IConfiguration *)
296 [17180] INFO perfrun.launcher <> - plugin [gpu] was disabled because it doesn't support the given collection type.
296 [17180] INFO perfrun.launcher <> - plugin [etw.kernel] was disabled because it doesn't support the given collection type.
296 [17180] TRACE perfrun.etw <> - ENTER: runtool::etw::ControllerBase::~ControllerBase()
296 [17180] TRACE perfrun.etw <> - EXIT:  runtool::etw::ControllerBase::~ControllerBase()
296 [17180] INFO perfrun.launcher <> - plugin [etw.dx] was disabled because it doesn't support the given collection type.
296 [17180] TRACE perfrun.etw <> - ENTER: runtool::etw::ControllerBase::~ControllerBase()
296 [17180] TRACE perfrun.etw <> - EXIT:  runtool::etw::ControllerBase::~ControllerBase()
296 [17180] TRACE perfrun.etw <> - ENTER: int runtool::etw::wsa::Controller::initialize(runtool::sdk::IConfiguration *)
296 [17180] TRACE perfrun.etw <> - Initialize Windows Store App controller
296 [17180] TRACE perfrun.etw <> - Couldn't initialize because the Windows Store                            App ETW providers are not available.
296 [17180] TRACE perfrun.etw <> - EXIT:  int runtool::etw::wsa::Controller::initialize(runtool::sdk::IConfiguration *)
296 [17180] INFO perfrun.launcher <> - plugin [etw.wsa] was disabled because it doesn't support the given collection type.
296 [17180] TRACE perfrun.etw <> - ENTER: runtool::etw::ControllerBase::~ControllerBase()
296 [17180] TRACE perfrun.etw <> - EXIT:  runtool::etw::ControllerBase::~ControllerBase()
296 [17180] TRACE perfrun.mrte <> - ENTER: int runtool::mrte::Controller::initialize(runtool::sdk::IConfiguration *)
296 [17180] TRACE perfrun.mrte <> - EXIT:  int runtool::mrte::Controller::initialize(runtool::sdk::IConfiguration *)
296 [17180] INFO perfrun.launcher <> - plugin [mrte] was disabled because it doesn't support the given collection type.
296 [17180] TRACE perfrun.emon <> - ENTER: int runtool::emon::Controller::initialize(runtool::sdk::IConfiguration *)
296 [17180] TRACE perfrun.emon <> - EXIT:  int runtool::emon::Controller::initialize(runtool::sdk::IConfiguration *)
296 [17180] INFO perfrun.launcher <> - plugin [emon] was disabled because it doesn't support the given collection type.
296 [17180] TRACE perfrun.stdsrc <> - ENTER: int runtool::stdsrc::Controller::initialize(runtool::sdk::IConfiguration *)
296 [17180] TRACE perfrun.stdsrc <> - No request to enable stdsrc events
296 [17180] TRACE perfrun.stdsrc <> - EXIT:  int runtool::stdsrc::Controller::initialize(runtool::sdk::IConfiguration *)
296 [17180] INFO perfrun.launcher <> - plugin [stdsrc] was disabled because it doesn't support the given collection type.
296 [17180] TRACE perfrun.sep <> - ENTER: int runtool::sep::SdkController::initialize(runtool::sdk::IConfiguration *)
296 [17180] DEBUG perfrun.sep <> - not supported parameter in stackwalk: offline
297 [17180] DEBUG perfrun.sep <> - enable event multiplexing
297 [17180] DEBUG perfrun.sep <> - collection isn't enabled
297 [17180] TRACE perfrun.sep <> - EXIT:  int runtool::sep::SdkController::initialize(runtool::sdk::IConfiguration *)
297 [17180] INFO perfrun.launcher <> - plugin [sep] was disabled because it doesn't support the given collection type.
297 [17180] TRACE perfrun.vtsspp <> - ENTER: int runtool::vtsspp::Controller::initialize(runtool::sdk::IConfiguration *)
297 [17180] DEBUG perfrun.vtsspp <> - It's not for VTSS++ collector
297 [17180] TRACE perfrun.vtsspp <> - EXIT:  int runtool::vtsspp::Controller::initialize(runtool::sdk::IConfiguration *)
297 [17180] INFO perfrun.launcher <> - plugin [vtsspp] was disabled because it doesn't support the given collection type.
297 [17180] INFO perfrun.launcher <> - plugin [] was disabled because it doesn't support the given collection type.
297 [17180] TRACE perfrun.tpss <> - ENTER: int runtool::tpss::Controller::initialize(runtool::sdk::IConfiguration *)
297 [17180] INFO perfrun.tpss <> - initialize tpss controller
297 [17180] TRACE perfrun.tpss <> - ENTER: bool runtool::tpss::Controller::configureCollectionMode(const std::basic_string<__wchar_t, std::char_traits<__wchar_t>, std::allocator<__wchar_t>> &)
297 [17180] INFO perfrun.tpss <> - configure collection mode: value = cpu:counters:nostack
297 [17180] TRACE perfrun.tpss <> - EXIT:  bool runtool::tpss::Controller::configureCollectionMode(const std::basic_string<__wchar_t, std::char_traits<__wchar_t>, std::allocator<__wchar_t>> &)
297 [17180] TRACE perfrun.tpss <> - ENTER: bool runtool::tpss::Controller::configureCollectionMode(const std::basic_string<__wchar_t, std::char_traits<__wchar_t>, std::allocator<__wchar_t>> &)
297 [17180] INFO perfrun.tpss <> - configure collection mode: value = cpu:stack
297 [17180] TRACE perfrun.tpss <> - EXIT:  bool runtool::tpss::Controller::configureCollectionMode(const std::basic_string<__wchar_t, std::char_traits<__wchar_t>, std::allocator<__wchar_t>> &)
297 [17180] TRACE perfrun.tpss <> - ENTER: tpss::trace_file_t runtool::tpss::castTraceFileType(const gen_helpers2::variant_t &)
297 [17180] TRACE perfrun.tpss <> - EXIT:  tpss::trace_file_t runtool::tpss::castTraceFileType(const gen_helpers2::variant_t &)
297 [17180] INFO perfrun.tpss <> - default obj-size-min=1024
297 [17180] INFO perfrun.tpss <> - default hash-table-size=0
345 [17180] TRACE perfrun.tpss <> - EXIT:  int runtool::tpss::Controller::initialize(runtool::sdk::IConfiguration *)
345 [17180] TRACE perfrun.cuscol <> - ENTER: int runtool::cuscol::Controller::initialize(runtool::sdk::IConfiguration *)
345 [17180] TRACE perfrun.cuscol <> - No custom collections
345 [17180] TRACE perfrun.cuscol <> - EXIT:  int runtool::cuscol::Controller::initialize(runtool::sdk::IConfiguration *)
345 [17180] INFO perfrun.launcher <> - plugin [cuscol] was disabled because it doesn't support the given collection type.
345 [17180] TRACE perfrun.exprof <> - Missing target system for ExactProfiling
345 [17180] INFO perfrun.launcher <> - plugin [exprof] was disabled because it doesn't support the given collection type.
345 [17180] INFO perfrun.launcher <> - plugin [dpdk] was disabled because it doesn't support the given collection type.
345 [17180] INFO perfrun.launcher <> - plugin [] was disabled because it doesn't support the given collection type.
345 [17180] TRACE perfrun.commcollector <> - ENTER: int runtool::commcollector::Controller::initialize(runtool::sdk::IConfiguration *)
345 [17180] INFO perfrun.commcollector <> - Disabling commcollector because remote-host is not specified
345 [17180] TRACE perfrun.commcollector <> - EXIT:  int runtool::commcollector::Controller::initialize(runtool::sdk::IConfiguration *)
345 [17180] INFO perfrun.launcher <> - plugin [commcollector] was disabled because it doesn't support the given collection type.
345 [17180] INFO perfrun.launcher <> - plugin [] was disabled because it doesn't support the given collection type.
346 [17348] INFO perfrun.launcher <> - set environment variable: PATH = C:\Program Files (x86)\IntelSWTools\VTune Amplifier 2018\bin32\runtime;C:\Program Files (x86)\IntelSWTools\VTune Amplifier 2018\bin64\runtime;C:\Program Files (x86)\IntelSWTools\compilers_and_libraries_2018\windows\redist\ia32\compiler;;C:\Program Files (x86)\IntelSWTools\compilers_and_libraries_2018.1.156\windows\mpi\intel64\bin;C:\Program Files (x86)\Common Files\Intel\Shared Libraries\redist\intel64_win\mpirt;C:\Program Files (x86)\Common Files\Intel\Shared Libraries\redist\ia32_win\mpirt;C:\Program Files (x86)\Common Files\Intel\Shared Libraries\redist\intel64_win\compiler;C:\Program Files (x86)\Common Files\Intel\Shared Libraries\redist\ia32_win\compiler;C:\Windows\system32;C:\Windows;C:\Windows\System32\Wbem;C:\Windows\System32\WindowsPowerShell\v1.0\;C:\Program Files (x86)\NVIDIA Corporation\PhysX\Common;C:\Program Files\Git\cmd;C:\Program Files\Git\mingw64\bin;C:\Program Files\Git\usr\bin;C:\WINDOWS\system32;C:\WINDOWS;C:\WINDOWS\System32\Wbem;C:\WINDOWS\System32\WindowsPowerShell\v1.0\;C:\Program Files\Microsoft SQL Server\130\Tools\Binn\;C:\Program Files\PuTTY\;C:\Program Files\Microsoft SQL Server\120\Tools\Binn\;C:\Program Files\CMake\bin;C:\Users\josh\AppData\Local\Microsoft\WindowsApps;C:\Program Files\Microsoft VS Code\bin
346 [17348] INFO perfrun.launcher <> - set environment variable: INTEL_LIBITTNOTIFY32 = C:\Program Files (x86)\IntelSWTools\VTune Amplifier 2018\bin32\runtime\ittnotify_collector.dll
346 [17348] INFO perfrun.launcher <> - set environment variable: INTEL_LIBITTNOTIFY64 = C:\Program Files (x86)\IntelSWTools\VTune Amplifier 2018\bin64\runtime\ittnotify_collector.dll
346 [17348] INFO perfrun.launcher <> - set environment variable: INTEL_ITTNOTIFY_GROUPS = 
346 [17348] INFO perfrun.launcher <> - set environment variable: INTEL_JIT_PROFILER32 = C:\Program Files (x86)\IntelSWTools\VTune Amplifier 2018\bin32\runtime\ittnotify_collector.dll
346 [17348] INFO perfrun.launcher <> - set environment variable: INTEL_JIT_PROFILER64 = C:\Program Files (x86)\IntelSWTools\VTune Amplifier 2018\bin64\runtime\ittnotify_collector.dll
346 [17348] INFO perfrun.launcher <> - set environment variable: VS_PROFILER = ittnotify_collector.dll
346 [17348] INFO perfrun.launcher <> - set environment variable: ENABLE_JITPROFILING = 1
346 [17348] INFO perfrun.launcher <> - set environment variable: CL_CONFIG_USE_VTUNE = True
347 [17348] INFO perfrun.launcher <> - set environment variable: __OCL_MIC_INTEL_LIBITTNOTIFY64 = /amplxe/results/libittnotify_collector.so
347 [17348] INFO perfrun.launcher <> - set environment variable: __OCL_MIC_INTEL_JIT_PROFILER64 = /amplxe/results/libittnotify_collector.so
347 [17348] INFO perfrun.launcher <> - set environment variable: KMP_FORKJOIN_FRAMES = 0
347 [17348] INFO perfrun.launcher <> - set environment variable: KMP_FORKJOIN_FRAMES_MODE = 0
347 [17348] TRACE perfrun.launcher <> - RpcServer was created for IPC filename = C:\Users\josh\Desktop\git_temp\Parallel_Vision_Research\Windows\Vector\Vectorization_Advisor\My Amplifier Results - Vectorization_Advisor\r000hs\runtool.16568.ipc
347 [17348] TRACE perfrun.launcher <> - RpcServer: setup all handlers at once
347 [17348] TRACE perfrun.launcher <> - RpcServer: setup a handler for ICancelRequest
347 [17348] TRACE perfrun.launcher <> - RpcServer: setup a handler for IPauseRequest
347 [17348] TRACE perfrun.launcher <> - RpcServer: setup a handler for IResumeRequest
347 [17348] TRACE perfrun.launcher <> - RpcServer: setup a handler for IStopRequest
347 [17348] TRACE perfrun.launcher <> - RpcServer: setup a handler for IStatusRequest
347 [17348] TRACE perfrun.launcher <> - RpcServer: setup a handler for IDetachRequest
347 [17348] TRACE perfrun.launcher <> - RpcServer: setup a handler for IMarkRequest
347 [17348] INFO perfrun.launcher <> - RpcServer: run RPC server to handle requests
349 [17348] DEBUG perfrun.launcher <> - RpcServer: wrote information about the RPC server into the IPC file
379 [17348] TRACE perfrun.launcher <> - IMessenger: send collection state with state = 1
379 [17348] TRACE perfrun.launcher <> - EXIT:  void runtool::Launcher::prepareLaunch()
379 [17348] TRACE perfrun.launcher <> - ENTER: bool runtool::IProcessUtil::checkExecutableFile(const std::basic_string<__wchar_t, std::char_traits<__wchar_t>, std::allocator<__wchar_t>> &)
379 [13160] TRACE perfrun.launcher <> - ENTER: RpcServer: the main loop handles RPC requests  from clients
433 [17348] INFO perfrun.launcher <> - IProcessUtil: the given executable 'C:\Users\josh\Desktop\git_temp\Parallel_Vision_Research\Windows\Vector\Debug\Vectorization_Advisor.exe' is valid.
434 [17348] TRACE perfrun.launcher <> - EXIT:  bool runtool::IProcessUtil::checkExecutableFile(const std::basic_string<__wchar_t, std::char_traits<__wchar_t>, std::allocator<__wchar_t>> &)
434 [17348] INFO perfrun.launcher <> - Launcher: command line to start before modification = C:\Users\josh\Desktop\git_temp\Parallel_Vision_Research\Windows\Vector\Debug\Vectorization_Advisor.exe
434 [17180] TRACE perfrun.tpss <> - ENTER: void runtool::tpss::Controller::modifyCommandLine(std::basic_string<__wchar_t, std::char_traits<__wchar_t>, std::allocator<__wchar_t>> &) const
437 [17180] TRACE perfrun.tpss <> - EXIT:  void runtool::tpss::Controller::modifyCommandLine(std::basic_string<__wchar_t, std::char_traits<__wchar_t>, std::allocator<__wchar_t>> &) const
437 [17348] INFO perfrun.launcher <> - Launcher: command line to start after modification = C:\Program Files (x86)\IntelSWTools\VTune Amplifier 2018\bin64\pin.exe -error_file C:\Users\josh\Desktop\git_temp\Parallel_Vision_Research\Windows\Vector\Vectorization_Advisor\My Amplifier Results - Vectorization_Advisor\r000hs\data.0\pinerr.tpsslog -detach_reattach -probe -follow_execv -p32 C:\Program Files (x86)\IntelSWTools\VTune Amplifier 2018\bin32\pin.exe -p64 C:\Program Files (x86)\IntelSWTools\VTune Amplifier 2018\bin64\pin.exe -t64 C:\Program Files (x86)\IntelSWTools\VTune Amplifier 2018\bin64\tpsstool.dll -t C:\Program Files (x86)\IntelSWTools\VTune Amplifier 2018\bin32\tpsstool.dll -server_name tpss_ipc.16568 -prd_dir C:\Program Files (x86)\IntelSWTools\VTune Amplifier 2018 -- C:\Users\josh\Desktop\git_temp\Parallel_Vision_Research\Windows\Vector\Debug\Vectorization_Advisor.exe
437 [17348] INFO perfrun.launcher <> - ProcessCreator object was created
437 [17348] TRACE perfrun.launcher <> - ENTER: unsigned int runtool::ProcessCreator::start(bool)
508 [17348] TRACE perfrun.launcher <> - EXIT:  unsigned int runtool::ProcessCreator::start(bool)
509 [17348] INFO perfrun.launcher <> - Launcher: the process was started in suspend mode
509 [17180] TRACE perfrun.system <> - ENTER: void runtool::system::Controller::onEvent(runtool::sdk::collection_state_t)
509 [17180] TRACE perfrun.system <> - EXIT:  void runtool::system::Controller::onEvent(runtool::sdk::collection_state_t)
509 [17180] TRACE perfrun.system <> - ENTER: bool runtool::system::Controller::start(unsigned int)
530 [17180] TRACE perfrun.system <> - ENTER: bool runtool::system::getVideoAdapters(std::vector<runtool::system::gpu_adapter_t, std::allocator<runtool::system::gpu_adapter_t>> &)
530 [17180] TRACE perfrun.system <> - EXIT:  bool runtool::system::getVideoAdapters(std::vector<runtool::system::gpu_adapter_t, std::allocator<runtool::system::gpu_adapter_t>> &)
530 [17180] TRACE perfrun.system <> - EXIT:  bool runtool::system::Controller::start(unsigned int)
530 [17180] TRACE perfrun.itt <> - ENTER: bool runtool::itt::Controller::start(unsigned int)
530 [17180] INFO perfrun.itt <> - start itt controller for pid #15380
531 [17180] TRACE perfrun.itt <> - EXIT:  bool runtool::itt::Controller::start(unsigned int)
531 [17180] TRACE perfrun.tpss <> - ENTER: bool runtool::tpss::Controller::start(unsigned int)
531 [17180] INFO perfrun.tpss <> - start tpss controller for pid #15380
582 [17180] TRACE perfrun.tpss <> - EXIT:  bool runtool::tpss::Controller::start(unsigned int)
582 [17180] TRACE perfrun.system <> - ENTER: void runtool::system::Controller::onEvent(runtool::sdk::collection_state_t)
582 [17180] TRACE perfrun.system <> - EXIT:  void runtool::system::Controller::onEvent(runtool::sdk::collection_state_t)
582 [17348] INFO perfrun.launcher <> - Launcher: all plugins were started
582 [17348] INFO perfrun.launcher <> - DirectoryMonitor object was created
582 [17348] INFO perfrun.launcher <> - DirectoryMonitor: a callback was added
582 [17348] INFO perfrun.launcher <> - DirectoryMonitor was started with pingTime = 1000
582 [17348] INFO perfrun.launcher <> - DeadlineTimer is going to be constructed
583 [17348] INFO perfrun.launcher <> - DeadlineTimer: a callback was added
591 [17348] TRACE perfrun.launcher <> - ENTER: void runtool::ProcessCreator::resume()
591 [17348] DEBUG perfrun.launcher <> - ProcessCreator: the process with pid = 15380 is resumed
591 [17348] TRACE perfrun.launcher <> - EXIT:  void runtool::ProcessCreator::resume()
591 [17348] INFO perfrun.launcher <> - Launcher: resume the profiled application and  wait its termination or stop command
591 [17348] TRACE perfrun.launcher <> - ENTER: int runtool::ProcessCreator::wait()
1583 [7584] TRACE perfrun.launcher <> - ENTER: void runtool::DeadlineTimer::notify(const boost::system::error_code &)
1583 [7584] TRACE perfrun.launcher <> - ENTER: void runtool::DirectoryMonitor::notifyAll()
1583 [7584] TRACE perfrun.sdk <> - ENTER: void runtool::sdk::getFilesFromDirectoryByExt(const std::basic_string<__wchar_t, std::char_traits<__wchar_t>, std::allocator<__wchar_t>> &, const std::basic_string<__wchar_t, std::char_traits<__wchar_t>, std::allocator<__wchar_t>> &, std::list<std::basic_string<__wchar_t, std::char_traits<__wchar_t>, std::allocator<__wchar_t>>, std::allocator<std::basic_string<__wchar_t, std::char_traits<__wchar_t>, std::allocator<__wchar_t>>>> &)
1602 [7584] TRACE perfrun.sdk <> - EXIT:  void runtool::sdk::getFilesFromDirectoryByExt(const std::basic_string<__wchar_t, std::char_traits<__wchar_t>, std::allocator<__wchar_t>> &, const std::basic_string<__wchar_t, std::char_traits<__wchar_t>, std::allocator<__wchar_t>> &, std::list<std::basic_string<__wchar_t, std::char_traits<__wchar_t>, std::allocator<__wchar_t>>, std::allocator<std::basic_string<__wchar_t, std::char_traits<__wchar_t>, std::allocator<__wchar_t>>>> &)
1603 [7584] DEBUG perfrun.launcher <> - DirectoryInfo: total size of monitored paths is 0 bytes
1603 [7584] TRACE perfrun.launcher <> - EXIT:  void runtool::DirectoryMonitor::notifyAll()
1603 [7584] TRACE perfrun.launcher <> - EXIT:  void runtool::DeadlineTimer::notify(const boost::system::error_code &)
2604 [7584] TRACE perfrun.launcher <> - ENTER: void runtool::DeadlineTimer::notify(const boost::system::error_code &)
2604 [7584] TRACE perfrun.launcher <> - ENTER: void runtool::DirectoryMonitor::notifyAll()
2604 [7584] TRACE perfrun.sdk <> - ENTER: void runtool::sdk::getFilesFromDirectoryByExt(const std::basic_string<__wchar_t, std::char_traits<__wchar_t>, std::allocator<__wchar_t>> &, const std::basic_string<__wchar_t, std::char_traits<__wchar_t>, std::allocator<__wchar_t>> &, std::list<std::basic_string<__wchar_t, std::char_traits<__wchar_t>, std::allocator<__wchar_t>>, std::allocator<std::basic_string<__wchar_t, std::char_traits<__wchar_t>, std::allocator<__wchar_t>>>> &)
2613 [7584] TRACE perfrun.sdk <> - EXIT:  void runtool::sdk::getFilesFromDirectoryByExt(const std::basic_string<__wchar_t, std::char_traits<__wchar_t>, std::allocator<__wchar_t>> &, const std::basic_string<__wchar_t, std::char_traits<__wchar_t>, std::allocator<__wchar_t>> &, std::list<std::basic_string<__wchar_t, std::char_traits<__wchar_t>, std::allocator<__wchar_t>>, std::allocator<std::basic_string<__wchar_t, std::char_traits<__wchar_t>, std::allocator<__wchar_t>>>> &)
2614 [7584] DEBUG perfrun.launcher <> - DirectoryInfo: total size of monitored paths is 0 bytes
2614 [7584] TRACE perfrun.launcher <> - EXIT:  void runtool::DirectoryMonitor::notifyAll()
2614 [7584] TRACE perfrun.launcher <> - EXIT:  void runtool::DeadlineTimer::notify(const boost::system::error_code &)
3614 [7584] TRACE perfrun.launcher <> - ENTER: void runtool::DeadlineTimer::notify(const boost::system::error_code &)
3614 [7584] TRACE perfrun.launcher <> - ENTER: void runtool::DirectoryMonitor::notifyAll()
3614 [7584] TRACE perfrun.sdk <> - ENTER: void runtool::sdk::getFilesFromDirectoryByExt(const std::basic_string<__wchar_t, std::char_traits<__wchar_t>, std::allocator<__wchar_t>> &, const std::basic_string<__wchar_t, std::char_traits<__wchar_t>, std::allocator<__wchar_t>> &, std::list<std::basic_string<__wchar_t, std::char_traits<__wchar_t>, std::allocator<__wchar_t>>, std::allocator<std::basic_string<__wchar_t, std::char_traits<__wchar_t>, std::allocator<__wchar_t>>>> &)
3625 [7584] TRACE perfrun.sdk <> - EXIT:  void runtool::sdk::getFilesFromDirectoryByExt(const std::basic_string<__wchar_t, std::char_traits<__wchar_t>, std::allocator<__wchar_t>> &, const std::basic_string<__wchar_t, std::char_traits<__wchar_t>, std::allocator<__wchar_t>> &, std::list<std::basic_string<__wchar_t, std::char_traits<__wchar_t>, std::allocator<__wchar_t>>, std::allocator<std::basic_string<__wchar_t, std::char_traits<__wchar_t>, std::allocator<__wchar_t>>>> &)
3625 [7584] DEBUG perfrun.launcher <> - DirectoryInfo: total size of monitored paths is 0 bytes
3625 [7584] TRACE perfrun.launcher <> - EXIT:  void runtool::DirectoryMonitor::notifyAll()
3625 [7584] TRACE perfrun.launcher <> - EXIT:  void runtool::DeadlineTimer::notify(const boost::system::error_code &)
4625 [7584] TRACE perfrun.launcher <> - ENTER: void runtool::DeadlineTimer::notify(const boost::system::error_code &)
4625 [7584] TRACE perfrun.launcher <> - ENTER: void runtool::DirectoryMonitor::notifyAll()
4625 [7584] TRACE perfrun.sdk <> - ENTER: void runtool::sdk::getFilesFromDirectoryByExt(const std::basic_string<__wchar_t, std::char_traits<__wchar_t>, std::allocator<__wchar_t>> &, const std::basic_string<__wchar_t, std::char_traits<__wchar_t>, std::allocator<__wchar_t>> &, std::list<std::basic_string<__wchar_t, std::char_traits<__wchar_t>, std::allocator<__wchar_t>>, std::allocator<std::basic_string<__wchar_t, std::char_traits<__wchar_t>, std::allocator<__wchar_t>>>> &)
4635 [7584] TRACE perfrun.sdk <> - EXIT:  void runtool::sdk::getFilesFromDirectoryByExt(const std::basic_string<__wchar_t, std::char_traits<__wchar_t>, std::allocator<__wchar_t>> &, const std::basic_string<__wchar_t, std::char_traits<__wchar_t>, std::allocator<__wchar_t>> &, std::list<std::basic_string<__wchar_t, std::char_traits<__wchar_t>, std::allocator<__wchar_t>>, std::allocator<std::basic_string<__wchar_t, std::char_traits<__wchar_t>, std::allocator<__wchar_t>>>> &)
4635 [7584] DEBUG perfrun.launcher <> - DirectoryInfo: total size of monitored paths is 0 bytes
4635 [7584] TRACE perfrun.launcher <> - EXIT:  void runtool::DirectoryMonitor::notifyAll()
4635 [7584] TRACE perfrun.launcher <> - EXIT:  void runtool::DeadlineTimer::notify(const boost::system::error_code &)
5635 [7584] TRACE perfrun.launcher <> - ENTER: void runtool::DeadlineTimer::notify(const boost::system::error_code &)
5635 [7584] TRACE perfrun.launcher <> - ENTER: void runtool::DirectoryMonitor::notifyAll()
5635 [7584] TRACE perfrun.sdk <> - ENTER: void runtool::sdk::getFilesFromDirectoryByExt(const std::basic_string<__wchar_t, std::char_traits<__wchar_t>, std::allocator<__wchar_t>> &, const std::basic_string<__wchar_t, std::char_traits<__wchar_t>, std::allocator<__wchar_t>> &, std::list<std::basic_string<__wchar_t, std::char_traits<__wchar_t>, std::allocator<__wchar_t>>, std::allocator<std::basic_string<__wchar_t, std::char_traits<__wchar_t>, std::allocator<__wchar_t>>>> &)
5646 [7584] TRACE perfrun.sdk <> - EXIT:  void runtool::sdk::getFilesFromDirectoryByExt(const std::basic_string<__wchar_t, std::char_traits<__wchar_t>, std::allocator<__wchar_t>> &, const std::basic_string<__wchar_t, std::char_traits<__wchar_t>, std::allocator<__wchar_t>> &, std::list<std::basic_string<__wchar_t, std::char_traits<__wchar_t>, std::allocator<__wchar_t>>, std::allocator<std::basic_string<__wchar_t, std::char_traits<__wchar_t>, std::allocator<__wchar_t>>>> &)
5646 [7584] DEBUG perfrun.launcher <> - DirectoryInfo: total size of monitored paths is 0 bytes
5646 [7584] TRACE perfrun.launcher <> - EXIT:  void runtool::DirectoryMonitor::notifyAll()
5646 [7584] TRACE perfrun.launcher <> - EXIT:  void runtool::DeadlineTimer::notify(const boost::system::error_code &)
6647 [7584] TRACE perfrun.launcher <> - ENTER: void runtool::DeadlineTimer::notify(const boost::system::error_code &)
6647 [7584] TRACE perfrun.launcher <> - ENTER: void runtool::DirectoryMonitor::notifyAll()
6647 [7584] TRACE perfrun.sdk <> - ENTER: void runtool::sdk::getFilesFromDirectoryByExt(const std::basic_string<__wchar_t, std::char_traits<__wchar_t>, std::allocator<__wchar_t>> &, const std::basic_string<__wchar_t, std::char_traits<__wchar_t>, std::allocator<__wchar_t>> &, std::list<std::basic_string<__wchar_t, std::char_traits<__wchar_t>, std::allocator<__wchar_t>>, std::allocator<std::basic_string<__wchar_t, std::char_traits<__wchar_t>, std::allocator<__wchar_t>>>> &)
6687 [7584] TRACE perfrun.sdk <> - EXIT:  void runtool::sdk::getFilesFromDirectoryByExt(const std::basic_string<__wchar_t, std::char_traits<__wchar_t>, std::allocator<__wchar_t>> &, const std::basic_string<__wchar_t, std::char_traits<__wchar_t>, std::allocator<__wchar_t>> &, std::list<std::basic_string<__wchar_t, std::char_traits<__wchar_t>, std::allocator<__wchar_t>>, std::allocator<std::basic_string<__wchar_t, std::char_traits<__wchar_t>, std::allocator<__wchar_t>>>> &)
6687 [7584] DEBUG perfrun.launcher <> - DirectoryInfo: total size of monitored paths is 6676 bytes
6687 [7584] TRACE perfrun.launcher <> - EXIT:  void runtool::DirectoryMonitor::notifyAll()
6687 [7584] TRACE perfrun.launcher <> - EXIT:  void runtool::DeadlineTimer::notify(const boost::system::error_code &)
6714 [17348] TRACE perfrun.launcher <> - EXIT:  int runtool::ProcessCreator::wait()
6714 [17348] INFO perfrun.launcher <> - Launcher: the profiled application was terminated  with exit code = 0
6714 [17348] TRACE perfrun.sdk <> - ENTER: void runtool::sdk::getFilesFromDirectoryByExt(const std::basic_string<__wchar_t, std::char_traits<__wchar_t>, std::allocator<__wchar_t>> &, const std::basic_string<__wchar_t, std::char_traits<__wchar_t>, std::allocator<__wchar_t>> &, std::list<std::basic_string<__wchar_t, std::char_traits<__wchar_t>, std::allocator<__wchar_t>>, std::allocator<std::basic_string<__wchar_t, std::char_traits<__wchar_t>, std::allocator<__wchar_t>>>> &)
6724 [17348] TRACE perfrun.sdk <> - EXIT:  void runtool::sdk::getFilesFromDirectoryByExt(const std::basic_string<__wchar_t, std::char_traits<__wchar_t>, std::allocator<__wchar_t>> &, const std::basic_string<__wchar_t, std::char_traits<__wchar_t>, std::allocator<__wchar_t>> &, std::list<std::basic_string<__wchar_t, std::char_traits<__wchar_t>, std::allocator<__wchar_t>>, std::allocator<std::basic_string<__wchar_t, std::char_traits<__wchar_t>, std::allocator<__wchar_t>>>> &)
6767 [17180] TRACE perfrun.system <> - ENTER: void runtool::system::Controller::onEvent(runtool::sdk::collection_state_t)
6777 [17180] TRACE perfrun.system <> - EXIT:  void runtool::system::Controller::onEvent(runtool::sdk::collection_state_t)
6777 [17180] TRACE perfrun.system <> - ENTER: bool runtool::system::Controller::stop()
6812 [17180] TRACE perfrun.system <> - EXIT:  bool runtool::system::Controller::stop()
6812 [17180] TRACE perfrun.itt <> - ENTER: bool runtool::itt::Controller::stop()
6812 [17180] INFO perfrun.itt <> - stop itt controller
6812 [17180] TRACE perfrun.itt <> - ENTER: bool runtool::itt::Controller::detach()
6812 [17180] INFO perfrun.itt <> - detach itt controller
6812 [17180] TRACE perfrun.itt <> - EXIT:  bool runtool::itt::Controller::detach()
6812 [17180] TRACE perfrun.itt <> - EXIT:  bool runtool::itt::Controller::stop()
6812 [17180] TRACE perfrun.tpss <> - ENTER: bool runtool::tpss::Controller::stop()
6812 [17180] INFO perfrun.tpss <> - stop tpss controller
6826 [17180] TRACE perfrun.tpss <> - EXIT:  bool runtool::tpss::Controller::stop()
6827 [17180] TRACE perfrun.system <> - ENTER: void runtool::system::Controller::onEvent(runtool::sdk::collection_state_t)
6827 [17180] TRACE perfrun.sdk <> - ENTER: void runtool::sdk::TraceFile::close(boost::system::error_code &)
6827 [17180] INFO perfrun.sdk <> - De-allocating TMU: C:\Users\josh\Desktop\git_temp\Parallel_Vision_Research\Windows\Vector\Vectorization_Advisor\My Amplifier Results - Vectorization_Advisor\r000hs\data.0\systemcollector-16568-DESKTOP-B3LU553.sc
6851 [17180] TRACE perfrun.sdk <> - EXIT:  void runtool::sdk::TraceFile::close(boost::system::error_code &)
6852 [17180] INFO perfrun.system <> - closed the system trace file: C:\Users\josh\Desktop\git_temp\Parallel_Vision_Research\Windows\Vector\Vectorization_Advisor\My Amplifier Results - Vectorization_Advisor\r000hs\data.0\systemcollector-16568-DESKTOP-B3LU553.sc
6852 [17180] TRACE perfrun.system <> - EXIT:  void runtool::system::Controller::onEvent(runtool::sdk::collection_state_t)
6917 [17348] TRACE perfrun.launcher <> - ENTER: void runtool::ProcessSetMonitor<unsigned int>::stop<>()
6917 [17348] TRACE perfrun.launcher <> - EXIT:  void runtool::ProcessSetMonitor<unsigned int>::stop<>()
6917 [17348] TRACE perfrun.launcher <> - ENTER: void runtool::ProcessCreator::stop()
6917 [17348] TRACE perfrun.launcher <> - EXIT:  void runtool::ProcessCreator::stop()
6917 [17348] INFO perfrun.launcher <> - Launcher: all plugins were stopped.
6917 [17348] INFO perfrun.launcher <> - DeadlineTimer is going to be destroyed
6942 [17348] INFO perfrun.launcher <> - DirectoryMonitor object was destroyed
6957 [17348] WARN perfrun.launcher <> - Stop command is ignored because it is received when collection is already stopped, at file: C:\bb\INNLphep2w6r\b\b\tmplj_pzx\vcs\perfrun1\launcher\src\command_handler.cpp:201
6957 [17348] TRACE perfrun.launcher <> - ENTER: void runtool::Launcher::shutdownLaunch()
6973 [17348] TRACE perfrun.launcher <> - ENTER: Send RPC request
6973 [13160] TRACE perfrun.launcher <> - ENTER: Receive RPC request
6973 [13160] TRACE perfrun.launcher <> - header of the message was received: size = 8; message =       2a
6973 [17348] TRACE perfrun.launcher <> - header and body of the message was send: header = 22 serialization::archive 10 0 0 8 0 0 0 0; body = 22 serialization::archive 10 0 0 8 0 0 0 0
6974 [17348] TRACE perfrun.launcher <> - EXIT:  Send RPC request
6990 [13160] TRACE perfrun.launcher <> - body of the message was received: size = 42; message = 22 serialization::archive 10 0 0 8 0 0 0 0
7025 [13160] TRACE perfrun.launcher <> - EXIT:  Receive RPC request
7025 [13160] TRACE perfrun.launcher <> - EXIT:  RpcServer: the main loop handles RPC requests  from clients
7026 [17348] TRACE perfrun.sdk <> - ENTER: void runtool::sdk::getFilesFromDirectoryByExt(const std::basic_string<__wchar_t, std::char_traits<__wchar_t>, std::allocator<__wchar_t>> &, const std::basic_string<__wchar_t, std::char_traits<__wchar_t>, std::allocator<__wchar_t>> &, std::list<std::basic_string<__wchar_t, std::char_traits<__wchar_t>, std::allocator<__wchar_t>>, std::allocator<std::basic_string<__wchar_t, std::char_traits<__wchar_t>, std::allocator<__wchar_t>>>> &)
7033 [17348] TRACE perfrun.sdk <> - EXIT:  void runtool::sdk::getFilesFromDirectoryByExt(const std::basic_string<__wchar_t, std::char_traits<__wchar_t>, std::allocator<__wchar_t>> &, const std::basic_string<__wchar_t, std::char_traits<__wchar_t>, std::allocator<__wchar_t>> &, std::list<std::basic_string<__wchar_t, std::char_traits<__wchar_t>, std::allocator<__wchar_t>>, std::allocator<std::basic_string<__wchar_t, std::char_traits<__wchar_t>, std::allocator<__wchar_t>>>> &)
7034 [17348] TRACE perfrun.launcher <> - EXIT:  void runtool::Launcher::shutdownLaunch()
7034 [17348] TRACE perfrun.launcher <> - EXIT:  int runtool::Launcher::doStart()
7034 [17348] TRACE perfrun.launcher <> - IMessenger: send collection state with state = 3
7034 [17348] INFO perfrun.launcher <> - Application exit code: 0
7034 [17348] INFO perfrun.launcher <> - Exit code: 0
7034 [17348] TRACE perfrun.launcher <> - EXIT:  Start the collection
7034 [17348] TRACE perfrun.launcher <> - ENTER: Destroy the launcher...
7034 [17348] TRACE perfrun.launcher <> - EXIT:  Destroy the launcher...
7035 [17348] TRACE perfrun.launcher <> - ENTER: runtool::ProcessCreator::~ProcessCreator()
7035 [17348] TRACE perfrun.launcher <> - ENTER: void runtool::ProcessCreator::stop()
7035 [17348] TRACE perfrun.launcher <> - EXIT:  void runtool::ProcessCreator::stop()
7035 [17348] TRACE perfrun.launcher <> - EXIT:  runtool::ProcessCreator::~ProcessCreator()
7035 [17348] TRACE perfrun.launcher <> - PluginManagerProxy::doOperation thread was terminated.
7038 [17348] TRACE perfrun.launcher <> - EXIT:  int wmain(int, __wchar_t **)
