97 [16356] TRACE perfrun.launcher <> - ENTER: int wmain(int, __wchar_t **)
105 [16356] TRACE perfrun.launcher <> - ENTER: Start the collection
105 [16356] INFO perfrun.launcher <> - argc = 6; cmdline = C:\Program Files (x86)\IntelSWTools\VTune Amplifier 2018\bin64\amplxe-runss.exe --ui-output-format xml --ui-output-fd 2572 --context-value-list 
105 [16356] TRACE perfrun.launcher <> - ENTER: Initialize the launcher
135 [16356] INFO perfrun.launcher <> - New signal handler callback was added
135 [16356] TRACE perfrun.launcher <> - ENTER: void runtool::CmdLineParser::declareOptions()
145 [16356] TRACE perfrun.launcher <> - EXIT:  void runtool::CmdLineParser::declareOptions()
145 [16356] TRACE perfrun.system <> - ENTER: runtool::system::IController *runtool::system::IController::create()
146 [16356] TRACE perfrun.system <> - ENTER: runtool::system::Controller::Controller()
146 [16356] TRACE perfrun.system <> - EXIT:  runtool::system::Controller::Controller()
146 [16356] TRACE perfrun.system <> - EXIT:  runtool::system::IController *runtool::system::IController::create()
146 [16356] INFO perfrun.launcher <> - plugin system has been added successfully
146 [16356] TRACE perfrun.itt <> - ENTER: runtool::sdk::IController *runtool::itt::IController::create()
146 [16356] TRACE perfrun.itt <> - ENTER: create itt controller
146 [16356] TRACE perfrun.itt <> - EXIT:  create itt controller
146 [16356] TRACE perfrun.itt <> - EXIT:  runtool::sdk::IController *runtool::itt::IController::create()
146 [16356] INFO perfrun.launcher <> - plugin itt has been added successfully
146 [16356] INFO perfrun.launcher <> - plugin  has been added successfully
146 [16356] TRACE perfrun.gpu <> - ENTER: runtool::gpu::Controller::Controller()
146 [16356] TRACE perfrun.gpu <> - EXIT:  runtool::gpu::Controller::Controller()
146 [16356] INFO perfrun.launcher <> - plugin gpu has been added successfully
146 [16356] TRACE perfrun.etw <> - ENTER: runtool::etw::ControllerBase::ControllerBase()
146 [16356] TRACE perfrun.etw <> - EXIT:  runtool::etw::ControllerBase::ControllerBase()
146 [16356] TRACE perfrun.etw <> - ENTER: runtool::etw::kernel::Controller::Controller()
146 [16356] TRACE perfrun.etw <> - EXIT:  runtool::etw::kernel::Controller::Controller()
146 [16356] INFO perfrun.launcher <> - plugin etw.kernel has been added successfully
146 [16356] TRACE perfrun.etw <> - ENTER: runtool::etw::ControllerBase::ControllerBase()
146 [16356] TRACE perfrun.etw <> - EXIT:  runtool::etw::ControllerBase::ControllerBase()
146 [16356] INFO perfrun.launcher <> - plugin etw.dx has been added successfully
146 [16356] TRACE perfrun.etw <> - ENTER: runtool::etw::ControllerBase::ControllerBase()
146 [16356] TRACE perfrun.etw <> - EXIT:  runtool::etw::ControllerBase::ControllerBase()
146 [16356] TRACE perfrun.etw <> - Administrator privilegies are absent.
146 [16356] INFO perfrun.launcher <> - plugin etw.wsa has been added successfully
146 [16356] INFO perfrun.launcher <> - plugin mrte has been added successfully
146 [16356] TRACE perfrun.emon <> - ENTER: runtool::emon::Controller::Controller()
146 [16356] TRACE perfrun.emon <> - EXIT:  runtool::emon::Controller::Controller()
146 [16356] INFO perfrun.launcher <> - plugin emon has been added successfully
146 [16356] TRACE perfrun.stdsrc <> - ENTER: void runtool::stdsrc::Controller::fillCommandLineOptions()
146 [16356] TRACE perfrun.stdsrc <> - EXIT:  void runtool::stdsrc::Controller::fillCommandLineOptions()
146 [16356] DEBUG perfrun.stdsrc <> - stdsrc controller object has been created
146 [16356] INFO perfrun.launcher <> - plugin stdsrc has been added successfully
147 [16356] DEBUG perfrun.sep <> - SEP controller object has been created
147 [16356] INFO perfrun.launcher <> - plugin sep has been added successfully
147 [16356] DEBUG perfrun.vtsspp <> - VTSS++ controller object has been created
147 [16356] INFO perfrun.launcher <> - plugin vtsspp has been added successfully
147 [16356] INFO perfrun.launcher <> - plugin  has been added successfully
147 [16356] TRACE perfrun.tpss <> - ENTER: runtool::sdk::IController *runtool::tpss::IController::create()
147 [16356] TRACE perfrun.tpss <> - ENTER: create tpss controller
153 [16356] TRACE perfrun.tpss <> - EXIT:  create tpss controller
153 [16356] TRACE perfrun.tpss <> - EXIT:  runtool::sdk::IController *runtool::tpss::IController::create()
153 [16356] INFO perfrun.launcher <> - plugin tpss has been added successfully
153 [16356] DEBUG perfrun.cuscol <> - cuscol controller object has been created
153 [16356] INFO perfrun.launcher <> - plugin cuscol has been added successfully
153 [16356] DEBUG perfrun.exprof <> - exprof controller object has been created
153 [16356] DEBUG perfrun.exprof <> - exprof controller filling command line options
153 [16356] INFO perfrun.launcher <> - plugin exprof has been added successfully
153 [16356] DEBUG perfrun.dpdk <> - dpdk controller object has been created
153 [16356] INFO perfrun.launcher <> - plugin dpdk has been added successfully
153 [16356] INFO perfrun.launcher <> - plugin  has been added successfully
153 [16356] DEBUG perfrun.commcollector <> - comm controller object has been created
153 [16356] INFO perfrun.launcher <> - plugin commcollector has been added successfully
153 [16356] INFO perfrun.launcher <> - plugin  has been added successfully
154 [16356] INFO perfrun.launcher <> - the option was added --interval: Specify an interval of data collection (for example, sampling) in milliseconds.
154 [16356] INFO perfrun.launcher <> - the option was added --follow-child: Profile process with or without children.
154 [16356] INFO perfrun.launcher <> - the option was added --gelding: BADMSG: perfrun1.launcher.plugin_manager::gelding
154 [16356] INFO perfrun.launcher <> - the option was added --time-source: Specify time source for measurement. Possible values: sys - wall clock time; tsc - time stamp counter; ext - time from an external source; auto - auto select accurate time source.
155 [16356] INFO perfrun.launcher <> - the option was added --stack: Enable or disable collection of stacks.
155 [16356] INFO perfrun.launcher <> - the option was added --stack-stitching: Enable or disable the stack stitching algorithm for Intel TBB-based applications.
155 [16356] INFO perfrun.launcher <> - the option was added --type: Specify type of data to be collected. For example, --type cpu:counters,waiting:nostack,io.
155 [16356] INFO perfrun.launcher <> - the option was added --mrte-mode: Specify Java/.NET/other managed runtime collection mode. Possible values: native - collect information only for native code; managed - collect information only for managed code; mixed - collect information for both managed and native code; auto - choose the mode based on binary type.
155 [16356] INFO perfrun.launcher <> - the option was added --mrte-mode-list: List supported Java/.NET/other managed runtime collection modes.
155 [16356] INFO perfrun.launcher <> - the option was added --mrte-type: Specify which managed runtimes to collect. Possible values: java - collect information for Java; dotnet - collect information for .NET; python - collect information for CPython. You can specify several values separated by comma.
155 [16356] INFO perfrun.launcher <> - the option was added --mrte-type-list: List supported Java/.NET/other managed runtime types.
155 [16356] INFO perfrun.launcher <> - the option was added --trace-strategy: Specify how to profile a process tree. <string> can be "<process>:trace:notrace" - profile the process but do not profile its children. Shorthand parameters: t - trace, nt - notrace. For example, "vtunedemo.exe:t:t".
155 [16356] INFO perfrun.launcher <> - the option was added --collector: BADMSG: perfrun1.launcher.plugin_manager::collector
156 [16356] INFO perfrun.launcher <> - the option was added --system-wide: Enable system-wide profiling. This mode may require additional permissions.
156 [16356] INFO perfrun.launcher <> - the option was added --kvm-guest: Enable KVM guest OS profiling.
156 [16356] INFO perfrun.launcher <> - the option was added --kvm-guest-kallsyms: Specify a local path to the /proc/kallsyms file copied from the guest OS for proper symbol resolution.
156 [16356] INFO perfrun.launcher <> - the option was added --kvm-guest-modules: Specify a local path to the /proc/modules file copied from the guest OS for proper symbol resolution.
156 [16356] INFO perfrun.launcher <> - the option was added --bandwidth-limits: Measure bandwidth limits
156 [16356] INFO perfrun.launcher <> - the option was added --bandwidth-strategy: Bandwidth limits determination specific properties (example: --bandwidth-strategy array-size=0,duration=500).
156 [16356] INFO perfrun.launcher <> - the option was added --bandwidth-config: List of benchmarks to run.
156 [16356] INFO perfrun.launcher <> - the option was added --system-collector-config: Specify subcollectors. Possible values: all, vdso, container, device-info, none.
156 [16356] INFO perfrun.launcher <> - the option was added --itt-config: Specify a sub-set of ITT API to collect.
156 [16356] INFO perfrun.launcher <> - the option was added --itt-debug: Set pseudo-breakpoint at ITT API collector's start to enable the debugger to attach early.
156 [16356] INFO perfrun.launcher <> - the option was added --itt-ring-buffer-multiplier: The size of internal ITT API collector ring buffer, in bytes per second
156 [16356] INFO perfrun.launcher <> - the option was added --gpu-config: Specify types of GPU data to be collected. Possible values: preset1, preset2.
157 [16356] INFO perfrun.launcher <> - the option was added --gpu-debug: Enable self-testing of the GPGPU profiling collector.
157 [16356] INFO perfrun.launcher <> - the option was added --etw-config: Enable advanced collection of GPU data.
157 [16356] INFO perfrun.launcher <> - the option was added --stdsrc-config: Specify Standard Sources category tag(s).
157 [16356] INFO perfrun.launcher <> - the option was added --event-info: BADMSG: perfrun1.stdsrc::event-info
157 [16356] INFO perfrun.launcher <> - the option was added --cpu-list: List supported CPUs.
157 [16356] INFO perfrun.launcher <> - the option was added --target-list: List available targets for performing sampling collection.
158 [16356] INFO perfrun.launcher <> - the option was added --event-value-list: Display event information.
158 [16356] INFO perfrun.launcher <> - the option was added --platform-value-list: Display details of supported platforms.
158 [16356] INFO perfrun.launcher <> - the option was added --uncore-event-list: List uncore events for which a sampling data collection can be performed on this platform.
158 [16356] INFO perfrun.launcher <> - the option was added --modifier-list: Specify the event name <string> for which the modifiers list is requested.
158 [16356] INFO perfrun.launcher <> - the option was added --pmu-list: List supported PMUs.
158 [16356] INFO perfrun.launcher <> - the option was added --os-mode-only: Enable sampling data collection for OS-mode processes only.
158 [16356] INFO perfrun.launcher <> - the option was added --user-mode-only: Enable sampling data collection for user-mode processes only.
158 [16356] INFO perfrun.launcher <> - the option was added --target: Specify target for the sampling data collection. All other command line options are applied to the value specified for this option.
158 [16356] INFO perfrun.launcher <> - the option was added --event-config: Perform data collection for the events with <string> configured using the format <event name1>":modifier1=val:modifier2=val/constraint1={:modifier3=val:modifier4=val}...,"<event name2>":... Specify the events(s) to monitor and embed the event names within double quotes("). [:modifier=val] specifies individual event modifiers along with the respective values for a given platform. Note that the modifiers can be generic to an event as well as specific to a constraint (or an event qualifier). The constraint specific special modifiers appear after [/constraint=]. The modifiers can be in decimal or hexadecimal format. Only specific modifiers accept the value as a string. Each event specification is delimited by a comma (,). For a list of supported modifiers and constraints, refer to the documentation.
158 [16356] INFO perfrun.launcher <> - the option was added --chipset-event-config: BADMSG: perfrun1.sep::chipset-event-config
158 [16356] INFO perfrun.launcher <> - the option was added --uncore-event-config: Perform uncore data collection in ebc count mode for the events with <string> configured using the format "<event name1>"...,"<event name2>":... Specify the events(s) to monitor and embed the event names within double quotes(").
158 [16356] INFO perfrun.launcher <> - the option was added --count: Enable counting mode.
158 [16356] INFO perfrun.launcher <> - the option was added --count-emon: Enable counting mode and output the data in EMON format.
159 [16356] INFO perfrun.launcher <> - the option was added --event-based-counts: Enable event-based counting mode. During sampling data collection, event counts data is collected for the list of events specified in -event-config option.
159 [16356] INFO perfrun.launcher <> - the option was added --event-mux-tfactor: Specify the event multiplexing tfactor as <integer> to set the length of the interval between interrupts. The larger the tfactor value, the larger the period between interrupts. Currently this option is only available on Intel platforms codenamed Knights Corner.
159 [16356] INFO perfrun.launcher <> - the option was added --full-pebs-capture: Capture full pebs information.
159 [16356] INFO perfrun.launcher <> - the option was added --last-branch-records: Capture Last Branch Records information.
159 [16356] INFO perfrun.launcher <> - the option was added --pmu-type: Specify the targeted PMU name as <string>.
159 [16356] INFO perfrun.launcher <> - the option was added --platform-type: Specify the targeted platform number as <number>.
159 [16356] INFO perfrun.launcher <> - the option was added --bts-count: Specify the <integer> number of BTS records collected after each sample or context switch (VTSS++ only).
159 [16356] INFO perfrun.launcher <> - the option was added --cpu-mask: Specify which CPU(s) <string> to collect data on. For example, specify "2-8,10,12-14" to sample only CPUs 2 through 8, 10, and 12 through 14.
159 [16356] INFO perfrun.launcher <> - the option was added --event-mux-alg: Specify the event multiplexing algorithm. Possible values: sequence, timer, trigger.
159 [16356] INFO perfrun.launcher <> - the option was added --event-mux-timeslice: Specify the event multiplexing time slice value as <integer>. The time slice specifies the duration between cycles for each event multiplexing group. The default value is 50 milliseconds. This option is valid only for timer-based event multiplexing. Specify the event multiplexing time slice value as <integer>. The time slice specifies the duration between cycles for each event multiplexing group. The default value is 1 millisecond. This option is valid only for timer-based event multiplexing.
159 [16356] INFO perfrun.launcher <> - the option was added --event-mux-factor: Specify the event multiplexing factor as <integer>. It controls the switching of event multiplexing groups. The default factor is 50. This option is valid only for trigger-based event multiplexing. Specify the event multiplexing factor as <integer>. It controls the switching of event multiplexing groups. The default factor is 1. This option is valid only for trigger-based event multiplexing.
160 [16356] INFO perfrun.launcher <> - the option was added --event-mux-trigger: Specify the name of the trigger event for event multiplexing as <string>. This option is valid only for trigger-based event multiplexing. The default trigger is CPU_CLK_UNHALTED.CORE (or CPU_CLK_UNHALTED.THREAD). BADMSG: perfrun1.vtsspp::event-mux-trigger
160 [16356] INFO perfrun.launcher <> - the option was added --sample-after-multiplier: Specify the sample after multiplier as <double>. This multiplier modifies the sample after value for all the events specified in -event-config option. The values can range from 0.1 to 100.0.
160 [16356] INFO perfrun.launcher <> - the option was added --pwr-config: BADMSG: perfrun1.vtsspp::pwr-config
160 [16356] INFO perfrun.launcher <> - the option was added --sys-config: BADMSG: perfrun1.vtsspp::sys-config
160 [16356] INFO perfrun.launcher <> - the option was added --pt-mode: BADMSG: perfrun1.vtsspp::pt-mode
160 [16356] INFO perfrun.launcher <> - the option was added --stackwalk: Specify stack unwinding method. Possible value: lbr - unwind stacks during collection. Specify stack unwinding method. Possible values: online - unwind stacks during collection; offline - unwind stacks after collection is finished; lbr - enable LBR-based call stack collection. Specify stack unwinding method. Possible values: online - unwind stacks during collection; offline - unwind stacks after collection is finished.
160 [16356] INFO perfrun.launcher <> - the option was added --filter-include: Filter data during collection. Possible values: contended=<on|off> - filter out uncontended events; contended_nostack=<time> - filter out stacks for contended events that take less than <time> microseconds; wait=<time> - ignore transitions and blocks with wait time less than <time> microseconds; wait_nostack=<time> - filter out stacks for waits that take less than <time> microseconds.
160 [16356] INFO perfrun.launcher <> - the option was added --debug-pin: Debug PIN tool and runtime.
160 [16356] INFO perfrun.launcher <> - the option was added --debug-exception: Disallow the application to set own abnormal termination handler.
160 [16356] INFO perfrun.launcher <> - the option was added --trace-type: Specify the trace file granularity. Possible values: per-thread - per-thread trace file generation; per-process - per-process trace file generation.
161 [16356] INFO perfrun.launcher <> - the option was added --instrumentation-type: Specify type of instrumentation.
161 [16356] INFO perfrun.launcher <> - the option was added --guard-pulse-event: Enable handling of PulseEvent API in order not to miss signals made by the API during Hotspots collection.
161 [16356] INFO perfrun.launcher <> - the option was added --memory-strategy: Specify a minimal memory object size to be traced and a hash table size for faster objects search; for example: --memory-strategy obj-size-min=1024,hash-table-size=4096.
161 [16356] INFO perfrun.launcher <> - the option was added --gpu-profiling-config: Specify a type of deep GPU profiling applied for all kernels and a comma-separated list of GPU kernel names and invocations in the following format: profiling_type[@kernel_name[:start_idx:step:stop_idx]], where profiling_type is one of following: none, bblatency, memlatency; kernel_name is the name of GPU kernel; start_idx is the number of the first invocation; and stop_idx is the number of the last invocation to be profiled.
161 [16356] INFO perfrun.launcher <> - the option was added --custom-collector: Allows to provide arbitrary command line to be run on collection steps.
161 [16356] INFO perfrun.launcher <> - the option was added --exprof-com-list: List available COM ports.
161 [16356] INFO perfrun.launcher <> - the option was added --exprof-dvc-list: List available DvC IDs.
161 [16356] INFO perfrun.launcher <> - the option was added --exprof-trace-channel: BADMSG: perfrun1.exprof::exprof-trace-channel
161 [16356] INFO perfrun.launcher <> - the option was added --exprof-event-config: Specify ExactProfiling Event Classes.
161 [16356] INFO perfrun.launcher <> - the option was added --analyze-dpdk: analyze-dpdk
161 [16356] INFO perfrun.launcher <> - the option was added --network-sampling-interval: network-sampling-interval
161 [16356] INFO perfrun.launcher <> - the option was added --dpdk-file-prefix: dpdk-file-prefix
162 [16356] INFO perfrun.launcher <> - the option was added --target-system: BADMSG: perfrun1.launcher.plugin_manager::target-system
162 [16356] TRACE perfrun.launcher <> - Update configuration: tmp directory = C:\Users\josh\AppData\Local\Temp\amplxe-tmp-josh
162 [16356] TRACE perfrun.launcher <> - EXIT:  Initialize the launcher
163 [16356] INFO perfrun.launcher <> - create msngr2::ICliToolContext
163 [16356] TRACE perfrun.launcher <> - ENTER: void runtool::CmdLineParser::validateParseResult() const
163 [16356] TRACE perfrun.launcher <> - EXIT:  void runtool::CmdLineParser::validateParseResult() const
163 [16356] TRACE perfrun.launcher <> - ENTER: void runtool::CmdLineParser::populate(runtool::IConfiguration *) const
163 [16356] TRACE perfrun.launcher <> - Update configuration: action = context value list
163 [16356] TRACE perfrun.launcher <> - Update configuration: collection type = system-wide
163 [16356] TRACE perfrun.launcher <> - Update configuration: compression level = 2
163 [16356] TRACE perfrun.launcher <> - Update configuration: duration = 0 sec
163 [16356] TRACE perfrun.launcher <> - Update configuration: data limit = 0 bytes
163 [16356] TRACE perfrun.launcher <> - Update configuration: disc space limit = 0 bytes
171 [16356] TRACE perfrun.launcher <> - Update configuration: return-app-exitcode = false
177 [16356] TRACE perfrun.launcher <> - Update configuration: result directory = r@@@
177 [16356] TRACE perfrun.launcher <> - [IN] option = follow-child; value = true !bool
177 [16356] TRACE perfrun.launcher <> - [IN] option = gelding; value = false !bool
177 [16356] TRACE perfrun.launcher <> - [IN] option = time-source; value = auto !ustring
177 [16356] TRACE perfrun.launcher <> - [IN] option = stack; value = true !bool
177 [16356] TRACE perfrun.launcher <> - [IN] option = stack-stitching; value = false !bool
177 [16356] TRACE perfrun.launcher <> - [IN] option = mrte-mode; value = native !ustring
177 [16356] TRACE perfrun.launcher <> - [IN] option = collector; value = sep !ustring
177 [16356] TRACE perfrun.launcher <> - [IN] option = system-wide; value = false !bool
177 [16356] TRACE perfrun.launcher <> - [IN] option = kvm-guest; value = false !bool
177 [16356] TRACE perfrun.launcher <> - [IN] option = bandwidth-limits; value = false !bool
177 [16356] TRACE perfrun.launcher <> - [IN] option = system-collector-config; value = all !ustring
177 [16356] TRACE perfrun.launcher <> - [IN] option = itt-ring-buffer-multiplier; value = 10485760 !s32_t
177 [16356] TRACE perfrun.launcher <> - [IN] option = pmu-type; value = core !ustring
177 [16356] TRACE perfrun.launcher <> - [IN] option = trace-type; value = per-thread !ustring
177 [16356] TRACE perfrun.launcher <> - [IN] option = instrumentation-type; value = pin !ustring
177 [16356] TRACE perfrun.launcher <> - [IN] option = guard-pulse-event; value = false !bool
177 [16356] TRACE perfrun.launcher <> - [IN] option = gpu-profiling-config; value = none !ustring
177 [16356] TRACE perfrun.launcher <> - EXIT:  void runtool::CmdLineParser::populate(runtool::IConfiguration *) const
178 [15928] TRACE perfrun.tpss <> - ENTER: void runtool::tpss::Controller::setMessageChannel(runtool::sdk::IMessageChannel *)
178 [15928] TRACE perfrun.tpss <> - EXIT:  void runtool::tpss::Controller::setMessageChannel(runtool::sdk::IMessageChannel *)
178 [16356] INFO perfrun.launcher <> - create file finder object
178 [15928] TRACE perfrun.itt <> - ENTER: void runtool::itt::Controller::setRequestHandler(runtool::sdk::IRequestHandler *)
178 [15928] TRACE perfrun.itt <> - EXIT:  void runtool::itt::Controller::setRequestHandler(runtool::sdk::IRequestHandler *)
178 [15928] TRACE perfrun.tpss <> - ENTER: void runtool::tpss::Controller::setRequestHandler(runtool::sdk::IRequestHandler *)
178 [15928] TRACE perfrun.tpss <> - EXIT:  void runtool::tpss::Controller::setRequestHandler(runtool::sdk::IRequestHandler *)
178 [16356] TRACE perfrun.launcher <> - Handle the user request: action = 12
184 [16356] TRACE perfrun.launcher <> - Do context-value-list action
184 [15928] TRACE perfrun.gpu <> - ENTER: void runtool::gpu::Controller::fillContextValues(const runtool::sdk::IConfiguration *)
184 [15928] TRACE perfrun.gpu <> - ENTER: runtool::gpu::IDriverInterface *runtool::gpu::IDriverInterface::create()
184 [15928] TRACE perfrun.gpu <> - Windows 8 implementation is used
184 [15928] TRACE perfrun.gpu <> - EXIT:  runtool::gpu::IDriverInterface *runtool::gpu::IDriverInterface::create()
184 [15928] TRACE perfrun.gpu <> - ENTER: runtool::gpu::EventConsumerUniversal::EventConsumerUniversal(runtool::gpu::IDriverInterface *)
185 [15928] TRACE perfrun.gpu <> - EXIT:  runtool::gpu::EventConsumerUniversal::EventConsumerUniversal(runtool::gpu::IDriverInterface *)
185 [15928] TRACE perfrun.gpu <> - ENTER: void runtool::gpu::EventConsumerUniversal::initialize()
189 [15928] TRACE perfrun.gpu <> - MD API version is: 1.4.58
189 [15928] TRACE perfrun.gpu <> - Time correlation work-around is not applied.
191 [15928] TRACE perfrun.gpu <> - EXIT:  void runtool::gpu::EventConsumerUniversal::initialize()
191 [15928] TRACE perfrun.gpu <> - ENTER: bool runtool::gpu::EventConsumerUniversal::isPAVPEnabled() const
198 [15928] TRACE perfrun.gpu <> - EXIT:  bool runtool::gpu::EventConsumerUniversal::isPAVPEnabled() const
198 [15928] TRACE perfrun.gpu <> - ENTER: unsigned int runtool::gpu::EventConsumerUniversal::platformIndex() const
198 [15928] TRACE perfrun.gpu <> - EXIT:  unsigned int runtool::gpu::EventConsumerUniversal::platformIndex() const
198 [15928] TRACE perfrun.gpu <> - EXIT:  void runtool::gpu::Controller::fillContextValues(const runtool::sdk::IConfiguration *)
198 [15928] WARN perfrun.etw <> - DMA info packets could be lost! Can't retrieve registry value, at file: C:\bb\INNLphep2w6r\b\b\tmplj_pzx\vcs\perfrun1\plugins\etw\src\dx\controller.cpp:377
198 [15928] DEBUG perfrun.stdsrc <> - stdsrc controller filling context values
198 [15928] TRACE perfrun.sdk <> - ENTER: bool runtool::sdk::runCmd(const std::basic_string<__wchar_t, std::char_traits<__wchar_t>, std::allocator<__wchar_t>> &, std::basic_string<__wchar_t, std::char_traits<__wchar_t>, std::allocator<__wchar_t>> *, bool, const std::basic_string<__wchar_t, std::char_traits<__wchar_t>, std::allocator<__wchar_t>> &)
357 [15928] TRACE perfrun.sdk <> - EXIT:  bool runtool::sdk::runCmd(const std::basic_string<__wchar_t, std::char_traits<__wchar_t>, std::allocator<__wchar_t>> &, std::basic_string<__wchar_t, std::char_traits<__wchar_t>, std::allocator<__wchar_t>> *, bool, const std::basic_string<__wchar_t, std::char_traits<__wchar_t>, std::allocator<__wchar_t>> &)
365 [15928] INFO perfrun.sepdk <> - SEP version is 4.1.0
365 [15928] INFO perfrun.sepdk <> - PAX version is 1.0.2
423 [15928] DEBUG perfrun.exprof <> - exprof controller filling context values
424 [16356] INFO perfrun.launcher <> - Put into the variant bag the context value: name = targetOS; value = Windows
424 [16356] INFO perfrun.launcher <> - Put into the variant bag the context value: name = OS; value = Windows
424 [16356] INFO perfrun.launcher <> - Put into the variant bag the context value: name = OSBitness; value = 64
424 [16356] INFO perfrun.launcher <> - Put into the variant bag the context value: name = isPtraceScopeLimited; value = false
424 [16356] INFO perfrun.launcher <> - Put into the variant bag the context value: name = isTSXAvailable; value = false
424 [16356] INFO perfrun.launcher <> - Put into the variant bag the context value: name = isHTEnabled; value = true
424 [16356] INFO perfrun.launcher <> - Put into the variant bag the context value: name = isFpgaOnBoard; value = false
424 [16356] INFO perfrun.launcher <> - Put into the variant bag the context value: name = isSGXAvailable; value = false
424 [16356] INFO perfrun.launcher <> - Put into the variant bag the context value: name = Hypervisor; value = None
424 [16356] INFO perfrun.launcher <> - Put into the variant bag the context value: name = PerfmonVersion; value = 3
424 [16356] INFO perfrun.launcher <> - Put into the variant bag the context value: name = isPtraceAvailable; value = false
424 [16356] INFO perfrun.launcher <> - Put into the variant bag the context value: name = areGpuHardwareMetricsAvailable; value = true
424 [16356] INFO perfrun.launcher <> - Put into the variant bag the context value: name = isPAVPEnabled; value = true
424 [16356] INFO perfrun.launcher <> - Put into the variant bag the context value: name = gpuPlatformIndex; value = 5
424 [16356] INFO perfrun.launcher <> - Put into the variant bag the context value: name = ETW; value = ACCESS_DENIED
424 [16356] INFO perfrun.launcher <> - Put into the variant bag the context value: name = isGpuBusynessAvailable; value = notAccessible
424 [16356] INFO perfrun.launcher <> - Put into the variant bag the context value: name = isGpuBusynessDetailsAvailable; value = notAccessible
424 [16356] INFO perfrun.launcher <> - Put into the variant bag the context value: name = isGpuWaitAvailable; value = no
424 [16356] INFO perfrun.launcher <> - Put into the variant bag the context value: name = isEtwCLRSupported; value = accessDenied
425 [16356] INFO perfrun.launcher <> - Put into the variant bag the context value: name = isFtraceAvailable; value = 
425 [16356] INFO perfrun.launcher <> - Put into the variant bag the context value: name = isMdfEtwAvailable; value = false
425 [16356] INFO perfrun.launcher <> - Put into the variant bag the context value: name = isCSwitchAvailable; value = yes
425 [16356] INFO perfrun.launcher <> - Put into the variant bag the context value: name = isFunctionTracingAvailable; value = no
425 [16356] INFO perfrun.launcher <> - Put into the variant bag the context value: name = isIowaitTracingAvailable; value = no
425 [16356] INFO perfrun.launcher <> - Put into the variant bag the context value: name = isVSyncAvailable; value = na
425 [16356] INFO perfrun.launcher <> - Put into the variant bag the context value: name = isPAXDriverLoaded; value = true
425 [16356] INFO perfrun.launcher <> - Put into the variant bag the context value: name = isSEPDriverAvailable; value = true
425 [16356] INFO perfrun.launcher <> - Put into the variant bag the context value: name = platformType; value = 88
425 [16356] INFO perfrun.launcher <> - Put into the variant bag the context value: name = CPU_NAME; value = Intel(R) Core(TM) Processor code named Haswell
425 [16356] INFO perfrun.launcher <> - Put into the variant bag the context value: name = PMU; value = haswell
425 [16356] INFO perfrun.launcher <> - Put into the variant bag the context value: name = referenceFrequency; value = 2600000000
426 [16356] INFO perfrun.launcher <> - Put into the variant bag the context value: name = isVTSSPPDriverAvailable; value = true
426 [16356] INFO perfrun.launcher <> - Put into the variant bag the context value: name = isNMIWatchDogTimerRunning; value = false
426 [16356] INFO perfrun.launcher <> - Put into the variant bag the context value: name = LinuxPerfCredentials; value = NotAvailable
426 [16356] INFO perfrun.launcher <> - Put into the variant bag the context value: name = LinuxPerfCapabilities; value = NotAvailable
426 [16356] INFO perfrun.launcher <> - Put into the variant bag the context value: name = LinuxPerfStackCapabilities; value = NotAvailable
426 [16356] INFO perfrun.launcher <> - Put into the variant bag the context value: name = isTPSSAvailable; value = true
426 [16356] INFO perfrun.launcher <> - Put into the variant bag the context value: name = isPytraceAvailable; value = true
426 [16356] INFO perfrun.launcher <> - Put into the variant bag the context value: name = isGENDebugInfoAvailable; value = true
426 [16356] INFO perfrun.launcher <> - Put into the variant bag the context value: name = isGTPinCollectionAvailable; value = ErrorUnsupportedHardware
426 [16356] INFO perfrun.launcher <> - Put into the variant bag the context value: name = isSTTAvailable; value = no
426 [16356] TRACE perfrun.launcher <> - IMessenger: send variant bag
427 [16356] INFO perfrun.launcher <> - Application exit code: 0
427 [16356] INFO perfrun.launcher <> - Exit code: 0
427 [15928] TRACE perfrun.gpu <> - ENTER: runtool::gpu::EventConsumerUniversal::~EventConsumerUniversal()
427 [15928] TRACE perfrun.gpu <> - EXIT:  runtool::gpu::EventConsumerUniversal::~EventConsumerUniversal()
427 [15928] TRACE perfrun.etw <> - ENTER: runtool::etw::ControllerBase::~ControllerBase()
427 [15928] TRACE perfrun.etw <> - EXIT:  runtool::etw::ControllerBase::~ControllerBase()
427 [15928] TRACE perfrun.etw <> - ENTER: runtool::etw::ControllerBase::~ControllerBase()
427 [15928] TRACE perfrun.etw <> - EXIT:  runtool::etw::ControllerBase::~ControllerBase()
427 [15928] TRACE perfrun.etw <> - ENTER: runtool::etw::ControllerBase::~ControllerBase()
427 [15928] TRACE perfrun.etw <> - EXIT:  runtool::etw::ControllerBase::~ControllerBase()
427 [16356] TRACE perfrun.launcher <> - EXIT:  Start the collection
427 [16356] TRACE perfrun.launcher <> - ENTER: Destroy the launcher...
427 [16356] TRACE perfrun.launcher <> - EXIT:  Destroy the launcher...
427 [16356] TRACE perfrun.launcher <> - PluginManagerProxy::doOperation thread was terminated.
428 [16356] TRACE perfrun.launcher <> - EXIT:  int wmain(int, __wchar_t **)
